\BOOKMARK [1][-]{section.1}{\376\377\000A\000s\000t\000r\000a\000z\000i\000o\000n\000e\000\040\000n\000e\000l\000l\000a\000\040\000p\000r\000o\000g\000e\000t\000t\000a\000z\000i\000o\000n\000e}{}% 1
\BOOKMARK [2][-]{subsection.1.1}{\376\377\000A\000s\000t\000r\000a\000z\000i\000o\000n\000e\000\040\000e\000\040\000s\000o\000f\000t\000w\000a\000r\000e}{section.1}% 2
\BOOKMARK [2][-]{subsection.1.2}{\376\377\000A\000s\000t\000r\000a\000z\000i\000o\000n\000e\000\040\000f\000u\000n\000z\000i\000o\000n\000a\000l\000e}{section.1}% 3
\BOOKMARK [2][-]{subsection.1.3}{\376\377\000L\000i\000m\000i\000t\000i\000\040\000d\000e\000l\000l\000'\000a\000s\000t\000r\000a\000z\000i\000o\000n\000e\000\040\000f\000u\000n\000z\000i\000o\000n\000a\000l\000e}{section.1}% 4
\BOOKMARK [2][-]{subsection.1.4}{\376\377\000P\000r\000i\000n\000c\000i\000p\000i\000o\000\040\000d\000e\000l\000l\000'\000a\000s\000t\000r\000a\000z\000i\000o\000n\000e\000\040\000d\000a\000t\000i}{section.1}% 5
\BOOKMARK [2][-]{subsection.1.5}{\376\377\000I\000n\000f\000o\000r\000m\000a\000t\000i\000o\000n\000\040\000H\000i\000d\000i\000n\000g}{section.1}% 6
\BOOKMARK [2][-]{subsection.1.6}{\376\377\000I\000n\000c\000a\000p\000s\000u\000l\000a\000m\000e\000n\000t\000o\000\040\000\050\000e\000n\000c\000a\000p\000s\000u\000l\000a\000t\000i\000o\000n\000\051}{section.1}% 7
\BOOKMARK [2][-]{subsection.1.7}{\376\377\000A\000s\000t\000r\000a\000z\000i\000o\000n\000e\000\040\000d\000a\000t\000i\000\040\000A\000N\000D\000\040\000I\000n\000c\000a\000p\000s\000u\000l\000a\000m\000e\000n\000t\000o}{section.1}% 8
\BOOKMARK [2][-]{subsection.1.8}{\376\377\000A\000s\000t\000r\000a\000z\000i\000o\000n\000e\000\040\000d\000a\000t\000i\000\040\000V\000S\000\040\000A\000s\000t\000r\000a\000z\000i\000o\000n\000e\000\040\000f\000u\000n\000z\000i\000o\000n\000a\000l\000e}{section.1}% 9
\BOOKMARK [2][-]{subsection.1.9}{\376\377\000P\000u\000n\000t\000i\000\040\000d\000i\000\040\000v\000i\000s\000t\000a\000\040\000d\000e\000l\000l\000'\000a\000s\000t\000r\000a\000z\000i\000o\000n\000e}{section.1}% 10
\BOOKMARK [3][-]{subsubsection.1.9.1}{\376\377\000S\000p\000e\000c\000i\000f\000i\000c\000a}{subsection.1.9}% 11
\BOOKMARK [3][-]{subsubsection.1.9.2}{\376\377\000P\000a\000r\000a\000m\000e\000t\000r\000i\000z\000z\000a\000z\000i\000o\000n\000e\000\040\000d\000i\000\040\000u\000n\000'\000a\000s\000t\000r\000a\000z\000i\000o\000n\000e}{subsection.1.9}% 12
\BOOKMARK [2][-]{subsection.1.10}{\376\377\000L\000i\000n\000g\000u\000a\000g\000g\000i\000\040\000d\000i\000\040\000s\000p\000e\000c\000i\000f\000i\000c\000a}{section.1}% 13
\BOOKMARK [3][-]{subsubsection.1.10.1}{\376\377\000S\000p\000e\000c\000i\000f\000i\000c\000h\000e\000\040\000a\000s\000s\000i\000o\000m\000a\000t\000i\000c\000h\000e}{subsection.1.10}% 14
\BOOKMARK [3][-]{subsubsection.1.10.2}{\376\377\000E\000s\000e\000m\000p\000i\000o\000:\000\040\000I\000l\000\040\000d\000a\000t\000o\000\040\000a\000s\000t\000r\000a\000t\000t\000o\000\040\000V\000e\000t\000t\000o\000r\000e}{subsection.1.10}% 15
\BOOKMARK [3][-]{subsubsection.1.10.3}{\376\377\000L\000i\000m\000i\000t\000i\000\040\000d\000e\000l\000l\000e\000\040\000s\000p\000e\000c\000i\000f\000i\000c\000h\000e\000\040\000a\000s\000s\000i\000o\000m\000a\000t\000i\000c\000h\000e}{subsection.1.10}% 16
\BOOKMARK [3][-]{subsubsection.1.10.4}{\376\377\000S\000p\000e\000c\000i\000f\000i\000c\000h\000e\000\040\000A\000l\000g\000e\000b\000r\000i\000c\000h\000e}{subsection.1.10}% 17
\BOOKMARK [2][-]{subsection.1.11}{\376\377\000S\000p\000e\000c\000i\000f\000i\000c\000h\000e\000\040\000A\000l\000g\000e\000b\000r\000i\000c\000h\000e}{section.1}% 18
\BOOKMARK [3][-]{subsubsection.1.11.1}{\376\377\000S\000p\000e\000c\000i\000f\000i\000c\000a\000\040\000a\000l\000g\000e\000b\000r\000i\000c\000a\000\040\000d\000i\000\040\000P\000i\000l\000a}{subsection.1.11}% 19
\BOOKMARK [3][-]{subsubsection.1.11.2}{\376\377\000S\000p\000e\000c\000i\000f\000i\000c\000a\000\040\000a\000l\000g\000e\000b\000r\000i\000c\000a\000\040\000d\000i\000\040\000C\000o\000d\000a}{subsection.1.11}% 20
\BOOKMARK [2][-]{subsection.1.12}{\376\377\000E\000s\000e\000r\000c\000i\000z\000i\000\040\000S\000v\000o\000l\000t\000i}{section.1}% 21
\BOOKMARK [2][-]{subsection.1.13}{\376\377\000E\000s\000e\000r\000c\000i\000z\000i}{section.1}% 22
\BOOKMARK [1][-]{section.2}{\376\377\000A\000s\000t\000r\000a\000z\000i\000o\000n\000e\000\040\000n\000e\000l\000l\000a\000\040\000p\000r\000o\000g\000r\000a\000m\000m\000a\000z\000i\000o\000n\000e}{}% 23
\BOOKMARK [2][-]{subsection.2.1}{\376\377\000I\000n\000t\000r\000o\000d\000u\000z\000i\000o\000n\000e}{section.2}% 24
\BOOKMARK [2][-]{subsection.2.2}{\376\377\000A\000s\000t\000r\000a\000z\000i\000o\000n\000e\000\040\000d\000i\000\040\000f\000u\000n\000z\000i\000o\000n\000e}{section.2}% 25
\BOOKMARK [3][-]{subsubsection.2.2.1}{\376\377\000A\000n\000o\000m\000a\000l\000i\000e\000\040\000d\000i\000\040\000p\000r\000o\000g\000e\000t\000t\000o\000\040\000d\000e\000i\000\040\000l\000i\000n\000g\000u\000a\000g\000g\000i}{subsection.2.2}% 26
\BOOKMARK [3][-]{subsubsection.2.2.2}{\376\377\000R\000i\000e\000p\000i\000l\000o\000g\000o}{subsection.2.2}% 27
\BOOKMARK [2][-]{subsection.2.3}{\376\377\000C\000i\000t\000t\000a\000d\000i\000n\000i\000\040\000d\000i\000\040\000p\000r\000i\000m\000a\000\040\000c\000l\000a\000s\000s\000e}{section.2}% 28
\BOOKMARK [2][-]{subsection.2.4}{\376\377\000A\000s\000t\000r\000a\000z\000i\000o\000n\000e\000\040\000d\000i\000\040\000p\000r\000o\000c\000e\000d\000u\000r\000a}{section.2}% 29
\BOOKMARK [2][-]{subsection.2.5}{\376\377\000A\000s\000t\000r\000a\000z\000i\000o\000n\000e\000\040\000F\000u\000n\000z\000i\000o\000n\000a\000l\000e}{section.2}% 30
\BOOKMARK [2][-]{subsection.2.6}{\376\377\000A\000s\000t\000r\000a\000z\000i\000o\000n\000e\000\040\000d\000i\000\040\000c\000o\000n\000t\000r\000o\000l\000l\000o}{section.2}% 31
\BOOKMARK [2][-]{subsection.2.7}{\376\377\000A\000s\000t\000r\000a\000z\000i\000o\000n\000e\000\040\000d\000i\000\040\000s\000e\000l\000e\000t\000t\000o\000r\000e}{section.2}% 32
\BOOKMARK [2][-]{subsection.2.8}{\376\377\000F\000l\000e\000s\000s\000i\000b\000i\000l\000i\000t\000\340\000\040\000d\000e\000i\000\040\000l\000i\000n\000g\000u\000a\000g\000g\000i}{section.2}% 33
\BOOKMARK [2][-]{subsection.2.9}{\376\377\000T\000e\000c\000n\000i\000c\000h\000e\000\040\000d\000i\000\040\000p\000r\000o\000g\000r\000a\000m\000m\000a\000z\000i\000o\000n\000e\000\040\000a\000\040\000s\000u\000p\000p\000o\000r\000t\000o\000\040\000d\000e\000l\000l\000'\000a\000s\000t\000r\000a\000z\000i\000o\000n\000e\000\040\000d\000a\000t\000i}{section.2}% 34
\BOOKMARK [2][-]{subsection.2.10}{\376\377\000T\000i\000p\000o\000\040\000c\000o\000n\000c\000r\000e\000t\000o\000\040\000e\000\040\000t\000i\000p\000o\000\040\000a\000s\000t\000r\000a\000t\000t\000o}{section.2}% 35
\BOOKMARK [2][-]{subsection.2.11}{\376\377\000A\000s\000t\000r\000a\000z\000i\000o\000n\000e\000\040\000d\000i\000\040\000t\000i\000p\000o}{section.2}% 36
\BOOKMARK [2][-]{subsection.2.12}{\376\377\000P\000a\000c\000k\000a\000g\000e}{section.2}% 37
\BOOKMARK [2][-]{subsection.2.13}{\376\377\000A\000s\000t\000r\000a\000z\000i\000o\000n\000e\000\040\000d\000e\000l\000l\000a\000\040\000d\000i\000c\000h\000i\000a\000r\000a\000z\000i\000o\000n\000e\000\040\000d\000i\000\040\000m\000o\000d\000u\000l\000o}{section.2}% 38
\BOOKMARK [2][-]{subsection.2.14}{\376\377\000T\000i\000p\000i\000\040\000a\000s\000t\000r\000a\000t\000t\000i\000\040\000o\000\040\000c\000l\000a\000s\000s\000i\000?}{section.2}% 39
\BOOKMARK [2][-]{subsection.2.15}{\376\377\000A\000s\000t\000r\000a\000z\000i\000o\000n\000e\000\040\000g\000e\000n\000e\000r\000i\000c\000a}{section.2}% 40
\BOOKMARK [2][-]{subsection.2.16}{\376\377\000E\000s\000e\000r\000c\000i\000z\000i}{section.2}% 41
\BOOKMARK [1][-]{section.3}{\376\377\000P\000a\000r\000a\000d\000i\000g\000m\000a\000\040\000O\000b\000j\000e\000c\000t\000\040\000O\000r\000i\000e\000n\000t\000e\000d}{}% 42
\BOOKMARK [2][-]{subsection.3.1}{\376\377\000O\000g\000g\000e\000t\000t\000i}{section.3}% 43
\BOOKMARK [2][-]{subsection.3.2}{\376\377\000I\000d\000e\000n\000t\000i\000f\000i\000c\000a\000t\000o\000r\000e\000\040\000d\000i\000\040\000o\000g\000g\000e\000t\000t\000o}{section.3}% 44
\BOOKMARK [2][-]{subsection.3.3}{\376\377\000C\000l\000a\000s\000s\000i}{section.3}% 45
\BOOKMARK [2][-]{subsection.3.4}{\376\377\000U\000M\000L}{section.3}% 46
\BOOKMARK [3][-]{subsubsection.3.4.1}{\376\377\000O\000g\000g\000e\000t\000t\000o}{subsection.3.4}% 47
\BOOKMARK [3][-]{subsubsection.3.4.2}{\376\377\000S\000t\000a\000t\000o}{subsection.3.4}% 48
\BOOKMARK [3][-]{subsubsection.3.4.3}{\376\377\000A\000t\000t\000r\000i\000b\000u\000t\000i}{subsection.3.4}% 49
\BOOKMARK [3][-]{subsubsection.3.4.4}{\376\377\000O\000p\000e\000r\000a\000z\000i\000o\000n\000i}{subsection.3.4}% 50
\BOOKMARK [3][-]{subsubsection.3.4.5}{\376\377\000C\000l\000a\000s\000s\000e}{subsection.3.4}% 51
\BOOKMARK [3][-]{subsubsection.3.4.6}{\376\377\000S\000t\000e\000r\000e\000o\000t\000i\000p\000i}{subsection.3.4}% 52
\BOOKMARK [3][-]{subsubsection.3.4.7}{\376\377\000V\000i\000s\000i\000b\000i\000l\000i\000t\000\340}{subsection.3.4}% 53
\BOOKMARK [3][-]{subsubsection.3.4.8}{\376\377\000M\000o\000l\000t\000e\000p\000l\000i\000c\000i\000t\000\340\000\040\000d\000i\000\040\000c\000l\000a\000s\000s\000e}{subsection.3.4}% 54
\BOOKMARK [3][-]{subsubsection.3.4.9}{\376\377\000M\000o\000l\000t\000e\000p\000l\000i\000c\000i\000t\000\340\000\040\000d\000i\000\040\000a\000t\000t\000r\000i\000b\000u\000t\000o}{subsection.3.4}% 55
\BOOKMARK [3][-]{subsubsection.3.4.10}{\376\377\000S\000c\000h\000e\000m\000a\000\040\000d\000i\000\040\000d\000e\000f\000i\000n\000i\000z\000i\000o\000n\000e\000\040\000d\000i\000\040\000u\000n\000\040\000a\000t\000t\000r\000i\000b\000u\000t\000o}{subsection.3.4}% 56
\BOOKMARK [3][-]{subsubsection.3.4.11}{\376\377\000S\000c\000h\000e\000m\000a\000\040\000d\000i\000\040\000d\000e\000f\000i\000n\000i\000z\000i\000o\000n\000e\000\040\000d\000i\000\040\000u\000n\000a\000\040\000o\000p\000e\000r\000a\000z\000i\000o\000n\000e}{subsection.3.4}% 57
\BOOKMARK [3][-]{subsubsection.3.4.12}{\376\377\000C\000l\000a\000s\000s\000i\000\040\000a\000t\000t\000i\000v\000e}{subsection.3.4}% 58
\BOOKMARK [3][-]{subsubsection.3.4.13}{\376\377\000C\000l\000a\000s\000s\000i\000\040\000t\000e\000m\000p\000l\000a\000t\000e}{subsection.3.4}% 59
\BOOKMARK [3][-]{subsubsection.3.4.14}{\376\377\000I\000n\000d\000i\000v\000i\000d\000u\000a\000z\000i\000o\000n\000e\000\040\000d\000e\000l\000l\000e\000\040\000r\000e\000s\000p\000o\000n\000s\000a\000b\000i\000l\000i\000t\000\340}{subsection.3.4}% 60
\BOOKMARK [3][-]{subsubsection.3.4.15}{\376\377\000R\000e\000l\000a\000z\000i\000o\000n\000e\000\040\000I\000n\000s\000t\000a\000n\000c\000e\000-\000o\000f}{subsection.3.4}% 61
\BOOKMARK [2][-]{subsection.3.5}{\376\377\000E\000r\000e\000d\000i\000t\000a\000r\000i\000e\000t\000\340}{section.3}% 62
\BOOKMARK [3][-]{subsubsection.3.5.1}{\376\377\000E\000r\000e\000d\000i\000t\000a\000r\000i\000e\000t\000\340\000\040\000p\000e\000r\000\040\000e\000s\000t\000e\000n\000s\000i\000o\000n\000e\000\040\000\050\000e\000x\000t\000e\000n\000s\000i\000o\000n\000\040\000i\000n\000h\000e\000r\000i\000t\000a\000n\000c\000e\000\051}{subsection.3.5}% 63
\BOOKMARK [3][-]{subsubsection.3.5.2}{\376\377\000E\000r\000e\000d\000i\000t\000a\000r\000i\000e\000t\000\340\000\040\000p\000e\000r\000\040\000v\000a\000r\000i\000a\000z\000i\000o\000n\000e\000\040\000f\000u\000n\000z\000i\000o\000n\000a\000l\000e\000\040\000\050\000f\000u\000n\000c\000t\000i\000o\000n\000a\000l\000\040\000v\000a\000r\000i\000a\000t\000i\000o\000n\000\040\000i\000n\000h\000e\000r\000i\000t\000a\000n\000c\000e\000\051}{subsection.3.5}% 64
\BOOKMARK [3][-]{subsubsection.3.5.3}{\376\377\000P\000r\000i\000n\000c\000i\000p\000i\000o\000\040\000d\000i\000\040\000s\000o\000s\000t\000i\000t\000u\000i\000b\000i\000l\000i\000t\000\340}{subsection.3.5}% 65
\BOOKMARK [3][-]{subsubsection.3.5.4}{\376\377\000E\000r\000e\000d\000i\000t\000a\000r\000i\000e\000t\000\340\000\040\000e\000\040\000r\000e\000l\000a\000z\000i\000o\000n\000e\000\040\000i\000s\000\137\000a}{subsection.3.5}% 66
\BOOKMARK [3][-]{subsubsection.3.5.5}{\376\377\000E\000r\000e\000d\000i\000t\000a\000r\000i\000e\000t\000\340\000\040\000d\000i\000\040\000i\000m\000p\000l\000e\000m\000e\000n\000t\000a\000z\000i\000o\000n\000e\000\040\000\050\000i\000m\000p\000l\000e\000m\000e\000n\000t\000a\000t\000i\000o\000n\000\040\000i\000n\000h\000e\000r\000i\000t\000a\000n\000c\000e\000\051}{subsection.3.5}% 67
\BOOKMARK [3][-]{subsubsection.3.5.6}{\376\377\000C\000o\000m\000b\000i\000n\000a\000z\000i\000o\000n\000e\000\040\000d\000i\000\040\000e\000r\000e\000d\000i\000t\000a\000r\000i\000e\000t\000\340}{subsection.3.5}% 68
\BOOKMARK [3][-]{subsubsection.3.5.7}{\376\377\000P\000r\000o\000p\000r\000i\000e\000t\000\340\000\040\000d\000e\000l\000l\000a\000\040\000r\000e\000l\000a\000z\000i\000o\000n\000e\000\040\000d\000i\000\040\000e\000r\000e\000d\000i\000t\000a\000r\000i\000e\000t\000\340}{subsection.3.5}% 69
\BOOKMARK [3][-]{subsubsection.3.5.8}{\376\377\000E\000r\000e\000d\000i\000t\000a\000r\000i\000e\000t\000\340\000\040\000s\000i\000n\000g\000o\000l\000a}{subsection.3.5}% 70
\BOOKMARK [3][-]{subsubsection.3.5.9}{\376\377\000E\000r\000e\000d\000i\000t\000a\000r\000i\000e\000t\000\340\000\040\000m\000u\000l\000t\000i\000p\000l\000a}{subsection.3.5}% 71
\BOOKMARK [3][-]{subsubsection.3.5.10}{\376\377\000V\000i\000s\000i\000b\000i\000l\000i\000t\000\340\000\040\000p\000r\000o\000t\000e\000t\000t\000a}{subsection.3.5}% 72
\BOOKMARK [2][-]{subsection.3.6}{\376\377\000C\000l\000a\000s\000s\000i\000\040\000a\000s\000t\000r\000a\000t\000t\000e}{section.3}% 73
\BOOKMARK [3][-]{subsubsection.3.6.1}{\376\377\000N\000o\000t\000a\000z\000i\000o\000n\000e}{subsection.3.6}% 74
\BOOKMARK [2][-]{subsection.3.7}{\376\377\000C\000l\000a\000s\000s\000i\000\040\000F\000i\000n\000a\000l\000i}{section.3}% 75
\BOOKMARK [2][-]{subsection.3.8}{\376\377\000C\000l\000a\000s\000s\000\040\000D\000i\000a\000g\000r\000a\000m\000\040\000i\000n\000\040\000d\000e\000t\000t\000a\000g\000l\000i\000o}{section.3}% 76
\BOOKMARK [2][-]{subsection.3.9}{\376\377\000I\000n\000t\000e\000r\000f\000a\000c\000c\000e}{section.3}% 77
\BOOKMARK [2][-]{subsection.3.10}{\376\377\000A\000g\000g\000r\000e\000g\000a\000z\000i\000o\000n\000e\000\040\000d\000i\000\040\000o\000g\000g\000e\000t\000t\000i}{section.3}% 78
\BOOKMARK [2][-]{subsection.3.11}{\376\377\000C\000o\000m\000p\000o\000s\000i\000z\000i\000o\000n\000e\000\040\000d\000i\000\040\000o\000g\000g\000e\000t\000t\000i}{section.3}% 79
\BOOKMARK [2][-]{subsection.3.12}{\376\377\000E\000r\000e\000d\000i\000t\000a\000r\000i\000e\000t\000\340\000\040\000v\000s\000\040\000a\000g\000g\000r\000e\000g\000a\000z\000i\000o\000n\000e}{section.3}% 80
\BOOKMARK [2][-]{subsection.3.13}{\376\377\000R\000a\000g\000g\000r\000u\000p\000p\000a\000r\000e\000\040\000c\000l\000a\000s\000s\000i}{section.3}% 81
\BOOKMARK [2][-]{subsection.3.14}{\376\377\000C\000l\000a\000s\000s\000i\000\040\000i\000n\000t\000e\000r\000n\000e}{section.3}% 82
\BOOKMARK [2][-]{subsection.3.15}{\376\377\000P\000o\000l\000i\000m\000o\000r\000f\000i\000s\000m\000o}{section.3}% 83
\BOOKMARK [3][-]{subsubsection.3.15.1}{\376\377\000C\000o\000e\000r\000c\000i\000z\000i\000o\000n\000e}{subsection.3.15}% 84
\BOOKMARK [3][-]{subsubsection.3.15.2}{\376\377\000O\000v\000e\000r\000l\000o\000a\000d\000i\000n\000g}{subsection.3.15}% 85
\BOOKMARK [3][-]{subsubsection.3.15.3}{\376\377\000P\000o\000l\000i\000m\000o\000r\000f\000i\000s\000m\000o\000\040\000p\000a\000r\000a\000m\000e\000t\000r\000i\000c\000o}{subsection.3.15}% 86
\BOOKMARK [3][-]{subsubsection.3.15.4}{\376\377\000P\000o\000l\000i\000m\000o\000r\000f\000i\000s\000m\000o\000\040\000p\000e\000r\000\040\000i\000n\000c\000l\000u\000s\000i\000o\000n\000e}{subsection.3.15}% 87
\BOOKMARK [3][-]{subsubsection.3.15.5}{\376\377\000L\000e\000g\000a\000m\000e\000\040\000d\000i\000n\000a\000m\000i\000c\000o\000\040\000e\000\040\000p\000o\000l\000i\000m\000o\000r\000f\000i\000s\000m\000o\000\040\000d\000i\000\040\000i\000n\000c\000l\000u\000s\000i\000o\000n\000e}{subsection.3.15}% 88
