This is pdfTeX, Version 3.141592653-2.6-1.40.26 (MiKTeX 24.4) (preloaded format=pdflatex 2025.2.5)  5 FEB 2025 16:52
entering extended mode
 restricted \write18 enabled.
 file:line:error style messages enabled.
 %&-line parsing enabled.
**"c:/Users/marco/Desktop/Cartelle_Desktop/Universita/Materie/3_Anno/Reti di Calcolatori/Appunti/RETI.tex"
(c:/Users/marco/Desktop/Cartelle_Desktop/Universita/Materie/3_Anno/Reti di Calcolatori/Appunti/RETI.tex
LaTeX2e <2024-11-01> patch level 1
L3 programming layer <2024-12-25>
(C:\Users\marco\AppData\Local\Programs\MiKTeX\tex/latex/base\report.cls
Document Class: report 2024/06/29 v1.4n Standard LaTeX document class
(C:\Users\marco\AppData\Local\Programs\MiKTeX\tex/latex/base\size12.clo
File: size12.clo 2024/06/29 v1.4n Standard LaTeX file (size option)
)
\c@part=\count196
\c@chapter=\count197
\c@section=\count198
\c@subsection=\count199
\c@subsubsection=\count266
\c@paragraph=\count267
\c@subparagraph=\count268
\c@figure=\count269
\c@table=\count270
\abovecaptionskip=\skip49
\belowcaptionskip=\skip50
\bibindent=\dimen141
) (C:\Users\marco\AppData\Local\Programs\MiKTeX\tex/latex/hyperref\hyperref.sty
Package: hyperref 2024-11-05 v7.01l Hypertext links for LaTeX
 (C:\Users\marco\AppData\Local\Programs\MiKTeX\tex/generic/iftex\iftex.sty
Package: iftex 2024/12/12 v1.0g TeX engine tests
) (C:\Users\marco\AppData\Local\Programs\MiKTeX\tex/latex/graphics\keyval.sty
Package: keyval 2022/05/29 v1.15 key=value parser (DPC)
\KV@toks@=\toks17
) (C:\Users\marco\AppData\Local\Programs\MiKTeX\tex/latex/kvsetkeys\kvsetkeys.sty
Package: kvsetkeys 2022-10-05 v1.19 Key value parser (HO)
) (C:\Users\marco\AppData\Local\Programs\MiKTeX\tex/generic/kvdefinekeys\kvdefinekeys.sty
Package: kvdefinekeys 2019-12-19 v1.6 Define keys (HO)
) (C:\Users\marco\AppData\Local\Programs\MiKTeX\tex/generic/pdfescape\pdfescape.sty
Package: pdfescape 2019/12/09 v1.15 Implements pdfTeX's escape features (HO)
 (C:\Users\marco\AppData\Local\Programs\MiKTeX\tex/generic/ltxcmds\ltxcmds.sty
Package: ltxcmds 2023-12-04 v1.26 LaTeX kernel commands for general use (HO)
) (C:\Users\marco\AppData\Local\Programs\MiKTeX\tex/generic/pdftexcmds\pdftexcmds.sty
Package: pdftexcmds 2020-06-27 v0.33 Utility functions of pdfTeX for LuaTeX (HO)
 (C:\Users\marco\AppData\Local\Programs\MiKTeX\tex/generic/infwarerr\infwarerr.sty
Package: infwarerr 2019/12/03 v1.5 Providing info/warning/error messages (HO)
)
Package pdftexcmds Info: \pdf@primitive is available.
Package pdftexcmds Info: \pdf@ifprimitive is available.
Package pdftexcmds Info: \pdfdraftmode found.
)) (C:\Users\marco\AppData\Local\Programs\MiKTeX\tex/latex/hycolor\hycolor.sty
Package: hycolor 2020-01-27 v1.10 Color options for hyperref/bookmark (HO)
) (C:\Users\marco\AppData\Local\Programs\MiKTeX\tex/latex/hyperref\nameref.sty
Package: nameref 2023-11-26 v2.56 Cross-referencing by name of section
 (C:\Users\marco\AppData\Local\Programs\MiKTeX\tex/latex/refcount\refcount.sty
Package: refcount 2019/12/15 v3.6 Data extraction from label references (HO)
) (C:\Users\marco\AppData\Local\Programs\MiKTeX\tex/generic/gettitlestring\gettitlestring.sty
Package: gettitlestring 2019/12/15 v1.6 Cleanup title references (HO)
 (C:\Users\marco\AppData\Local\Programs\MiKTeX\tex/latex/kvoptions\kvoptions.sty
Package: kvoptions 2022-06-15 v3.15 Key value format for package options (HO)
))
\c@section@level=\count271
) (C:\Users\marco\AppData\Local\Programs\MiKTeX\tex/latex/etoolbox\etoolbox.sty
Package: etoolbox 2020/10/05 v2.5k e-TeX tools for LaTeX (JAW)
\etb@tempcnta=\count272
) (C:\Users\marco\AppData\Local\Programs\MiKTeX\tex/generic/stringenc\stringenc.sty
Package: stringenc 2019/11/29 v1.12 Convert strings between diff. encodings (HO)
)
\@linkdim=\dimen142
\Hy@linkcounter=\count273
\Hy@pagecounter=\count274
 (C:\Users\marco\AppData\Local\Programs\MiKTeX\tex/latex/hyperref\pd1enc.def
File: pd1enc.def 2024-11-05 v7.01l Hyperref: PDFDocEncoding definition (HO)
Now handling font encoding PD1 ...
... no UTF-8 mapping file for font encoding PD1
) (C:\Users\marco\AppData\Local\Programs\MiKTeX\tex/generic/intcalc\intcalc.sty
Package: intcalc 2019/12/15 v1.3 Expandable calculations with integers (HO)
)
\Hy@SavedSpaceFactor=\count275
 (C:\Users\marco\AppData\Local\Programs\MiKTeX\tex/latex/hyperref\puenc.def
File: puenc.def 2024-11-05 v7.01l Hyperref: PDF Unicode definition (HO)
Now handling font encoding PU ...
... no UTF-8 mapping file for font encoding PU
)
Package hyperref Info: Hyper figures OFF on input line 4157.
Package hyperref Info: Link nesting OFF on input line 4162.
Package hyperref Info: Hyper index ON on input line 4165.
Package hyperref Info: Plain pages OFF on input line 4172.
Package hyperref Info: Backreferencing OFF on input line 4177.
Package hyperref Info: Implicit mode ON; LaTeX internals redefined.
Package hyperref Info: Bookmarks ON on input line 4424.
\c@Hy@tempcnt=\count276
 (C:\Users\marco\AppData\Local\Programs\MiKTeX\tex/latex/url\url.sty
\Urlmuskip=\muskip17
Package: url 2013/09/16  ver 3.4  Verb mode for urls, etc.
)
LaTeX Info: Redefining \url on input line 4763.
\XeTeXLinkMargin=\dimen143
 (C:\Users\marco\AppData\Local\Programs\MiKTeX\tex/generic/bitset\bitset.sty
Package: bitset 2019/12/09 v1.3 Handle bit-vector datatype (HO)
 (C:\Users\marco\AppData\Local\Programs\MiKTeX\tex/generic/bigintcalc\bigintcalc.sty
Package: bigintcalc 2019/12/15 v1.5 Expandable calculations on big integers (HO)
))
\Fld@menulength=\count277
\Field@Width=\dimen144
\Fld@charsize=\dimen145
Package hyperref Info: Hyper figures OFF on input line 6042.
Package hyperref Info: Link nesting OFF on input line 6047.
Package hyperref Info: Hyper index ON on input line 6050.
Package hyperref Info: backreferencing OFF on input line 6057.
Package hyperref Info: Link coloring OFF on input line 6062.
Package hyperref Info: Link coloring with OCG OFF on input line 6067.
Package hyperref Info: PDF/A mode OFF on input line 6072.
 (C:\Users\marco\AppData\Local\Programs\MiKTeX\tex/latex/base\atbegshi-ltx.sty
Package: atbegshi-ltx 2021/01/10 v1.0c Emulation of the original atbegshi
package with kernel methods
)
\Hy@abspage=\count278
\c@Item=\count279
\c@Hfootnote=\count280
)
Package hyperref Info: Driver (autodetected): hpdftex.
 (C:\Users\marco\AppData\Local\Programs\MiKTeX\tex/latex/hyperref\hpdftex.def
File: hpdftex.def 2024-11-05 v7.01l Hyperref driver for pdfTeX
 (C:\Users\marco\AppData\Local\Programs\MiKTeX\tex/latex/base\atveryend-ltx.sty
Package: atveryend-ltx 2020/08/19 v1.0a Emulation of the original atveryend package
with kernel methods
)
\Fld@listcount=\count281
\c@bookmark@seq@number=\count282
 (C:\Users\marco\AppData\Local\Programs\MiKTeX\tex/latex/rerunfilecheck\rerunfilecheck.sty
Package: rerunfilecheck 2022-07-10 v1.10 Rerun checks for auxiliary files (HO)
 (C:\Users\marco\AppData\Local\Programs\MiKTeX\tex/generic/uniquecounter\uniquecounter.sty
Package: uniquecounter 2019/12/15 v1.4 Provide unlimited unique counter (HO)
)
Package uniquecounter Info: New unique counter `rerunfilecheck' on input line 285.
)
\Hy@SectionHShift=\skip51
) (C:\Users\marco\AppData\Local\Programs\MiKTeX\tex/generic/babel\babel.sty
Package: babel 2025/01/01 v25.1 The multilingual framework for pdfLaTeX, LuaLaTeX and XeLaTeX
\babel@savecnt=\count283
\U@D=\dimen146
\l@unhyphenated=\language79
 (C:\Users\marco\AppData\Local\Programs\MiKTeX\tex/generic/babel\txtbabel.def)
\bbl@readstream=\read2
\bbl@dirlevel=\count284

*************************************
* Local config file bblopts.cfg used
*
(C:\Users\marco\AppData\Local\Programs\MiKTeX\tex/latex/arabi\bblopts.cfg
File: bblopts.cfg 2005/09/08 v0.1 add Arabic and Farsi to "declared" options of babel
) (C:\Users\marco\AppData\Local\Programs\MiKTeX\tex/latex/babel-italian\italian.ldf
Language: italian 2024/10/10 v.1.5.01 Italian support for the babel system
\it@lettering=\count285
\it@doublequoteactive=\count286
\it@ISOcompliance=\count287
)) (C:\Users\marco\AppData\Local\Programs\MiKTeX\tex/generic/babel/locale/it\babel-italian.tex
Package babel Info: Importing font and identification data for italian
(babel)             from babel-it.ini. Reported on input line 11.
) (C:\Users\marco\AppData\Local\Programs\MiKTeX\tex/latex/base\inputenc.sty
Package: inputenc 2024/02/08 v1.3d Input encoding file
\inpenc@prehook=\toks18
\inpenc@posthook=\toks19
) (C:\Users\marco\AppData\Local\Programs\MiKTeX\tex/latex/geometry\geometry.sty
Package: geometry 2020/01/02 v5.9 Page Geometry
 (C:\Users\marco\AppData\Local\Programs\MiKTeX\tex/generic/iftex\ifvtex.sty
Package: ifvtex 2019/10/25 v1.7 ifvtex legacy package. Use iftex instead.
)
\Gm@cnth=\count288
\Gm@cntv=\count289
\c@Gm@tempcnt=\count290
\Gm@bindingoffset=\dimen147
\Gm@wd@mp=\dimen148
\Gm@odd@mp=\dimen149
\Gm@even@mp=\dimen150
\Gm@layoutwidth=\dimen151
\Gm@layoutheight=\dimen152
\Gm@layouthoffset=\dimen153
\Gm@layoutvoffset=\dimen154
\Gm@dimlist=\toks20
 (C:\Users\marco\AppData\Local\Programs\MiKTeX\tex/latex/geometry\geometry.cfg)) (C:\Users\marco\AppData\Local\Programs\MiKTeX\tex/generic/genmisc\nth.sty
Package: nth 2002/02/27
) (C:\Users\marco\AppData\Local\Programs\MiKTeX\tex/latex/fancyhdr\fancyhdr.sty
Package: fancyhdr 2025/01/07 v5.1.1 Extensive control of page headers and footers
\f@nch@headwidth=\skip52
\f@nch@offset@elh=\skip53
\f@nch@offset@erh=\skip54
\f@nch@offset@olh=\skip55
\f@nch@offset@orh=\skip56
\f@nch@offset@elf=\skip57
\f@nch@offset@erf=\skip58
\f@nch@offset@olf=\skip59
\f@nch@offset@orf=\skip60
\f@nch@height=\skip61
\f@nch@footalignment=\skip62
\f@nch@widthL=\skip63
\f@nch@widthC=\skip64
\f@nch@widthR=\skip65
\@temptokenb=\toks21
) (C:\Users\marco\AppData\Local\Programs\MiKTeX\tex/latex/titlesec\titlesec.sty
Package: titlesec 2025/01/04 v2.17 Sectioning titles
\ttl@box=\box52
\beforetitleunit=\skip66
\aftertitleunit=\skip67
\ttl@plus=\dimen155
\ttl@minus=\dimen156
\ttl@toksa=\toks22
\titlewidth=\dimen157
\titlewidthlast=\dimen158
\titlewidthfirst=\dimen159
) (C:\Users\marco\AppData\Local\Programs\MiKTeX\tex/latex/amsmath\amsmath.sty
Package: amsmath 2024/11/05 v2.17t AMS math features
\@mathmargin=\skip68

For additional information on amsmath, use the `?' option.
(C:\Users\marco\AppData\Local\Programs\MiKTeX\tex/latex/amsmath\amstext.sty
Package: amstext 2021/08/26 v2.01 AMS text
 (C:\Users\marco\AppData\Local\Programs\MiKTeX\tex/latex/amsmath\amsgen.sty
File: amsgen.sty 1999/11/30 v2.0 generic functions
\@emptytoks=\toks23
\ex@=\dimen160
)) (C:\Users\marco\AppData\Local\Programs\MiKTeX\tex/latex/amsmath\amsbsy.sty
Package: amsbsy 1999/11/29 v1.2d Bold Symbols
\pmbraise@=\dimen161
) (C:\Users\marco\AppData\Local\Programs\MiKTeX\tex/latex/amsmath\amsopn.sty
Package: amsopn 2022/04/08 v2.04 operator names
)
\inf@bad=\count291
LaTeX Info: Redefining \frac on input line 233.
\uproot@=\count292
\leftroot@=\count293
LaTeX Info: Redefining \overline on input line 398.
LaTeX Info: Redefining \colon on input line 409.
\classnum@=\count294
\DOTSCASE@=\count295
LaTeX Info: Redefining \ldots on input line 495.
LaTeX Info: Redefining \dots on input line 498.
LaTeX Info: Redefining \cdots on input line 619.
\Mathstrutbox@=\box53
\strutbox@=\box54
LaTeX Info: Redefining \big on input line 721.
LaTeX Info: Redefining \Big on input line 722.
LaTeX Info: Redefining \bigg on input line 723.
LaTeX Info: Redefining \Bigg on input line 724.
\big@size=\dimen162
LaTeX Font Info:    Redeclaring font encoding OML on input line 742.
LaTeX Font Info:    Redeclaring font encoding OMS on input line 743.
\macc@depth=\count296
LaTeX Info: Redefining \bmod on input line 904.
LaTeX Info: Redefining \pmod on input line 909.
LaTeX Info: Redefining \smash on input line 939.
LaTeX Info: Redefining \relbar on input line 969.
LaTeX Info: Redefining \Relbar on input line 970.
\c@MaxMatrixCols=\count297
\dotsspace@=\muskip18
\c@parentequation=\count298
\dspbrk@lvl=\count299
\tag@help=\toks24
\row@=\count300
\column@=\count301
\maxfields@=\count302
\andhelp@=\toks25
\eqnshift@=\dimen163
\alignsep@=\dimen164
\tagshift@=\dimen165
\tagwidth@=\dimen166
\totwidth@=\dimen167
\lineht@=\dimen168
\@envbody=\toks26
\multlinegap=\skip69
\multlinetaggap=\skip70
\mathdisplay@stack=\toks27
LaTeX Info: Redefining \[ on input line 2953.
LaTeX Info: Redefining \] on input line 2954.
) (C:\Users\marco\AppData\Local\Programs\MiKTeX\tex/latex/amsfonts\amssymb.sty
Package: amssymb 2013/01/14 v3.01 AMS font symbols
 (C:\Users\marco\AppData\Local\Programs\MiKTeX\tex/latex/amsfonts\amsfonts.sty
Package: amsfonts 2013/01/14 v3.01 Basic AMSFonts support
\symAMSa=\mathgroup4
\symAMSb=\mathgroup5
LaTeX Font Info:    Redeclaring math symbol \hbar on input line 98.
LaTeX Font Info:    Overwriting math alphabet `\mathfrak' in version `bold'
(Font)                  U/euf/m/n --> U/euf/b/n on input line 106.
)) (C:\Users\marco\AppData\Local\Programs\MiKTeX\tex/latex/graphics\graphicx.sty
Package: graphicx 2021/09/16 v1.2d Enhanced LaTeX Graphics (DPC,SPQR)
 (C:\Users\marco\AppData\Local\Programs\MiKTeX\tex/latex/graphics\graphics.sty
Package: graphics 2024/08/06 v1.4g Standard LaTeX Graphics (DPC,SPQR)
 (C:\Users\marco\AppData\Local\Programs\MiKTeX\tex/latex/graphics\trig.sty
Package: trig 2023/12/02 v1.11 sin cos tan (DPC)
) (C:\Users\marco\AppData\Local\Programs\MiKTeX\tex/latex/graphics-cfg\graphics.cfg
File: graphics.cfg 2016/06/04 v1.11 sample graphics configuration
)
Package graphics Info: Driver file: pdftex.def on input line 106.
 (C:\Users\marco\AppData\Local\Programs\MiKTeX\tex/latex/graphics-def\pdftex.def
File: pdftex.def 2024/04/13 v1.2c Graphics/color driver for pdftex
))
\Gin@req@height=\dimen169
\Gin@req@width=\dimen170
) (C:\Users\marco\AppData\Local\Programs\MiKTeX\tex/latex/csquotes\csquotes.sty
Package: csquotes 2024-04-04 v5.2o context-sensitive quotations (JAW)
\csq@reset=\count303
\csq@gtype=\count304
\csq@glevel=\count305
\csq@qlevel=\count306
\csq@maxlvl=\count307
\csq@tshold=\count308
\csq@ltx@everypar=\toks28
 (C:\Users\marco\AppData\Local\Programs\MiKTeX\tex/latex/csquotes\csquotes.def
File: csquotes.def 2024-04-04 v5.2o csquotes generic definitions (JAW)
)
Package csquotes Info: Trying to load configuration file 'csquotes.cfg'...
Package csquotes Info: ... configuration file loaded successfully.
 (C:\Users\marco\AppData\Local\Programs\MiKTeX\tex/latex/csquotes\csquotes.cfg
File: csquotes.cfg 
)) (C:\Users\marco\AppData\Local\Programs\MiKTeX\tex/latex/float\float.sty
Package: float 2001/11/08 v1.3d Float enhancements (AL)
\c@float@type=\count309
\float@exts=\toks29
\float@box=\box55
\@float@everytoks=\toks30
\@floatcapt=\box56
) (C:\Users\marco\AppData\Local\Programs\MiKTeX\tex/latex/tcolorbox\tcolorbox.sty
Package: tcolorbox 2024/10/22 version 6.4.1 text color boxes
 (C:\Users\marco\AppData\Local\Programs\MiKTeX\tex/latex/pgf/frontendlayer\tikz.sty (C:\Users\marco\AppData\Local\Programs\MiKTeX\tex/latex/pgf/basiclayer\pgf.sty (C:\Users\marco\AppData\Local\Programs\MiKTeX\tex/latex/pgf/utilities\pgfrcs.sty (C:\Users\marco\AppData\Local\Programs\MiKTeX\tex/generic/pgf/utilities\pgfutil-common.tex
\pgfutil@everybye=\toks31
\pgfutil@tempdima=\dimen171
\pgfutil@tempdimb=\dimen172
) (C:\Users\marco\AppData\Local\Programs\MiKTeX\tex/generic/pgf/utilities\pgfutil-latex.def
\pgfutil@abb=\box57
) (C:\Users\marco\AppData\Local\Programs\MiKTeX\tex/generic/pgf/utilities\pgfrcs.code.tex (C:\Users\marco\AppData\Local\Programs\MiKTeX\tex/generic/pgf\pgf.revision.tex)
Package: pgfrcs 2023-01-15 v3.1.10 (3.1.10)
))
Package: pgf 2023-01-15 v3.1.10 (3.1.10)
 (C:\Users\marco\AppData\Local\Programs\MiKTeX\tex/latex/pgf/basiclayer\pgfcore.sty (C:\Users\marco\AppData\Local\Programs\MiKTeX\tex/latex/pgf/systemlayer\pgfsys.sty (C:\Users\marco\AppData\Local\Programs\MiKTeX\tex/generic/pgf/systemlayer\pgfsys.code.tex
Package: pgfsys 2023-01-15 v3.1.10 (3.1.10)
 (C:\Users\marco\AppData\Local\Programs\MiKTeX\tex/generic/pgf/utilities\pgfkeys.code.tex
\pgfkeys@pathtoks=\toks32
\pgfkeys@temptoks=\toks33
 (C:\Users\marco\AppData\Local\Programs\MiKTeX\tex/generic/pgf/utilities\pgfkeyslibraryfiltered.code.tex
\pgfkeys@tmptoks=\toks34
))
\pgf@x=\dimen173
\pgf@y=\dimen174
\pgf@xa=\dimen175
\pgf@ya=\dimen176
\pgf@xb=\dimen177
\pgf@yb=\dimen178
\pgf@xc=\dimen179
\pgf@yc=\dimen180
\pgf@xd=\dimen181
\pgf@yd=\dimen182
\w@pgf@writea=\write3
\r@pgf@reada=\read3
\c@pgf@counta=\count310
\c@pgf@countb=\count311
\c@pgf@countc=\count312
\c@pgf@countd=\count313
\t@pgf@toka=\toks35
\t@pgf@tokb=\toks36
\t@pgf@tokc=\toks37
\pgf@sys@id@count=\count314
 (C:\Users\marco\AppData\Local\Programs\MiKTeX\tex/generic/pgf/systemlayer\pgf.cfg
File: pgf.cfg 2023-01-15 v3.1.10 (3.1.10)
)
Driver file for pgf: pgfsys-pdftex.def
 (C:\Users\marco\AppData\Local\Programs\MiKTeX\tex/generic/pgf/systemlayer\pgfsys-pdftex.def
File: pgfsys-pdftex.def 2023-01-15 v3.1.10 (3.1.10)
 (C:\Users\marco\AppData\Local\Programs\MiKTeX\tex/generic/pgf/systemlayer\pgfsys-common-pdf.def
File: pgfsys-common-pdf.def 2023-01-15 v3.1.10 (3.1.10)
))) (C:\Users\marco\AppData\Local\Programs\MiKTeX\tex/generic/pgf/systemlayer\pgfsyssoftpath.code.tex
File: pgfsyssoftpath.code.tex 2023-01-15 v3.1.10 (3.1.10)
\pgfsyssoftpath@smallbuffer@items=\count315
\pgfsyssoftpath@bigbuffer@items=\count316
) (C:\Users\marco\AppData\Local\Programs\MiKTeX\tex/generic/pgf/systemlayer\pgfsysprotocol.code.tex
File: pgfsysprotocol.code.tex 2023-01-15 v3.1.10 (3.1.10)
)) (C:\Users\marco\AppData\Local\Programs\MiKTeX\tex/latex/xcolor\xcolor.sty
Package: xcolor 2024/09/29 v3.02 LaTeX color extensions (UK)
 (C:\Users\marco\AppData\Local\Programs\MiKTeX\tex/latex/graphics-cfg\color.cfg
File: color.cfg 2016/01/02 v1.6 sample color configuration
)
Package xcolor Info: Driver file: pdftex.def on input line 274.
 (C:\Users\marco\AppData\Local\Programs\MiKTeX\tex/latex/graphics\mathcolor.ltx)
Package xcolor Info: Model `cmy' substituted by `cmy0' on input line 1349.
Package xcolor Info: Model `hsb' substituted by `rgb' on input line 1353.
Package xcolor Info: Model `RGB' extended on input line 1365.
Package xcolor Info: Model `HTML' substituted by `rgb' on input line 1367.
Package xcolor Info: Model `Hsb' substituted by `hsb' on input line 1368.
Package xcolor Info: Model `tHsb' substituted by `hsb' on input line 1369.
Package xcolor Info: Model `HSB' substituted by `hsb' on input line 1370.
Package xcolor Info: Model `Gray' substituted by `gray' on input line 1371.
Package xcolor Info: Model `wave' substituted by `hsb' on input line 1372.
) (C:\Users\marco\AppData\Local\Programs\MiKTeX\tex/generic/pgf/basiclayer\pgfcore.code.tex
Package: pgfcore 2023-01-15 v3.1.10 (3.1.10)
 (C:\Users\marco\AppData\Local\Programs\MiKTeX\tex/generic/pgf/math\pgfmath.code.tex (C:\Users\marco\AppData\Local\Programs\MiKTeX\tex/generic/pgf/math\pgfmathutil.code.tex) (C:\Users\marco\AppData\Local\Programs\MiKTeX\tex/generic/pgf/math\pgfmathparser.code.tex
\pgfmath@dimen=\dimen183
\pgfmath@count=\count317
\pgfmath@box=\box58
\pgfmath@toks=\toks38
\pgfmath@stack@operand=\toks39
\pgfmath@stack@operation=\toks40
) (C:\Users\marco\AppData\Local\Programs\MiKTeX\tex/generic/pgf/math\pgfmathfunctions.code.tex) (C:\Users\marco\AppData\Local\Programs\MiKTeX\tex/generic/pgf/math\pgfmathfunctions.basic.code.tex) (C:\Users\marco\AppData\Local\Programs\MiKTeX\tex/generic/pgf/math\pgfmathfunctions.trigonometric.code.tex) (C:\Users\marco\AppData\Local\Programs\MiKTeX\tex/generic/pgf/math\pgfmathfunctions.random.code.tex) (C:\Users\marco\AppData\Local\Programs\MiKTeX\tex/generic/pgf/math\pgfmathfunctions.comparison.code.tex) (C:\Users\marco\AppData\Local\Programs\MiKTeX\tex/generic/pgf/math\pgfmathfunctions.base.code.tex) (C:\Users\marco\AppData\Local\Programs\MiKTeX\tex/generic/pgf/math\pgfmathfunctions.round.code.tex) (C:\Users\marco\AppData\Local\Programs\MiKTeX\tex/generic/pgf/math\pgfmathfunctions.misc.code.tex) (C:\Users\marco\AppData\Local\Programs\MiKTeX\tex/generic/pgf/math\pgfmathfunctions.integerarithmetics.code.tex) (C:\Users\marco\AppData\Local\Programs\MiKTeX\tex/generic/pgf/math\pgfmathcalc.code.tex) (C:\Users\marco\AppData\Local\Programs\MiKTeX\tex/generic/pgf/math\pgfmathfloat.code.tex
\c@pgfmathroundto@lastzeros=\count318
)) (C:\Users\marco\AppData\Local\Programs\MiKTeX\tex/generic/pgf/math\pgfint.code.tex) (C:\Users\marco\AppData\Local\Programs\MiKTeX\tex/generic/pgf/basiclayer\pgfcorepoints.code.tex
File: pgfcorepoints.code.tex 2023-01-15 v3.1.10 (3.1.10)
\pgf@picminx=\dimen184
\pgf@picmaxx=\dimen185
\pgf@picminy=\dimen186
\pgf@picmaxy=\dimen187
\pgf@pathminx=\dimen188
\pgf@pathmaxx=\dimen189
\pgf@pathminy=\dimen190
\pgf@pathmaxy=\dimen191
\pgf@xx=\dimen192
\pgf@xy=\dimen193
\pgf@yx=\dimen194
\pgf@yy=\dimen195
\pgf@zx=\dimen196
\pgf@zy=\dimen197
) (C:\Users\marco\AppData\Local\Programs\MiKTeX\tex/generic/pgf/basiclayer\pgfcorepathconstruct.code.tex
File: pgfcorepathconstruct.code.tex 2023-01-15 v3.1.10 (3.1.10)
\pgf@path@lastx=\dimen198
\pgf@path@lasty=\dimen199
) (C:\Users\marco\AppData\Local\Programs\MiKTeX\tex/generic/pgf/basiclayer\pgfcorepathusage.code.tex
File: pgfcorepathusage.code.tex 2023-01-15 v3.1.10 (3.1.10)
\pgf@shorten@end@additional=\dimen256
\pgf@shorten@start@additional=\dimen257
) (C:\Users\marco\AppData\Local\Programs\MiKTeX\tex/generic/pgf/basiclayer\pgfcorescopes.code.tex
File: pgfcorescopes.code.tex 2023-01-15 v3.1.10 (3.1.10)
\pgfpic=\box59
\pgf@hbox=\box60
\pgf@layerbox@main=\box61
\pgf@picture@serial@count=\count319
) (C:\Users\marco\AppData\Local\Programs\MiKTeX\tex/generic/pgf/basiclayer\pgfcoregraphicstate.code.tex
File: pgfcoregraphicstate.code.tex 2023-01-15 v3.1.10 (3.1.10)
\pgflinewidth=\dimen258
) (C:\Users\marco\AppData\Local\Programs\MiKTeX\tex/generic/pgf/basiclayer\pgfcoretransformations.code.tex
File: pgfcoretransformations.code.tex 2023-01-15 v3.1.10 (3.1.10)
\pgf@pt@x=\dimen259
\pgf@pt@y=\dimen260
\pgf@pt@temp=\dimen261
) (C:\Users\marco\AppData\Local\Programs\MiKTeX\tex/generic/pgf/basiclayer\pgfcorequick.code.tex
File: pgfcorequick.code.tex 2023-01-15 v3.1.10 (3.1.10)
) (C:\Users\marco\AppData\Local\Programs\MiKTeX\tex/generic/pgf/basiclayer\pgfcoreobjects.code.tex
File: pgfcoreobjects.code.tex 2023-01-15 v3.1.10 (3.1.10)
) (C:\Users\marco\AppData\Local\Programs\MiKTeX\tex/generic/pgf/basiclayer\pgfcorepathprocessing.code.tex
File: pgfcorepathprocessing.code.tex 2023-01-15 v3.1.10 (3.1.10)
) (C:\Users\marco\AppData\Local\Programs\MiKTeX\tex/generic/pgf/basiclayer\pgfcorearrows.code.tex
File: pgfcorearrows.code.tex 2023-01-15 v3.1.10 (3.1.10)
\pgfarrowsep=\dimen262
) (C:\Users\marco\AppData\Local\Programs\MiKTeX\tex/generic/pgf/basiclayer\pgfcoreshade.code.tex
File: pgfcoreshade.code.tex 2023-01-15 v3.1.10 (3.1.10)
\pgf@max=\dimen263
\pgf@sys@shading@range@num=\count320
\pgf@shadingcount=\count321
) (C:\Users\marco\AppData\Local\Programs\MiKTeX\tex/generic/pgf/basiclayer\pgfcoreimage.code.tex
File: pgfcoreimage.code.tex 2023-01-15 v3.1.10 (3.1.10)
) (C:\Users\marco\AppData\Local\Programs\MiKTeX\tex/generic/pgf/basiclayer\pgfcoreexternal.code.tex
File: pgfcoreexternal.code.tex 2023-01-15 v3.1.10 (3.1.10)
\pgfexternal@startupbox=\box62
) (C:\Users\marco\AppData\Local\Programs\MiKTeX\tex/generic/pgf/basiclayer\pgfcorelayers.code.tex
File: pgfcorelayers.code.tex 2023-01-15 v3.1.10 (3.1.10)
) (C:\Users\marco\AppData\Local\Programs\MiKTeX\tex/generic/pgf/basiclayer\pgfcoretransparency.code.tex
File: pgfcoretransparency.code.tex 2023-01-15 v3.1.10 (3.1.10)
) (C:\Users\marco\AppData\Local\Programs\MiKTeX\tex/generic/pgf/basiclayer\pgfcorepatterns.code.tex
File: pgfcorepatterns.code.tex 2023-01-15 v3.1.10 (3.1.10)
) (C:\Users\marco\AppData\Local\Programs\MiKTeX\tex/generic/pgf/basiclayer\pgfcorerdf.code.tex
File: pgfcorerdf.code.tex 2023-01-15 v3.1.10 (3.1.10)
))) (C:\Users\marco\AppData\Local\Programs\MiKTeX\tex/generic/pgf/modules\pgfmoduleshapes.code.tex
File: pgfmoduleshapes.code.tex 2023-01-15 v3.1.10 (3.1.10)
\pgfnodeparttextbox=\box63
) (C:\Users\marco\AppData\Local\Programs\MiKTeX\tex/generic/pgf/modules\pgfmoduleplot.code.tex
File: pgfmoduleplot.code.tex 2023-01-15 v3.1.10 (3.1.10)
) (C:\Users\marco\AppData\Local\Programs\MiKTeX\tex/latex/pgf/compatibility\pgfcomp-version-0-65.sty
Package: pgfcomp-version-0-65 2023-01-15 v3.1.10 (3.1.10)
\pgf@nodesepstart=\dimen264
\pgf@nodesepend=\dimen265
) (C:\Users\marco\AppData\Local\Programs\MiKTeX\tex/latex/pgf/compatibility\pgfcomp-version-1-18.sty
Package: pgfcomp-version-1-18 2023-01-15 v3.1.10 (3.1.10)
)) (C:\Users\marco\AppData\Local\Programs\MiKTeX\tex/latex/pgf/utilities\pgffor.sty (C:\Users\marco\AppData\Local\Programs\MiKTeX\tex/latex/pgf/utilities\pgfkeys.sty (C:\Users\marco\AppData\Local\Programs\MiKTeX\tex/generic/pgf/utilities\pgfkeys.code.tex)) (C:\Users\marco\AppData\Local\Programs\MiKTeX\tex/latex/pgf/math\pgfmath.sty (C:\Users\marco\AppData\Local\Programs\MiKTeX\tex/generic/pgf/math\pgfmath.code.tex)) (C:\Users\marco\AppData\Local\Programs\MiKTeX\tex/generic/pgf/utilities\pgffor.code.tex
Package: pgffor 2023-01-15 v3.1.10 (3.1.10)
\pgffor@iter=\dimen266
\pgffor@skip=\dimen267
\pgffor@stack=\toks41
\pgffor@toks=\toks42
)) (C:\Users\marco\AppData\Local\Programs\MiKTeX\tex/generic/pgf/frontendlayer/tikz\tikz.code.tex
Package: tikz 2023-01-15 v3.1.10 (3.1.10)
 (C:\Users\marco\AppData\Local\Programs\MiKTeX\tex/generic/pgf/libraries\pgflibraryplothandlers.code.tex
File: pgflibraryplothandlers.code.tex 2023-01-15 v3.1.10 (3.1.10)
\pgf@plot@mark@count=\count322
\pgfplotmarksize=\dimen268
)
\tikz@lastx=\dimen269
\tikz@lasty=\dimen270
\tikz@lastxsaved=\dimen271
\tikz@lastysaved=\dimen272
\tikz@lastmovetox=\dimen273
\tikz@lastmovetoy=\dimen274
\tikzleveldistance=\dimen275
\tikzsiblingdistance=\dimen276
\tikz@figbox=\box64
\tikz@figbox@bg=\box65
\tikz@tempbox=\box66
\tikz@tempbox@bg=\box67
\tikztreelevel=\count323
\tikznumberofchildren=\count324
\tikznumberofcurrentchild=\count325
\tikz@fig@count=\count326
 (C:\Users\marco\AppData\Local\Programs\MiKTeX\tex/generic/pgf/modules\pgfmodulematrix.code.tex
File: pgfmodulematrix.code.tex 2023-01-15 v3.1.10 (3.1.10)
\pgfmatrixcurrentrow=\count327
\pgfmatrixcurrentcolumn=\count328
\pgf@matrix@numberofcolumns=\count329
)
\tikz@expandcount=\count330
 (C:\Users\marco\AppData\Local\Programs\MiKTeX\tex/generic/pgf/frontendlayer/tikz/libraries\tikzlibrarytopaths.code.tex
File: tikzlibrarytopaths.code.tex 2023-01-15 v3.1.10 (3.1.10)
))) (C:\Users\marco\AppData\Local\Programs\MiKTeX\tex/latex/tools\verbatim.sty
Package: verbatim 2024-01-22 v1.5x LaTeX2e package for verbatim enhancements
\every@verbatim=\toks43
\verbatim@line=\toks44
\verbatim@in@stream=\read4
) (C:\Users\marco\AppData\Local\Programs\MiKTeX\tex/latex/environ\environ.sty
Package: environ 2014/05/04 v0.3 A new way to define environments
 (C:\Users\marco\AppData\Local\Programs\MiKTeX\tex/latex/trimspaces\trimspaces.sty
Package: trimspaces 2009/09/17 v1.1 Trim spaces around a token list
))
\tcb@titlebox=\box68
\tcb@upperbox=\box69
\tcb@lowerbox=\box70
\tcb@phantombox=\box71
\c@tcbbreakpart=\count331
\c@tcblayer=\count332
\c@tcolorbox@number=\count333
\l__tcobox_tmpa_box=\box72
\l__tcobox_tmpa_dim=\dimen277
\tcb@temp=\box73
\tcb@temp=\box74
\tcb@temp=\box75
\tcb@temp=\box76
) (C:\Users\marco\AppData\Local\Programs\MiKTeX\tex/latex/algorithms\algorithm.sty
Package: algorithm 2009/08/24 v0.1 Document Style `algorithm' - floating environment
 (C:\Users\marco\AppData\Local\Programs\MiKTeX\tex/latex/base\ifthen.sty
Package: ifthen 2024/03/16 v1.1e Standard LaTeX ifthen package (DPC)
)
\@float@every@algorithm=\toks45
\c@algorithm=\count334
) (C:\Users\marco\AppData\Local\Programs\MiKTeX\tex/latex/algorithmicx\algpseudocode.sty
Package: algpseudocode 
 (C:\Users\marco\AppData\Local\Programs\MiKTeX\tex/latex/algorithmicx\algorithmicx.sty
Package: algorithmicx 2005/04/27 v1.2 Algorithmicx

Document Style algorithmicx 1.2 - a greatly improved `algorithmic' style
\c@ALG@line=\count335
\c@ALG@rem=\count336
\c@ALG@nested=\count337
\ALG@tlm=\skip71
\ALG@thistlm=\skip72
\c@ALG@Lnr=\count338
\c@ALG@blocknr=\count339
\c@ALG@storecount=\count340
\c@ALG@tmpcounter=\count341
\ALG@tmplength=\skip73
)
Document Style - pseudocode environments for use with the `algorithmicx' style
) (C:\Users\marco\AppData\Local\Programs\MiKTeX\tex/latex/tcolorbox\tcbbreakable.code.tex
Library (tcolorbox): 'tcbbreakable.code.tex' version '6.4.1'
(C:\Users\marco\AppData\Local\Programs\MiKTeX\tex/latex/pdfcol\pdfcol.sty
Package: pdfcol 2022-09-21 v1.7 Handle new color stacks for pdfTeX (HO)
)
Package pdfcol Info: New color stack `tcb@breakable' = 1 on input line 23.
\tcb@testbox=\box77
\tcb@totalupperbox=\box78
\tcb@totallowerbox=\box79
)
Package csquotes Info: Checking for multilingual support...
Package csquotes Info: ... found 'babel' package.
Package csquotes Info: Adjusting default style.
Package csquotes Info: Redefining alias 'default' -> 'italian'.
 (C:\Users\marco\AppData\Local\Programs\MiKTeX\tex/latex/l3backend\l3backend-pdftex.def
File: l3backend-pdftex.def 2024-05-08 L3 backend support: PDF output (pdfTeX)
\l__color_backend_stack_int=\count342
\l__pdf_internal_box=\box80
) (RETI.aux)
\openout1 = `RETI.aux'.

LaTeX Font Info:    Checking defaults for OML/cmm/m/it on input line 31.
LaTeX Font Info:    ... okay on input line 31.
LaTeX Font Info:    Checking defaults for OMS/cmsy/m/n on input line 31.
LaTeX Font Info:    ... okay on input line 31.
LaTeX Font Info:    Checking defaults for OT1/cmr/m/n on input line 31.
LaTeX Font Info:    ... okay on input line 31.
LaTeX Font Info:    Checking defaults for T1/cmr/m/n on input line 31.
LaTeX Font Info:    ... okay on input line 31.
LaTeX Font Info:    Checking defaults for TS1/cmr/m/n on input line 31.
LaTeX Font Info:    ... okay on input line 31.
LaTeX Font Info:    Checking defaults for OMX/cmex/m/n on input line 31.
LaTeX Font Info:    ... okay on input line 31.
LaTeX Font Info:    Checking defaults for U/cmr/m/n on input line 31.
LaTeX Font Info:    ... okay on input line 31.
LaTeX Font Info:    Checking defaults for PD1/pdf/m/n on input line 31.
LaTeX Font Info:    ... okay on input line 31.
LaTeX Font Info:    Checking defaults for PU/pdf/m/n on input line 31.
LaTeX Font Info:    ... okay on input line 31.
Package hyperref Info: Link coloring OFF on input line 31.
 (RETI.out) (RETI.out)
\@outlinefile=\write4
\openout4 = `RETI.out'.

LaTeX Info: Redefining \it@ocap on input line 31.
LaTeX Info: Redefining \it@ccap on input line 31.


File italian.ldf warning: 
italian.ldf    With OT1 encoding guillemets are poorly faked
italian.ldf    Use T1 encoding
italian.ldf    or specify a font with command \CaporaliFrom
italian.ldf    See the documentation concerning the babel-italian typesetting
italian.ldf    on input line 31.

*geometry* driver: auto-detecting
*geometry* detected driver: pdftex
*geometry* verbose mode - [ preamble ] result:
* driver: pdftex
* paper: a4paper
* layout: <same size as paper>
* layoutoffset:(h,v)=(0.0pt,0.0pt)
* modes: 
* h-part:(L,W,R)=(56.9055pt, 483.69687pt, 56.9055pt)
* v-part:(T,H,B)=(56.9055pt, 731.23584pt, 56.9055pt)
* \paperwidth=597.50787pt
* \paperheight=845.04684pt
* \textwidth=483.69687pt
* \textheight=731.23584pt
* \oddsidemargin=-15.36449pt
* \evensidemargin=-15.36449pt
* \topmargin=-52.36449pt
* \headheight=15.0pt
* \headsep=25.0pt
* \topskip=12.0pt
* \footskip=30.0pt
* \marginparwidth=44.0pt
* \marginparsep=10.0pt
* \columnsep=10.0pt
* \skip\footins=10.8pt plus 4.0pt minus 2.0pt
* \hoffset=0.0pt
* \voffset=0.0pt
* \mag=1000
* \@twocolumnfalse
* \@twosidefalse
* \@mparswitchfalse
* \@reversemarginfalse
* (1in=72.27pt=25.4mm, 1cm=28.453pt)

(C:\Users\marco\AppData\Local\Programs\MiKTeX\tex/context/base/mkii\supp-pdf.mkii
[Loading MPS to PDF converter (version 2006.09.02).]
\scratchcounter=\count343
\scratchdimen=\dimen278
\scratchbox=\box81
\nofMPsegments=\count344
\nofMParguments=\count345
\everyMPshowfont=\toks46
\MPscratchCnt=\count346
\MPscratchDim=\dimen279
\MPnumerator=\count347
\makeMPintoPDFobject=\count348
\everyMPtoPDFconversion=\toks47
) (C:\Users\marco\AppData\Local\Programs\MiKTeX\tex/latex/epstopdf-pkg\epstopdf-base.sty
Package: epstopdf-base 2020-01-24 v2.11 Base part for package epstopdf
Package epstopdf-base Info: Redefining graphics rule for `.eps' on input line 485.
 (C:\Users\marco\AppData\Local\Programs\MiKTeX\tex/latex/00miktex\epstopdf-sys.cfg
File: epstopdf-sys.cfg 2021/03/18 v2.0 Configuration of epstopdf for MiKTeX
))
LaTeX Font Info:    Trying to load font information for U+msa on input line 33.
 (C:\Users\marco\AppData\Local\Programs\MiKTeX\tex/latex/amsfonts\umsa.fd
File: umsa.fd 2013/01/14 v3.01 AMS symbols A
)
LaTeX Font Info:    Trying to load font information for U+msb on input line 33.
 (C:\Users\marco\AppData\Local\Programs\MiKTeX\tex/latex/amsfonts\umsb.fd
File: umsb.fd 2013/01/14 v3.01 AMS symbols B
)

[1

{C:/Users/marco/AppData/Local/MiKTeX/fonts/map/pdftex/pdftex.map}] (RETI.toc


pdfTeX warning (ext4): destination with the same identifier (name{page.1}) has been already used, duplicate ignored
<to be read again> 
                   \relax 
l.42 ...li di Servizio nel Cloud}{25}{section.4.2}
                                                  % [1

]

[2]

[3]

[4]

[5]

[6])
\tf@toc=\write5
\openout5 = `RETI.toc'.



[7]
Capitolo 1.


[8

]

[9]

[10]

[11]

[12]
<assets/tcp-ip-stack.jpg, id=1473, 1305.37688pt x 825.0825pt>
File: assets/tcp-ip-stack.jpg Graphic file (type jpg)
<use assets/tcp-ip-stack.jpg>
Package pdftex.def Info: assets/tcp-ip-stack.jpg  used on input line 168.
(pdftex.def)             Requested size: 195.79808pt x 123.75703pt.


[13]

[14 <./assets/tcp-ip-stack.jpg>]
<assets/tcp-encapsulation.jpg, id=1483, 501.875pt x 369.38pt>
File: assets/tcp-encapsulation.jpg Graphic file (type jpg)
<use assets/tcp-encapsulation.jpg>
Package pdftex.def Info: assets/tcp-encapsulation.jpg  used on input line 196.
(pdftex.def)             Requested size: 250.93687pt x 184.68954pt.
<assets/tcp-address.png, id=1484, 618.81187pt x 238.64156pt>
File: assets/tcp-address.png Graphic file (type png)
<use assets/tcp-address.png>
Package pdftex.def Info: assets/tcp-address.png  used on input line 203.
(pdftex.def)             Requested size: 309.40518pt x 119.32048pt.


[15 <./assets/tcp-encapsulation.jpg>]
<assets/tcp-multiplexing.jpg, id=1494, 665.48625pt x 225.84375pt>
File: assets/tcp-multiplexing.jpg Graphic file (type jpg)
<use assets/tcp-multiplexing.jpg>
Package pdftex.def Info: assets/tcp-multiplexing.jpg  used on input line 218.
(pdftex.def)             Requested size: 332.74231pt x 112.92159pt.


[16 <./assets/tcp-address.png> <./assets/tcp-multiplexing.jpg>]
<assets/isoosi-vs-tcpip.png, id=1501, 702.625pt x 562.1pt>
File: assets/isoosi-vs-tcpip.png Graphic file (type png)
<use assets/isoosi-vs-tcpip.png>
Package pdftex.def Info: assets/isoosi-vs-tcpip.png  used on input line 231.
(pdftex.def)             Requested size: 168.63344pt x 134.90675pt.


[17 <./assets/isoosi-vs-tcpip.png>]

[18]
Capitolo 2.

Underfull \hbox (badness 10000) in paragraph at lines 250--259

 []



[19

]
<assets/flynn-taxonomy.jpg, id=1516, 746.01291pt x 559.50967pt>
File: assets/flynn-taxonomy.jpg Graphic file (type jpg)
<use assets/flynn-taxonomy.jpg>
Package pdftex.def Info: assets/flynn-taxonomy.jpg  used on input line 264.
(pdftex.def)             Requested size: 223.80559pt x 167.8542pt.


[20 <./assets/flynn-taxonomy.jpg>]

[21]
Capitolo 3.


[22

]

[23]
Capitolo 4.


[24

]

[25]

[26]
Capitolo 5.

Overfull \hbox (20.2086pt too wide) in paragraph at lines 374--384
\OT1/cmr/m/n/12 Dopo aver cal-co-la-to il bit di pa-rit^^Ra, il mit-ten-te in-vier^^Ra il mes-sag-gio $\OML/cmm/m/it/12 M[] \OT1/cmr/m/n/12 = \OML/cmm/m/it/12 m[]m[]m[]m[]m[]m[]; m[]m[]m[]$
 []



[27

]
Overfull \hbox (106.61977pt too wide) in paragraph at lines 414--415
[] []\OT1/cmr/bx/n/12 Esem-pio[] \OT1/cmr/m/n/12 Sup-po-nia-mo di ave-re il se-guen-te mes-sag-gio da in-via-re di 32 bit $\OML/cmm/m/it/12 M \OT1/cmr/m/n/12 = 01010000111101011111010110101011$
 []


Overfull \hbox (21.86487pt too wide) in paragraph at lines 426--427
\OT1/cmr/m/n/12 Il mit-ten-te in-vier^^Ra il mes-sag-gio $\OML/cmm/m/it/12 N \OT1/cmr/m/n/12 = \OML/cmm/m/it/12 MC \OT1/cmr/m/n/12 = 010100001111010111110101101010111011100101011110$.
 []



[28]

[29]

[30]
Capitolo 6.


[31

]

[32]

[33]
Capitolo 7.


[34

]
LaTeX Font Info:    Trying to load font information for OMS+cmr on input line 586.
 (C:\Users\marco\AppData\Local\Programs\MiKTeX\tex/latex/base\omscmr.fd
File: omscmr.fd 2024/11/19 v2.5n Standard LaTeX font definitions
)
LaTeX Font Info:    Font shape `OMS/cmr/m/n' in size <12> not available
(Font)              Font shape `OMS/cmsy/m/n' tried instead on input line 586.


[35]

[36]

[37]

[38]
Capitolo 8.
<assets/app_lvl.png, id=1610, 408.77719pt x 411.03563pt>
File: assets/app_lvl.png Graphic file (type png)
<use assets/app_lvl.png>
Package pdftex.def Info: assets/app_lvl.png  used on input line 672.
(pdftex.def)             Requested size: 204.38809pt x 205.5173pt.


[39

 <./assets/app_lvl.png>]
<assets/client-server.png, id=1616, 612.03656pt x 338.76563pt>
File: assets/client-server.png Graphic file (type png)
<use assets/client-server.png>
Package pdftex.def Info: assets/client-server.png  used on input line 688.
(pdftex.def)             Requested size: 306.01753pt x 169.38239pt.


[40 <./assets/client-server.png>]

[41]
<assets/p2p.png, id=1628, 645.91313pt x 376.40625pt>
File: assets/p2p.png Graphic file (type png)
<use assets/p2p.png>
Package pdftex.def Info: assets/p2p.png  used on input line 734.
(pdftex.def)             Requested size: 322.95578pt x 188.20265pt.


[42 <./assets/p2p.png>]
<assets/socket-int.png, id=1635, 619.56468pt x 341.77687pt>
File: assets/socket-int.png Graphic file (type png)
<use assets/socket-int.png>
Package pdftex.def Info: assets/socket-int.png  used on input line 754.
(pdftex.def)             Requested size: 309.78157pt x 170.88802pt.
<assets/socket-comm.png, id=1636, 672.26157pt x 204.01219pt>
File: assets/socket-comm.png Graphic file (type png)
<use assets/socket-comm.png>
Package pdftex.def Info: assets/socket-comm.png  used on input line 762.
(pdftex.def)             Requested size: 336.12996pt x 102.00584pt.


[43 <./assets/socket-int.png> <./assets/socket-comm.png>]
<assets/socket-addr.png, id=1643, 621.82312pt x 194.22563pt>
File: assets/socket-addr.png Graphic file (type png)
<use assets/socket-addr.png>
Package pdftex.def Info: assets/socket-addr.png  used on input line 781.
(pdftex.def)             Requested size: 310.9108pt x 97.11256pt.


Package hyperref Warning: The anchor of a bookmark and its parent's must not
(hyperref)                be the same. Added a new anchor on input line 792.



[44 <./assets/socket-addr.png>]
<assets/proxy-pos.png, id=1649, 618.05907pt x 262.73157pt>
File: assets/proxy-pos.png Graphic file (type png)
<use assets/proxy-pos.png>
Package pdftex.def Info: assets/proxy-pos.png  used on input line 797.
(pdftex.def)             Requested size: 309.02878pt x 131.36545pt.


[45 <./assets/proxy-pos.png>]
<assets/browser.png, id=1655, 663.98062pt x 204.01219pt>
File: assets/browser.png Graphic file (type png)
<use assets/browser.png>
Package pdftex.def Info: assets/browser.png  used on input line 816.
(pdftex.def)             Requested size: 331.98949pt x 102.00584pt.
<assets/url.png, id=1656, 564.60938pt x 234.1247pt>
File: assets/url.png Graphic file (type png)
<use assets/url.png>
Package pdftex.def Info: assets/url.png  used on input line 831.
(pdftex.def)             Requested size: 282.30399pt x 117.06206pt.


[46 <./assets/browser.png> <./assets/url.png>]

[47]
<assets/non-persistent.png, id=1667, 405.76593pt x 426.09187pt>
File: assets/non-persistent.png Graphic file (type png)
<use assets/non-persistent.png>
Package pdftex.def Info: assets/non-persistent.png  used on input line 842.
(pdftex.def)             Requested size: 202.88246pt x 213.04541pt.
<assets/persistent.png, id=1668, 526.21594pt x 410.2828pt>
File: assets/persistent.png Graphic file (type png)
<use assets/persistent.png>
Package pdftex.def Info: assets/persistent.png  used on input line 847.
(pdftex.def)             Requested size: 263.10733pt x 205.1409pt.
<assets/http-msg.png, id=1669, 684.30656pt x 322.95656pt>
File: assets/http-msg.png Graphic file (type png)
<use assets/http-msg.png>
Package pdftex.def Info: assets/http-msg.png  used on input line 852.
(pdftex.def)             Requested size: 342.15244pt x 161.47787pt.


[48 <./assets/non-persistent.png> <./assets/persistent.png> <./assets/http-msg.png>]

[49]
<assets/http-req-res.png, id=1682, 691.08188pt x 386.94562pt>
File: assets/http-req-res.png Graphic file (type png)
<use assets/http-req-res.png>
Package pdftex.def Info: assets/http-req-res.png  used on input line 909.
(pdftex.def)             Requested size: 345.54008pt x 193.47234pt.
<assets/http-req-res2.png, id=1683, 610.53094pt x 419.31656pt>
File: assets/http-req-res2.png Graphic file (type png)
<use assets/http-req-res2.png>
Package pdftex.def Info: assets/http-req-res2.png  used on input line 912.
(pdftex.def)             Requested size: 305.26472pt x 209.65776pt.


[50 <./assets/http-req-res.png>]
<assets/cookie.png, id=1689, 507.39563pt x 465.23813pt>
File: assets/cookie.png Graphic file (type png)
<use assets/cookie.png>
Package pdftex.def Info: assets/cookie.png  used on input line 920.
(pdftex.def)             Requested size: 253.69719pt x 232.61848pt.


[51 <./assets/http-req-res2.png>]

[52 <./assets/cookie.png>]
<assets/ftp.png, id=1700, 715.92468pt x 268.75406pt>
File: assets/ftp.png Graphic file (type png)
<use assets/ftp.png>
Package pdftex.def Info: assets/ftp.png  used on input line 946.
(pdftex.def)             Requested size: 357.96146pt x 134.3767pt.


Package hyperref Warning: The anchor of a bookmark and its parent's must not
(hyperref)                be the same. Added a new anchor on input line 949.



[53 <./assets/ftp.png>]
<assets/ftp-cmd.png, id=1706, 633.86812pt x 383.93437pt>
File: assets/ftp-cmd.png Graphic file (type png)
<use assets/ftp-cmd.png>
Package pdftex.def Info: assets/ftp-cmd.png  used on input line 960.
(pdftex.def)             Requested size: 380.3238pt x 230.3624pt.
<assets/ftp-res.png, id=1707, 711.4078pt x 232.61906pt>
File: assets/ftp-res.png Graphic file (type png)
<use assets/ftp-res.png>
Package pdftex.def Info: assets/ftp-res.png  used on input line 965.
(pdftex.def)             Requested size: 426.84798pt x 139.57251pt.


[54 <./assets/ftp-cmd.png>]
<assets/ftp-ex.png, id=1714, 608.2725pt x 448.67625pt>
File: assets/ftp-ex.png Graphic file (type png)
<use assets/ftp-ex.png>
Package pdftex.def Info: assets/ftp-ex.png  used on input line 970.
(pdftex.def)             Requested size: 304.13551pt x 224.33757pt.
<assets/email.png, id=1715, 627.09282pt x 334.24875pt>
File: assets/email.png Graphic file (type png)
<use assets/email.png>
Package pdftex.def Info: assets/email.png  used on input line 980.
(pdftex.def)             Requested size: 313.54564pt x 167.12396pt.


[55 <./assets/ftp-res.png> <./assets/ftp-ex.png>]
<assets/email-comm.png, id=1722, 689.57625pt x 238.64156pt>
File: assets/email-comm.png Graphic file (type png)
<use assets/email-comm.png>
Package pdftex.def Info: assets/email-comm.png  used on input line 983.
(pdftex.def)             Requested size: 344.78728pt x 119.32048pt.


[56 <./assets/email.png> <./assets/email-comm.png>]
<assets/email-comm2.png, id=1729, 425.33907pt x 465.99094pt>
File: assets/email-comm2.png Graphic file (type png)
<use assets/email-comm2.png>
Package pdftex.def Info: assets/email-comm2.png  used on input line 1019.
(pdftex.def)             Requested size: 212.669pt x 232.99489pt.


[57 <./assets/email-comm2.png>]
<assets/telnet.png, id=1735, 532.99126pt x 377.91188pt>
File: assets/telnet.png Graphic file (type png)
<use assets/telnet.png>
Package pdftex.def Info: assets/telnet.png  used on input line 1051.
(pdftex.def)             Requested size: 266.49498pt x 188.95547pt.


[58]
<assets/ssh.png, id=1740, 574.39594pt x 267.24844pt>
File: assets/ssh.png Graphic file (type png)
<use assets/ssh.png>
Package pdftex.def Info: assets/ssh.png  used on input line 1062.
(pdftex.def)             Requested size: 287.19725pt x 133.62389pt.
<assets/dns.png, id=1741, 649.67719pt x 296.60812pt>
File: assets/dns.png Graphic file (type png)
<use assets/dns.png>
Package pdftex.def Info: assets/dns.png  used on input line 1068.
(pdftex.def)             Requested size: 324.8378pt x 148.3037pt.


[59 <./assets/telnet.png> <./assets/ssh.png>]
<assets/dns-tree.png, id=1748, 900.36375pt x 416.55624pt>
File: assets/dns-tree.png Graphic file (type png)
<use assets/dns-tree.png>
Package pdftex.def Info: assets/dns-tree.png  used on input line 1072.
(pdftex.def)             Requested size: 450.18077pt x 208.2776pt.
<assets/dns-label.png, id=1749, 629.35126pt x 429.85594pt>
File: assets/dns-label.png Graphic file (type png)
<use assets/dns-label.png>
Package pdftex.def Info: assets/dns-label.png  used on input line 1076.
(pdftex.def)             Requested size: 314.67485pt x 214.92744pt.


[60 <./assets/dns.png> <./assets/dns-tree.png> <./assets/dns-label.png>]
<assets/dns-fqdn.png, id=1757, 585.68813pt x 359.09157pt>
File: assets/dns-fqdn.png Graphic file (type png)
<use assets/dns-fqdn.png>
Package pdftex.def Info: assets/dns-fqdn.png  used on input line 1084.
(pdftex.def)             Requested size: 292.84334pt x 179.54533pt.


Package hyperref Warning: The anchor of a bookmark and its parent's must not
(hyperref)                be the same. Added a new anchor on input line 1087.

<assets/dns-rec.png, id=1758, 621.82312pt x 234.8775pt>
File: assets/dns-rec.png Graphic file (type png)
<use assets/dns-rec.png>
Package pdftex.def Info: assets/dns-rec.png  used on input line 1092.
(pdftex.def)             Requested size: 310.9108pt x 117.43846pt.
<assets/dns-iter.png, id=1759, 689.57625pt x 289.08pt>
File: assets/dns-iter.png Graphic file (type png)
<use assets/dns-iter.png>
Package pdftex.def Info: assets/dns-iter.png  used on input line 1096.
(pdftex.def)             Requested size: 344.78728pt x 144.53964pt.


[61 <./assets/dns-fqdn.png> <./assets/dns-rec.png>]
<assets/dns-msg.png, id=1766, 703.87968pt x 392.21532pt>
File: assets/dns-msg.png Graphic file (type png)
<use assets/dns-msg.png>
Package pdftex.def Info: assets/dns-msg.png  used on input line 1119.
(pdftex.def)             Requested size: 351.93898pt x 196.10718pt.


[62 <./assets/dns-iter.png>]

[63 <./assets/dns-msg.png>]
Capitolo 9.
<assets/trans-comm.png, id=1777, 399.74344pt x 161.10187pt>
File: assets/trans-comm.png Graphic file (type png)
<use assets/trans-comm.png>
Package pdftex.def Info: assets/trans-comm.png  used on input line 1128.
(pdftex.def)             Requested size: 199.87122pt x 80.55074pt.


[64

 <./assets/trans-comm.png>]
<assets/port.png, id=1783, 366.61969pt x 244.66406pt>
File: assets/port.png Graphic file (type png)
<use assets/port.png>
Package pdftex.def Info: assets/port.png  used on input line 1142.
(pdftex.def)             Requested size: 183.30939pt x 122.33173pt.


[65 <./assets/port.png>]
<assets/multipl-demultipl.png, id=1789, 422.32782pt x 428.35031pt>
File: assets/multipl-demultipl.png Graphic file (type png)
<use assets/multipl-demultipl.png>
Package pdftex.def Info: assets/multipl-demultipl.png  used on input line 1154.
(pdftex.def)             Requested size: 211.16339pt x 214.17462pt.
<assets/prod-cons.png, id=1790, 438.8897pt x 172.39406pt>
File: assets/prod-cons.png Graphic file (type png)
<use assets/prod-cons.png>
Package pdftex.def Info: assets/prod-cons.png  used on input line 1169.
(pdftex.def)             Requested size: 219.4443pt x 86.19681pt.


[66 <./assets/multipl-demultipl.png>]

[67 <./assets/prod-cons.png>]

Package hyperref Warning: The anchor of a bookmark and its parent's must not
(hyperref)                be the same. Added a new anchor on input line 1193.



[68]
<assets/connless.png, id=1806, 526.96875pt x 260.47313pt>
File: assets/connless.png Graphic file (type png)
<use assets/connless.png>
Package pdftex.def Info: assets/connless.png  used on input line 1200.
(pdftex.def)             Requested size: 263.48372pt x 130.23624pt.
<assets/conn-orie.png, id=1807, 469.755pt x 372.64218pt>
File: assets/conn-orie.png Graphic file (type png)
<use assets/conn-orie.png>
Package pdftex.def Info: assets/conn-orie.png  used on input line 1206.
(pdftex.def)             Requested size: 234.87692pt x 186.32063pt.


[69 <./assets/connless.png> <./assets/conn-orie.png>]
<assets/simple-prot.png, id=1814, 535.2497pt x 88.07906pt>
File: assets/simple-prot.png Graphic file (type png)
<use assets/simple-prot.png>
Package pdftex.def Info: assets/simple-prot.png  used on input line 1215.
(pdftex.def)             Requested size: 267.62419pt x 44.03941pt.
<assets/stop-wait.png, id=1815, 449.42906pt x 140.77594pt>
File: assets/stop-wait.png Graphic file (type png)
<use assets/stop-wait.png>
Package pdftex.def Info: assets/stop-wait.png  used on input line 1221.
(pdftex.def)             Requested size: 224.71397pt x 70.38779pt.


[70 <./assets/simple-prot.png> <./assets/stop-wait.png>]
<assets/gbn.png, id=1822, 380.92313pt x 130.98938pt>
File: assets/gbn.png Graphic file (type png)
<use assets/gbn.png>
Package pdftex.def Info: assets/gbn.png  used on input line 1236.
(pdftex.def)             Requested size: 266.64436pt x 91.69193pt.


[71 <./assets/gbn.png>]
<assets/gbn2.png, id=1828, 296.60812pt x 94.85437pt>
File: assets/gbn2.png Graphic file (type png)
<use assets/gbn2.png>
Package pdftex.def Info: assets/gbn2.png  used on input line 1242.
(pdftex.def)             Requested size: 207.62427pt x 66.3976pt.
<assets/sr.png, id=1829, 433.62pt x 117.43875pt>
File: assets/sr.png Graphic file (type png)
<use assets/sr.png>
Package pdftex.def Info: assets/sr.png  used on input line 1250.
(pdftex.def)             Requested size: 260.17401pt x 70.46378pt.
<assets/sr2.png, id=1830, 465.99094pt x 156.585pt>
File: assets/sr2.png Graphic file (type png)
<use assets/sr2.png>
Package pdftex.def Info: assets/sr2.png  used on input line 1251.
(pdftex.def)             Requested size: 232.99489pt x 78.2923pt.

Overfull \hbox (12.08311pt too wide) in paragraph at lines 1247--1255
[] []
 []



[72 <./assets/gbn2.png> <./assets/sr.png> <./assets/sr2.png>]
<assets/piggybacking.png, id=1839, 540.51938pt x 280.04625pt>
File: assets/piggybacking.png Graphic file (type png)
<use assets/piggybacking.png>
Package pdftex.def Info: assets/piggybacking.png  used on input line 1261.
(pdftex.def)             Requested size: 270.25902pt x 140.02277pt.


[73 <./assets/piggybacking.png>]

Package hyperref Warning: The anchor of a bookmark and its parent's must not
(hyperref)                be the same. Added a new anchor on input line 1300.



[74]

[75]

Package hyperref Warning: The anchor of a bookmark and its parent's must not
(hyperref)                be the same. Added a new anchor on input line 1335.



[76]

[77]

[78]
<assets/threeway.png, id=1870, 435.87843pt x 228.855pt>
File: assets/threeway.png Graphic file (type png)
<use assets/threeway.png>
Package pdftex.def Info: assets/threeway.png  used on input line 1400.
(pdftex.def)             Requested size: 261.52907pt x 137.31404pt.


[79]
<assets/trasf.png, id=1878, 439.6425pt x 386.19281pt>
File: assets/trasf.png Graphic file (type png)
<use assets/trasf.png>
Package pdftex.def Info: assets/trasf.png  used on input line 1415.
(pdftex.def)             Requested size: 263.78752pt x 231.71745pt.


[80 <./assets/threeway.png>]
<assets/closingconn.png, id=1885, 438.13687pt x 224.33812pt>
File: assets/closingconn.png Graphic file (type png)
<use assets/closingconn.png>
Package pdftex.def Info: assets/closingconn.png  used on input line 1426.
(pdftex.def)             Requested size: 262.88414pt x 134.6039pt.
<assets/halfclose.png, id=1886, 432.86719pt x 339.51843pt>
File: assets/halfclose.png Graphic file (type png)
<use assets/halfclose.png>
Package pdftex.def Info: assets/halfclose.png  used on input line 1433.
(pdftex.def)             Requested size: 259.7223pt x 203.71262pt.


[81 <./assets/trasf.png> <./assets/closingconn.png>]

[82 <./assets/halfclose.png>]
<assets/flowcontrol.png, id=1904, 446.41782pt x 146.04562pt>
File: assets/flowcontrol.png Graphic file (type png)
<use assets/flowcontrol.png>
Package pdftex.def Info: assets/flowcontrol.png  used on input line 1463.
(pdftex.def)             Requested size: 267.85275pt x 87.62804pt.
<assets/flowcontrol2.png, id=1905, 697.10437pt x 617.30624pt>
File: assets/flowcontrol2.png Graphic file (type png)
<use assets/flowcontrol2.png>
Package pdftex.def Info: assets/flowcontrol2.png  used on input line 1471.
(pdftex.def)             Requested size: 418.26584pt x 370.3866pt.


[83 <./assets/flowcontrol.png> <./assets/flowcontrol2.png>]

[84]

[85]
<assets/scenario1.png, id=1927, 237.88875pt x 123.46124pt>
File: assets/scenario1.png Graphic file (type png)
<use assets/scenario1.png>
Package pdftex.def Info: assets/scenario1.png  used on input line 1519.
(pdftex.def)             Requested size: 285.46506pt x 148.15273pt.
<assets/scenario2.png, id=1928, 266.49562pt x 124.21407pt>
File: assets/scenario2.png Graphic file (type png)
<use assets/scenario2.png>
Package pdftex.def Info: assets/scenario2.png  used on input line 1524.
(pdftex.def)             Requested size: 319.79314pt x 149.0561pt.
<assets/scenario3.png, id=1929, 254.45062pt x 159.59625pt>
File: assets/scenario3.png Graphic file (type png)
<use assets/scenario3.png>
Package pdftex.def Info: assets/scenario3.png  used on input line 1529.
(pdftex.def)             Requested size: 254.45pt x 159.59584pt.


[86 <./assets/scenario1.png> <./assets/scenario2.png>]
<assets/scenario4.png, id=1936, 180.675pt x 91.09032pt>
File: assets/scenario4.png Graphic file (type png)
<use assets/scenario4.png>
Package pdftex.def Info: assets/scenario4.png  used on input line 1539.
(pdftex.def)             Requested size: 216.8089pt x 109.3078pt.
<assets/scenario5.png, id=1937, 204.01219pt x 94.85437pt>
File: assets/scenario5.png Graphic file (type png)
<use assets/scenario5.png>
Package pdftex.def Info: assets/scenario5.png  used on input line 1544.
(pdftex.def)             Requested size: 244.8134pt x 113.82466pt.


[87 <./assets/scenario3.png> <./assets/scenario4.png> <./assets/scenario5.png>]

[88]
<assets/taho.png, id=1949, 843.15pt x 599.23875pt>
File: assets/taho.png Graphic file (type png)
<use assets/taho.png>
Package pdftex.def Info: assets/taho.png  used on input line 1589.
(pdftex.def)             Requested size: 505.8939pt x 359.54602pt.

Overfull \hbox (22.19704pt too wide) in paragraph at lines 1589--1590
 [] 
 []



[89]
<assets/reno.png, id=1954, 833.36343pt x 549.55313pt>
File: assets/reno.png Graphic file (type png)
<use assets/reno.png>
Package pdftex.def Info: assets/reno.png  used on input line 1600.
(pdftex.def)             Requested size: 500.02191pt x 329.73442pt.

Overfull \hbox (16.32504pt too wide) in paragraph at lines 1600--1601
 [] 
 []



[90 <./assets/taho.png>]

[91 <./assets/reno.png>]

[92]

[93]
Capitolo 10.


[94

]
<assets/inoltro.png, id=1978, 611.28375pt x 332.74312pt>
File: assets/inoltro.png Graphic file (type png)
<use assets/inoltro.png>
Package pdftex.def Info: assets/inoltro.png  used on input line 1685.
(pdftex.def)             Requested size: 366.77307pt x 199.6474pt.


[95 <./assets/inoltro.png>]

[96]

[97]

[98]
<assets/router-struct.png, id=1997, 377.91188pt x 148.30406pt>
File: assets/router-struct.png Graphic file (type png)
<use assets/router-struct.png>
Package pdftex.def Info: assets/router-struct.png  used on input line 1753.
(pdftex.def)             Requested size: 151.16206pt x 59.32056pt.


[99 <./assets/router-struct.png>]

[100]

[101]

[102]

[103]

Package hyperref Warning: The anchor of a bookmark and its parent's must not
(hyperref)                be the same. Added a new anchor on input line 1845.

<assets/network-address.png, id=2020, 788.9475pt x 430.60875pt>
File: assets/network-address.png Graphic file (type png)
<use assets/network-address.png>
Package pdftex.def Info: assets/network-address.png  used on input line 1864.
(pdftex.def)             Requested size: 276.13576pt x 150.7153pt.


[104]
Underfull \hbox (badness 10000) in paragraph at lines 1923--1924
[]\OT1/cmr/m/n/12 Da: \OT1/cmr/bx/it/12 200.201.197.0011\OT1/cmr/m/n/12 1111/28 + 1 $\OMS/cmsy/m/n/12 !$ \OT1/cmr/bx/it/12 200.201.197.0100\OT1/cmr/m/n/12 0000/28
 []



[105 <./assets/network-address.png>]

[106]

[107]
<assets/dhcp-message.png, id=2046, 848.4197pt x 322.20375pt>
File: assets/dhcp-message.png Graphic file (type png)
<use assets/dhcp-message.png>
Package pdftex.def Info: assets/dhcp-message.png  used on input line 2016.
(pdftex.def)             Requested size: 296.95134pt x 112.773pt.


[108 <./assets/dhcp-message.png>]

[109]

Package hyperref Warning: The anchor of a bookmark and its parent's must not
(hyperref)                be the same. Added a new anchor on input line 2068.



[110]

[111]

Package hyperref Warning: The anchor of a bookmark and its parent's must not
(hyperref)                be the same. Added a new anchor on input line 2107.



[112]

[113]

Package hyperref Warning: The anchor of a bookmark and its parent's must not
(hyperref)                be the same. Added a new anchor on input line 2138.



[114]
Package hyperref Info: bookmark level for unknown algorithm defaults to 0 on input line 2152.


[115]

Package hyperref Warning: The anchor of a bookmark and its parent's must not
(hyperref)                be the same. Added a new anchor on input line 2182.


LaTeX Warning: `h' float specifier changed to `ht'.



[116]

Package hyperref Warning: The anchor of a bookmark and its parent's must not
(hyperref)                be the same. Added a new anchor on input line 2218.


LaTeX Warning: `h' float specifier changed to `ht'.



[117]

Package hyperref Warning: The anchor of a bookmark and its parent's must not
(hyperref)                be the same. Added a new anchor on input line 2257.



[118]

[119]

[120]

[121]

[122]
<assets/ipv6_blocks.png, id=2123, 517.935pt x 122.70844pt>
File: assets/ipv6_blocks.png Graphic file (type png)
<use assets/ipv6_blocks.png>
Package pdftex.def Info: assets/ipv6_blocks.png  used on input line 2370.
(pdftex.def)             Requested size: 181.27995pt x 42.9486pt.


[123 <./assets/ipv6_blocks.png>]

[124]
Capitolo 11.


[125

]

[126]

Package hyperref Warning: The anchor of a bookmark and its parent's must not
(hyperref)                be the same. Added a new anchor on input line 2408.



[127]

[128]

Package hyperref Warning: The anchor of a bookmark and its parent's must not
(hyperref)                be the same. Added a new anchor on input line 2443.



[129]

Package hyperref Warning: The anchor of a bookmark and its parent's must not
(hyperref)                be the same. Added a new anchor on input line 2479.



[130]

[131]

[132]

[133]

Package hyperref Warning: The anchor of a bookmark and its parent's must not
(hyperref)                be the same. Added a new anchor on input line 2548.



[134]

[135]

[136]
Capitolo 12.

Package hyperref Warning: The anchor of a bookmark and its parent's must not
(hyperref)                be the same. Added a new anchor on input line 2598.



[137

]

Package hyperref Warning: The anchor of a bookmark and its parent's must not
(hyperref)                be the same. Added a new anchor on input line 2615.



[138]

[139]

[140]

[141]

[142] (RETI.aux)
 ***********
LaTeX2e <2024-11-01> patch level 1
L3 programming layer <2024-12-25>
 ***********
Package rerunfilecheck Info: File `RETI.out' has not changed.
(rerunfilecheck)             Checksum: 8C916E178525A71B5B4ED2B9EE0D939A;50187.
 ) 
Here is how much of TeX's memory you used:
 27318 strings out of 473536
 523073 string characters out of 5714957
 902688 words of memory out of 5000000
 49672 multiletter control sequences out of 15000+600000
 570131 words of font info for 79 fonts, out of 8000000 for 9000
 1141 hyphenation exceptions out of 8191
 98i,12n,107p,1711b,832s stack positions out of 10000i,1000n,20000p,200000b,200000s
 <C:\Users\marco\AppData\Local\MiKTeX\fonts/pk/ljfour/jknappen/ec/dpi600\tcti1200.pk> <C:\Users\marco\AppData\Local\MiKTeX\fonts/pk/ljfour/jknappen/ec/dpi600\tcrm1200.pk><C:/Users/marco/AppData/Local/Programs/MiKTeX/fonts/type1/public/amsfonts/cm/cmbx12.pfb><C:/Users/marco/AppData/Local/Programs/MiKTeX/fonts/type1/public/amsfonts/cm/cmbxti10.pfb><C:/Users/marco/AppData/Local/Programs/MiKTeX/fonts/type1/public/amsfonts/cm/cmmi12.pfb><C:/Users/marco/AppData/Local/Programs/MiKTeX/fonts/type1/public/amsfonts/cm/cmmi6.pfb><C:/Users/marco/AppData/Local/Programs/MiKTeX/fonts/type1/public/amsfonts/cm/cmmi8.pfb><C:/Users/marco/AppData/Local/Programs/MiKTeX/fonts/type1/public/amsfonts/cm/cmr12.pfb><C:/Users/marco/AppData/Local/Programs/MiKTeX/fonts/type1/public/amsfonts/cm/cmr17.pfb><C:/Users/marco/AppData/Local/Programs/MiKTeX/fonts/type1/public/amsfonts/cm/cmr8.pfb><C:/Users/marco/AppData/Local/Programs/MiKTeX/fonts/type1/public/amsfonts/cm/cmsy10.pfb><C:/Users/marco/AppData/Local/Programs/MiKTeX/fonts/type1/public/amsfonts/cm/cmsy8.pfb><C:/Users/marco/AppData/Local/Programs/MiKTeX/fonts/type1/public/amsfonts/cm/cmti12.pfb><C:/Users/marco/AppData/Local/Programs/MiKTeX/fonts/type1/public/amsfonts/cm/cmtt12.pfb><C:/Users/marco/AppData/Local/Programs/MiKTeX/fonts/type1/public/amsfonts/symbols/msam10.pfb>
Output written on RETI.pdf (143 pages, 10483120 bytes).
PDF statistics:
 2382 PDF objects out of 2487 (max. 8388607)
 449 named destinations out of 1000 (max. 500000)
 2681 words of extra memory for PDF output out of 10000 (max. 10000000)

