This is pdfTeX, Version 3.141592653-2.6-1.40.25 (MiKTeX 24.1) (preloaded format=pdflatex 2024.3.13)  17 OCT 2024 13:56
entering extended mode
 restricted \write18 enabled.
 file:line:error style messages enabled.
 %&-line parsing enabled.
**"c:/Users/marco/Desktop/Cartelle_Desktop/Universita/Materie/3_Anno/Interazione Uomo-Macchina/Appunti/IUM.tex"
(c:/Users/marco/Desktop/Cartelle_Desktop/Universita/Materie/3_Anno/Interazione Uomo-Macchina/Appunti/IUM.tex
LaTeX2e <2023-11-01> patch level 1
L3 programming layer <2024-02-20>
(C:\Users\marco\AppData\Local\Programs\MiKTeX\tex/latex/base\report.cls
Document Class: report 2023/05/17 v1.4n Standard LaTeX document class
(C:\Users\marco\AppData\Local\Programs\MiKTeX\tex/latex/base\size10.clo
File: size10.clo 2023/05/17 v1.4n Standard LaTeX file (size option)
)
\c@part=\count188
\c@chapter=\count189
\c@section=\count190
\c@subsection=\count191
\c@subsubsection=\count192
\c@paragraph=\count193
\c@subparagraph=\count194
\c@figure=\count195
\c@table=\count196
\abovecaptionskip=\skip48
\belowcaptionskip=\skip49
\bibindent=\dimen140
) (C:\Users\marco\AppData\Local\Programs\MiKTeX\tex/generic/genmisc\nth.sty
Package: nth 2002/02/27
) (C:\Users\marco\AppData\Local\Programs\MiKTeX\tex/latex/fancyhdr\fancyhdr.sty
Package: fancyhdr 2022/11/09 v4.1 Extensive control of page headers and footers
\f@nch@headwidth=\skip50
\f@nch@O@elh=\skip51
\f@nch@O@erh=\skip52
\f@nch@O@olh=\skip53
\f@nch@O@orh=\skip54
\f@nch@O@elf=\skip55
\f@nch@O@erf=\skip56
\f@nch@O@olf=\skip57
\f@nch@O@orf=\skip58
) (C:\Users\marco\AppData\Local\Programs\MiKTeX\tex/latex/titlesec\titlesec.sty
Package: titlesec 2023/10/27 v2.16 Sectioning titles
\ttl@box=\box51
\beforetitleunit=\skip59
\aftertitleunit=\skip60
\ttl@plus=\dimen141
\ttl@minus=\dimen142
\ttl@toksa=\toks17
\titlewidth=\dimen143
\titlewidthlast=\dimen144
\titlewidthfirst=\dimen145
) (C:\Users\marco\AppData\Local\Programs\MiKTeX\tex/latex/amsmath\amsmath.sty
Package: amsmath 2023/05/13 v2.17o AMS math features
\@mathmargin=\skip61

For additional information on amsmath, use the `?' option.
(C:\Users\marco\AppData\Local\Programs\MiKTeX\tex/latex/amsmath\amstext.sty
Package: amstext 2021/08/26 v2.01 AMS text
 (C:\Users\marco\AppData\Local\Programs\MiKTeX\tex/latex/amsmath\amsgen.sty
File: amsgen.sty 1999/11/30 v2.0 generic functions
\@emptytoks=\toks18
\ex@=\dimen146
)) (C:\Users\marco\AppData\Local\Programs\MiKTeX\tex/latex/amsmath\amsbsy.sty
Package: amsbsy 1999/11/29 v1.2d Bold Symbols
\pmbraise@=\dimen147
) (C:\Users\marco\AppData\Local\Programs\MiKTeX\tex/latex/amsmath\amsopn.sty
Package: amsopn 2022/04/08 v2.04 operator names
)
\inf@bad=\count197
LaTeX Info: Redefining \frac on input line 234.
\uproot@=\count198
\leftroot@=\count199
LaTeX Info: Redefining \overline on input line 399.
LaTeX Info: Redefining \colon on input line 410.
\classnum@=\count266
\DOTSCASE@=\count267
LaTeX Info: Redefining \ldots on input line 496.
LaTeX Info: Redefining \dots on input line 499.
LaTeX Info: Redefining \cdots on input line 620.
\Mathstrutbox@=\box52
\strutbox@=\box53
LaTeX Info: Redefining \big on input line 722.
LaTeX Info: Redefining \Big on input line 723.
LaTeX Info: Redefining \bigg on input line 724.
LaTeX Info: Redefining \Bigg on input line 725.
\big@size=\dimen148
LaTeX Font Info:    Redeclaring font encoding OML on input line 743.
LaTeX Font Info:    Redeclaring font encoding OMS on input line 744.
\macc@depth=\count268
LaTeX Info: Redefining \bmod on input line 905.
LaTeX Info: Redefining \pmod on input line 910.
LaTeX Info: Redefining \smash on input line 940.
LaTeX Info: Redefining \relbar on input line 970.
LaTeX Info: Redefining \Relbar on input line 971.
\c@MaxMatrixCols=\count269
\dotsspace@=\muskip16
\c@parentequation=\count270
\dspbrk@lvl=\count271
\tag@help=\toks19
\row@=\count272
\column@=\count273
\maxfields@=\count274
\andhelp@=\toks20
\eqnshift@=\dimen149
\alignsep@=\dimen150
\tagshift@=\dimen151
\tagwidth@=\dimen152
\totwidth@=\dimen153
\lineht@=\dimen154
\@envbody=\toks21
\multlinegap=\skip62
\multlinetaggap=\skip63
\mathdisplay@stack=\toks22
LaTeX Info: Redefining \[ on input line 2953.
LaTeX Info: Redefining \] on input line 2954.
) (C:\Users\marco\AppData\Local\Programs\MiKTeX\tex/latex/amsfonts\amssymb.sty
Package: amssymb 2013/01/14 v3.01 AMS font symbols
 (C:\Users\marco\AppData\Local\Programs\MiKTeX\tex/latex/amsfonts\amsfonts.sty
Package: amsfonts 2013/01/14 v3.01 Basic AMSFonts support
\symAMSa=\mathgroup4
\symAMSb=\mathgroup5
LaTeX Font Info:    Redeclaring math symbol \hbar on input line 98.
LaTeX Font Info:    Overwriting math alphabet `\mathfrak' in version `bold'
(Font)                  U/euf/m/n --> U/euf/b/n on input line 106.
)) (C:\Users\marco\AppData\Local\Programs\MiKTeX\tex/latex/graphics\graphicx.sty
Package: graphicx 2021/09/16 v1.2d Enhanced LaTeX Graphics (DPC,SPQR)
 (C:\Users\marco\AppData\Local\Programs\MiKTeX\tex/latex/graphics\keyval.sty
Package: keyval 2022/05/29 v1.15 key=value parser (DPC)
\KV@toks@=\toks23
) (C:\Users\marco\AppData\Local\Programs\MiKTeX\tex/latex/graphics\graphics.sty
Package: graphics 2022/03/10 v1.4e Standard LaTeX Graphics (DPC,SPQR)
 (C:\Users\marco\AppData\Local\Programs\MiKTeX\tex/latex/graphics\trig.sty
Package: trig 2021/08/11 v1.11 sin cos tan (DPC)
) (C:\Users\marco\AppData\Local\Programs\MiKTeX\tex/latex/graphics-cfg\graphics.cfg
File: graphics.cfg 2016/06/04 v1.11 sample graphics configuration
)
Package graphics Info: Driver file: pdftex.def on input line 107.
 (C:\Users\marco\AppData\Local\Programs\MiKTeX\tex/latex/graphics-def\pdftex.def
File: pdftex.def 2022/09/22 v1.2b Graphics/color driver for pdftex
))
\Gin@req@height=\dimen155
\Gin@req@width=\dimen156
) (C:\Users\marco\AppData\Local\Programs\MiKTeX\tex/latex/csquotes\csquotes.sty
Package: csquotes 2024-04-04 v5.2o context-sensitive quotations (JAW)
 (C:\Users\marco\AppData\Local\Programs\MiKTeX\tex/latex/etoolbox\etoolbox.sty
Package: etoolbox 2020/10/05 v2.5k e-TeX tools for LaTeX (JAW)
\etb@tempcnta=\count275
)
\csq@reset=\count276
\csq@gtype=\count277
\csq@glevel=\count278
\csq@qlevel=\count279
\csq@maxlvl=\count280
\csq@tshold=\count281
\csq@ltx@everypar=\toks24
 (C:\Users\marco\AppData\Local\Programs\MiKTeX\tex/latex/csquotes\csquotes.def
File: csquotes.def 2024-04-04 v5.2o csquotes generic definitions (JAW)
)
Package csquotes Info: Trying to load configuration file 'csquotes.cfg'...
Package csquotes Info: ... configuration file loaded successfully.
 (C:\Users\marco\AppData\Local\Programs\MiKTeX\tex/latex/csquotes\csquotes.cfg
File: csquotes.cfg 
)) (C:\Users\marco\AppData\Local\Programs\MiKTeX\tex/latex/hyperref\hyperref.sty
Package: hyperref 2024-01-20 v7.01h Hypertext links for LaTeX
 (C:\Users\marco\AppData\Local\Programs\MiKTeX\tex/generic/iftex\iftex.sty
Package: iftex 2022/02/03 v1.0f TeX engine tests
) (C:\Users\marco\AppData\Local\Programs\MiKTeX\tex/latex/kvsetkeys\kvsetkeys.sty
Package: kvsetkeys 2022-10-05 v1.19 Key value parser (HO)
) (C:\Users\marco\AppData\Local\Programs\MiKTeX\tex/generic/kvdefinekeys\kvdefinekeys.sty
Package: kvdefinekeys 2019-12-19 v1.6 Define keys (HO)
) (C:\Users\marco\AppData\Local\Programs\MiKTeX\tex/generic/pdfescape\pdfescape.sty
Package: pdfescape 2019/12/09 v1.15 Implements pdfTeX's escape features (HO)
 (C:\Users\marco\AppData\Local\Programs\MiKTeX\tex/generic/ltxcmds\ltxcmds.sty
Package: ltxcmds 2023-12-04 v1.26 LaTeX kernel commands for general use (HO)
) (C:\Users\marco\AppData\Local\Programs\MiKTeX\tex/generic/pdftexcmds\pdftexcmds.sty
Package: pdftexcmds 2020-06-27 v0.33 Utility functions of pdfTeX for LuaTeX (HO)
 (C:\Users\marco\AppData\Local\Programs\MiKTeX\tex/generic/infwarerr\infwarerr.sty
Package: infwarerr 2019/12/03 v1.5 Providing info/warning/error messages (HO)
)
Package pdftexcmds Info: \pdf@primitive is available.
Package pdftexcmds Info: \pdf@ifprimitive is available.
Package pdftexcmds Info: \pdfdraftmode found.
)) (C:\Users\marco\AppData\Local\Programs\MiKTeX\tex/latex/hycolor\hycolor.sty
Package: hycolor 2020-01-27 v1.10 Color options for hyperref/bookmark (HO)
) (C:\Users\marco\AppData\Local\Programs\MiKTeX\tex/latex/auxhook\auxhook.sty
Package: auxhook 2019-12-17 v1.6 Hooks for auxiliary files (HO)
) (C:\Users\marco\AppData\Local\Programs\MiKTeX\tex/latex/hyperref\nameref.sty
Package: nameref 2023-11-26 v2.56 Cross-referencing by name of section
 (C:\Users\marco\AppData\Local\Programs\MiKTeX\tex/latex/refcount\refcount.sty
Package: refcount 2019/12/15 v3.6 Data extraction from label references (HO)
) (C:\Users\marco\AppData\Local\Programs\MiKTeX\tex/generic/gettitlestring\gettitlestring.sty
Package: gettitlestring 2019/12/15 v1.6 Cleanup title references (HO)
 (C:\Users\marco\AppData\Local\Programs\MiKTeX\tex/latex/kvoptions\kvoptions.sty
Package: kvoptions 2022-06-15 v3.15 Key value format for package options (HO)
))
\c@section@level=\count282
)
\@linkdim=\dimen157
\Hy@linkcounter=\count283
\Hy@pagecounter=\count284
 (C:\Users\marco\AppData\Local\Programs\MiKTeX\tex/latex/hyperref\pd1enc.def
File: pd1enc.def 2024-01-20 v7.01h Hyperref: PDFDocEncoding definition (HO)
Now handling font encoding PD1 ...
... no UTF-8 mapping file for font encoding PD1
) (C:\Users\marco\AppData\Local\Programs\MiKTeX\tex/generic/intcalc\intcalc.sty
Package: intcalc 2019/12/15 v1.3 Expandable calculations with integers (HO)
)
\Hy@SavedSpaceFactor=\count285
 (C:\Users\marco\AppData\Local\Programs\MiKTeX\tex/latex/hyperref\puenc.def
File: puenc.def 2024-01-20 v7.01h Hyperref: PDF Unicode definition (HO)
Now handling font encoding PU ...
... no UTF-8 mapping file for font encoding PU
)
Package hyperref Info: Hyper figures OFF on input line 4179.
Package hyperref Info: Link nesting OFF on input line 4184.
Package hyperref Info: Hyper index ON on input line 4187.
Package hyperref Info: Plain pages OFF on input line 4194.
Package hyperref Info: Backreferencing OFF on input line 4199.
Package hyperref Info: Implicit mode ON; LaTeX internals redefined.
Package hyperref Info: Bookmarks ON on input line 4446.
\c@Hy@tempcnt=\count286
 (C:\Users\marco\AppData\Local\Programs\MiKTeX\tex/latex/url\url.sty
\Urlmuskip=\muskip17
Package: url 2013/09/16  ver 3.4  Verb mode for urls, etc.
)
LaTeX Info: Redefining \url on input line 4784.
\XeTeXLinkMargin=\dimen158
 (C:\Users\marco\AppData\Local\Programs\MiKTeX\tex/generic/bitset\bitset.sty
Package: bitset 2019/12/09 v1.3 Handle bit-vector datatype (HO)
 (C:\Users\marco\AppData\Local\Programs\MiKTeX\tex/generic/bigintcalc\bigintcalc.sty
Package: bigintcalc 2019/12/15 v1.5 Expandable calculations on big integers (HO)
))
\Fld@menulength=\count287
\Field@Width=\dimen159
\Fld@charsize=\dimen160
Package hyperref Info: Hyper figures OFF on input line 6063.
Package hyperref Info: Link nesting OFF on input line 6068.
Package hyperref Info: Hyper index ON on input line 6071.
Package hyperref Info: backreferencing OFF on input line 6078.
Package hyperref Info: Link coloring OFF on input line 6083.
Package hyperref Info: Link coloring with OCG OFF on input line 6088.
Package hyperref Info: PDF/A mode OFF on input line 6093.
 (C:\Users\marco\AppData\Local\Programs\MiKTeX\tex/latex/base\atbegshi-ltx.sty
Package: atbegshi-ltx 2021/01/10 v1.0c Emulation of the original atbegshi
package with kernel methods
)
\Hy@abspage=\count288
\c@Item=\count289
\c@Hfootnote=\count290
)
Package hyperref Info: Driver (autodetected): hpdftex.
 (C:\Users\marco\AppData\Local\Programs\MiKTeX\tex/latex/hyperref\hpdftex.def
File: hpdftex.def 2024-01-20 v7.01h Hyperref driver for pdfTeX
 (C:\Users\marco\AppData\Local\Programs\MiKTeX\tex/latex/base\atveryend-ltx.sty
Package: atveryend-ltx 2020/08/19 v1.0a Emulation of the original atveryend package
with kernel methods
)
\Fld@listcount=\count291
\c@bookmark@seq@number=\count292
 (C:\Users\marco\AppData\Local\Programs\MiKTeX\tex/latex/rerunfilecheck\rerunfilecheck.sty
Package: rerunfilecheck 2022-07-10 v1.10 Rerun checks for auxiliary files (HO)
 (C:\Users\marco\AppData\Local\Programs\MiKTeX\tex/generic/uniquecounter\uniquecounter.sty
Package: uniquecounter 2019/12/15 v1.4 Provide unlimited unique counter (HO)
)
Package uniquecounter Info: New unique counter `rerunfilecheck' on input line 285.
)
\Hy@SectionHShift=\skip64
)
Package csquotes Info: Checking for multilingual support...
Package csquotes Info: ... none found.
 (C:\Users\marco\AppData\Local\Programs\MiKTeX\tex/latex/l3backend\l3backend-pdftex.def
File: l3backend-pdftex.def 2024-02-20 L3 backend support: PDF output (pdfTeX)
\l__color_backend_stack_int=\count293
\l__pdf_internal_box=\box54
) (IUM.aux)
\openout1 = `IUM.aux'.

LaTeX Font Info:    Checking defaults for OML/cmm/m/it on input line 22.
LaTeX Font Info:    ... okay on input line 22.
LaTeX Font Info:    Checking defaults for OMS/cmsy/m/n on input line 22.
LaTeX Font Info:    ... okay on input line 22.
LaTeX Font Info:    Checking defaults for OT1/cmr/m/n on input line 22.
LaTeX Font Info:    ... okay on input line 22.
LaTeX Font Info:    Checking defaults for T1/cmr/m/n on input line 22.
LaTeX Font Info:    ... okay on input line 22.
LaTeX Font Info:    Checking defaults for TS1/cmr/m/n on input line 22.
LaTeX Font Info:    ... okay on input line 22.
LaTeX Font Info:    Checking defaults for OMX/cmex/m/n on input line 22.
LaTeX Font Info:    ... okay on input line 22.
LaTeX Font Info:    Checking defaults for U/cmr/m/n on input line 22.
LaTeX Font Info:    ... okay on input line 22.
LaTeX Font Info:    Checking defaults for PD1/pdf/m/n on input line 22.
LaTeX Font Info:    ... okay on input line 22.
LaTeX Font Info:    Checking defaults for PU/pdf/m/n on input line 22.
LaTeX Font Info:    ... okay on input line 22.
 (C:\Users\marco\AppData\Local\Programs\MiKTeX\tex/context/base/mkii\supp-pdf.mkii
[Loading MPS to PDF converter (version 2006.09.02).]
\scratchcounter=\count294
\scratchdimen=\dimen161
\scratchbox=\box55
\nofMPsegments=\count295
\nofMParguments=\count296
\everyMPshowfont=\toks25
\MPscratchCnt=\count297
\MPscratchDim=\dimen162
\MPnumerator=\count298
\makeMPintoPDFobject=\count299
\everyMPtoPDFconversion=\toks26
) (C:\Users\marco\AppData\Local\Programs\MiKTeX\tex/latex/epstopdf-pkg\epstopdf-base.sty
Package: epstopdf-base 2020-01-24 v2.11 Base part for package epstopdf
Package epstopdf-base Info: Redefining graphics rule for `.eps' on input line 485.
 (C:\Users\marco\AppData\Local\Programs\MiKTeX\tex/latex/00miktex\epstopdf-sys.cfg
File: epstopdf-sys.cfg 2021/03/18 v2.0 Configuration of epstopdf for MiKTeX
))
Package hyperref Info: Link coloring OFF on input line 22.
 (IUM.out) (IUM.out)
\@outlinefile=\write3
\openout3 = `IUM.out'.

LaTeX Font Info:    Trying to load font information for U+msa on input line 24.
 (C:\Users\marco\AppData\Local\Programs\MiKTeX\tex/latex/amsfonts\umsa.fd
File: umsa.fd 2013/01/14 v3.01 AMS symbols A
)
LaTeX Font Info:    Trying to load font information for U+msb on input line 24.
 (C:\Users\marco\AppData\Local\Programs\MiKTeX\tex/latex/amsfonts\umsb.fd
File: umsb.fd 2013/01/14 v3.01 AMS symbols B
) [1

{C:/Users/marco/AppData/Local/MiKTeX/fonts/map/pdftex/pdftex.map}] (IUM.toc)
\tf@toc=\write4
\openout4 = `IUM.toc'.


pdfTeX warning (ext4): destination with the same identifier (name{page.1}) has been already used, duplicate ignored
<to be read again> 
                   \relax 
l.25 	\newpage
               [1

]
Chapter 1.

Overfull \hbox (7.3061pt too wide) in paragraph at lines 40--41
\OT1/cmr/m/n/10 sis-temi soft-ware, in-clu-dendo sia as-petti teorici che pratici come l'architettura
 []

[2

]
Overfull \hbox (1.71515pt too wide) in paragraph at lines 52--53
[]\OT1/cmr/m/n/10 Progettazione di nuove \OT1/cmr/bx/n/10 tec-niche di in-ter-azione\OT1/cmr/m/n/10 : es-plo-razione di modalit^^Ra
 []


Overfull \hbox (5.61063pt too wide) in paragraph at lines 58--59
\OT1/cmr/m/n/10 L'Human-Computer In-ter-ac-tion (HCI) ^^Re una dis-ci-plina che nasce dall'integrazione
 []


Overfull \hbox (19.1733pt too wide) in paragraph at lines 63--64
[]\OT1/cmr/bx/n/10 Scienza della pro-get-tazione\OT1/cmr/m/n/10 : Qui ri-en-trano l'interaction de-sign e l'industrial
 []

[3] [4]
Chapter 2.
[5

]
Overfull \hbox (5.03612pt too wide) in paragraph at lines 104--105
[]\OT1/cmr/bx/n/10 Soddisfazione\OT1/cmr/m/n/10 : Rap-p-re-senta il grado di pi-acere e grat-i-fi-cazione che l'utente
 []

[6]
Overfull \hbox (2.47293pt too wide) in paragraph at lines 118--119
\OT1/cmr/m/n/10 reazioni di un utente che derivano dall'uso o dall'aspettativa d'uso di un prodotto,
 []


Overfull \hbox (5.29684pt too wide) in paragraph at lines 118--119
\OT1/cmr/m/n/10 du-rante l'interazione con esso. L'esperienza utente in-clude le emozioni dell'utente,
 []

[7]
Overfull \hbox (5.03612pt too wide) in paragraph at lines 126--127
[]\OT1/cmr/bx/n/10 Soddisfazione\OT1/cmr/m/n/10 : Rap-p-re-senta il grado di pi-acere e grat-i-fi-cazione che l'utente
 []


Overfull \hbox (11.05504pt too wide) in paragraph at lines 135--140
\OT1/cmr/m/n/10 La User eX-pe-ri-ence (UX) ^^Re un con-cetto pi^^Ru am-pio e com-p-lesso rispetto all'usabilit^^Ra,
 []


Overfull \hbox (7.76903pt too wide) in paragraph at lines 135--140
\OT1/cmr/m/n/10 sull'aestetica e sul di-ver-ti-mento. C'^^Re una cor-re-lazione tra l'aestetica e la percezione
 []

[8] [9]
<assets/hcd.png, id=187, 725.71124pt x 472.76625pt>
File: assets/hcd.png Graphic file (type png)
<use assets/hcd.png>
Package pdftex.def Info: assets/hcd.png  used on input line 156.
(pdftex.def)             Requested size: 362.85474pt x 236.38254pt.

Overfull \hbox (17.85474pt too wide) in paragraph at lines 156--157
 [] 
 []

[10 <./assets/hcd.png>]
Overfull \hbox (7.37413pt too wide) in paragraph at lines 165--166
[]\OT1/cmr/bx/n/10 Designed so-lu-tions meet user re-quire-ments\OT1/cmr/m/n/10 : Im-ple-mentare le soluzioni
 []

[11]
Chapter 3.
[12

]
<assets/requisiti.png, id=208, 560.8453pt x 205.5178pt>
File: assets/requisiti.png Graphic file (type png)
<use assets/requisiti.png>
Package pdftex.def Info: assets/requisiti.png  used on input line 186.
(pdftex.def)             Requested size: 280.42197pt x 102.75865pt.
 [13 <./assets/requisiti.png>]
Overfull \hbox (15.9335pt too wide) in paragraph at lines 208--209
[]\OT1/cmr/bx/n/10 Osservazioni\OT1/cmr/m/n/10 : Os-ser-vazioni di-rette degli utenti du-rante l'utilizzo del prodotto
 []

[14]
Overfull \hbox (15.19505pt too wide) in paragraph at lines 224--225
[]\OT1/cmr/m/n/10 identificare i bisogni dell'utente, iden-ti-f-i-cando l'obiettivo che essi vogliono
 []


Overfull \hbox (3.08388pt too wide) in paragraph at lines 237--238
[]\OT1/cmr/m/n/10 definire la strut-tura in det-taglio, se uti-liz-zare do-mande chiuse o aperte,
 []


Overfull \hbox (9.94511pt too wide) in paragraph at lines 240--241
[]\OT1/cmr/m/n/10 non chiedere va-l-u-tazioni sull'importanza di un as-petto dell'applicazione,
 []

[15]
Overfull \hbox (19.08395pt too wide) in paragraph at lines 244--245
[]\OT1/cmr/m/n/10 identificare l'ambiente in cui l'utente opera, per-me-t-tendo all'intervistatore
 []

<assets/intervista.png, id=223, 469.00218pt x 276.28218pt>
File: assets/intervista.png Graphic file (type png)
<use assets/intervista.png>
Package pdftex.def Info: assets/intervista.png  used on input line 252.
(pdftex.def)             Requested size: 234.50052pt x 138.14075pt.
[16 <./assets/intervista.png>] [17]
Overfull \hbox (31.88954pt too wide) in paragraph at lines 292--295
\OT1/cmr/m/n/10 Questa tec-nica ^^Re ispi-rata dall'etnografia, ovvero la dis-ci-plina che si basa sull'osservazione
 []


Overfull \hbox (6.3339pt too wide) in paragraph at lines 297--298
\OT1/cmr/m/n/10 L'osservazione sul campo ^^Re una tec-nica di rac-colta dati che coin-volge l'osservazione
 []


Overfull \hbox (39.34248pt too wide) in paragraph at lines 299--300
[]\OT1/cmr/bx/n/10 Definire l'obiettivo dell'osservazione\OT1/cmr/m/n/10 : Iden-ti-fi-care gli obi-et-tivi dell'osservazione
 []


Overfull \hbox (23.3484pt too wide) in paragraph at lines 300--301
[]\OT1/cmr/bx/n/10 Selezionare il con-testo\OT1/cmr/m/n/10 : Iden-ti-fi-care il con-testo in cui si svol-ger^^Ra l'osservazione
 []


Overfull \hbox (31.63277pt too wide) in paragraph at lines 301--302
[]\OT1/cmr/bx/n/10 Individuare i parte-ci-panti e le sedi\OT1/cmr/m/n/10 : Iden-ti-fi-care i parte-ci-panti all'osservazione
 []

[18] [19] [20]
Overfull \hbox (30.51927pt too wide) in paragraph at lines 352--353
\OT1/cmr/m/n/10 prob-lema e i punti di vista cor-re-lati. Of-frono il van-tag-gio di per-me-t-tere all'intervistatore
 []

[21] [22]
Chapter 4.
<assets/ucd.png, id=257, 395.97937pt x 237.13594pt>
File: assets/ucd.png Graphic file (type png)
<use assets/ucd.png>
Package pdftex.def Info: assets/ucd.png  used on input line 391.
(pdftex.def)             Requested size: 197.9892pt x 118.56767pt.
<assets/ucd2.png, id=258, 553.31718pt x 107.65219pt>
File: assets/ucd2.png Graphic file (type png)
<use assets/ucd2.png>
Package pdftex.def Info: assets/ucd2.png  used on input line 397.
(pdftex.def)             Requested size: 276.65791pt x 53.82596pt.
[23

 <./assets/ucd.png> <./assets/ucd2.png>]
<assets/discovery.png, id=265, 545.78906pt x 330.48468pt>
File: assets/discovery.png Graphic file (type png)
<use assets/discovery.png>
Package pdftex.def Info: assets/discovery.png  used on input line 403.
(pdftex.def)             Requested size: 272.89386pt x 165.24193pt.
 [24 <./assets/discovery.png>] (IUM.aux)
 ***********
LaTeX2e <2023-11-01> patch level 1
L3 programming layer <2024-02-20>
 ***********
Package rerunfilecheck Info: File `IUM.out' has not changed.
(rerunfilecheck)             Checksum: D253EC53AA79052400BDFCA1D0279D5A;5020.
 ) 
Here is how much of TeX's memory you used:
 10824 strings out of 474457
 166474 string characters out of 5742754
 1936190 words of memory out of 5000000
 32947 multiletter control sequences out of 15000+600000
 567825 words of font info for 73 fonts, out of 8000000 for 9000
 1141 hyphenation exceptions out of 8191
 75i,12n,79p,1016b,617s stack positions out of 10000i,1000n,20000p,200000b,200000s
 <C:\Users\marco\AppData\Local\MiKTeX\fonts/pk/ljfour/jknappen/ec/dpi600\tcrm1000.pk><C:/Users/marco/AppData/Local/Programs/MiKTeX/fonts/type1/public/amsfonts/cm/cmbx10.pfb><C:/Users/marco/AppData/Local/Programs/MiKTeX/fonts/type1/public/amsfonts/cm/cmbx12.pfb><C:/Users/marco/AppData/Local/Programs/MiKTeX/fonts/type1/public/amsfonts/cm/cmr10.pfb><C:/Users/marco/AppData/Local/Programs/MiKTeX/fonts/type1/public/amsfonts/cm/cmr12.pfb><C:/Users/marco/AppData/Local/Programs/MiKTeX/fonts/type1/public/amsfonts/cm/cmr17.pfb><C:/Users/marco/AppData/Local/Programs/MiKTeX/fonts/type1/public/amsfonts/cm/cmti10.pfb>
Output written on IUM.pdf (25 pages, 565217 bytes).
PDF statistics:
 318 PDF objects out of 1000 (max. 8388607)
 62 named destinations out of 1000 (max. 500000)
 247 words of extra memory for PDF output out of 10000 (max. 10000000)

