\BOOKMARK [0][-]{chapter.1}{\376\377\000I\000n\000t\000r\000o\000d\000u\000z\000i\000o\000n\000e}{}% 1
\BOOKMARK [1][-]{section.1.1}{\376\377\000L\000e\000\040\000R\000e\000t\000i}{chapter.1}% 2
\BOOKMARK [2][-]{subsection.1.1.1}{\376\377\000P\000A\000N\000\040\000-\000\040\000P\000e\000r\000s\000o\000n\000a\000l\000\040\000A\000r\000e\000a\000\040\000N\000e\000t\000w\000o\000r\000k}{section.1.1}% 3
\BOOKMARK [2][-]{subsection.1.1.2}{\376\377\000L\000A\000N\000\040\000-\000\040\000L\000o\000c\000a\000l\000\040\000A\000r\000e\000a\000\040\000N\000e\000t\000w\000o\000r\000k}{section.1.1}% 4
\BOOKMARK [2][-]{subsection.1.1.3}{\376\377\000M\000A\000N\000\040\000-\000\040\000M\000e\000t\000r\000o\000p\000o\000l\000i\000t\000a\000n\000\040\000A\000r\000e\000a\000\040\000N\000e\000t\000w\000o\000r\000k}{section.1.1}% 5
\BOOKMARK [2][-]{subsection.1.1.4}{\376\377\000W\000A\000N\000\040\000-\000\040\000W\000i\000d\000e\000\040\000A\000r\000e\000a\000\040\000N\000e\000t\000w\000o\000r\000k}{section.1.1}% 6
\BOOKMARK [2][-]{subsection.1.1.5}{\376\377\000I\000n\000t\000e\000r\000n\000e\000t\000w\000o\000r\000k}{section.1.1}% 7
\BOOKMARK [1][-]{section.1.2}{\376\377\000C\000o\000m\000m\000u\000t\000a\000z\000i\000o\000n\000e\000\040\000\050\000s\000w\000i\000t\000c\000h\000i\000n\000g\000\051}{chapter.1}% 8
\BOOKMARK [2][-]{subsection.1.2.1}{\376\377\000C\000o\000m\000m\000u\000t\000a\000z\000i\000o\000n\000e\000\040\000d\000i\000\040\000c\000i\000r\000c\000u\000i\000t\000o}{section.1.2}% 9
\BOOKMARK [2][-]{subsection.1.2.2}{\376\377\000C\000o\000m\000m\000u\000t\000a\000z\000i\000o\000n\000e\000\040\000d\000i\000\040\000p\000a\000c\000c\000h\000e\000t\000t\000o}{section.1.2}% 10
\BOOKMARK [1][-]{section.1.3}{\376\377\000I\000n\000t\000e\000r\000n\000e\000t}{chapter.1}% 11
\BOOKMARK [2][-]{subsection.1.3.1}{\376\377\000A\000c\000c\000e\000s\000s\000o\000\040\000v\000i\000a\000\040\000r\000e\000t\000e\000\040\000t\000e\000l\000e\000f\000o\000n\000i\000c\000a}{section.1.3}% 12
\BOOKMARK [2][-]{subsection.1.3.2}{\376\377\000A\000c\000c\000e\000s\000s\000o\000\040\000t\000r\000a\000m\000i\000t\000e\000\040\000r\000e\000t\000i\000\040\000w\000i\000r\000e\000l\000e\000s\000s}{section.1.3}% 13
\BOOKMARK [1][-]{section.1.4}{\376\377\000C\000a\000p\000a\000c\000i\000t\000\340\000\040\000d\000i\000\040\000p\000r\000e\000s\000t\000a\000z\000i\000o\000n\000i\000\040\000d\000e\000l\000l\000e\000\040\000r\000e\000t\000i}{chapter.1}% 14
\BOOKMARK [2][-]{subsection.1.4.1}{\376\377\000A\000m\000p\000i\000e\000z\000z\000a\000\040\000d\000i\000\040\000b\000a\000n\000d\000a\000\040\000e\000\040\000b\000i\000t\000r\000a\000t\000e}{section.1.4}% 15
\BOOKMARK [2][-]{subsection.1.4.2}{\376\377\000T\000h\000r\000o\000u\000g\000h\000p\000u\000t}{section.1.4}% 16
\BOOKMARK [2][-]{subsection.1.4.3}{\376\377\000L\000a\000t\000e\000n\000z\000a\000\040\000\050\000r\000i\000t\000a\000r\000d\000o\000\051}{section.1.4}% 17
\BOOKMARK [2][-]{subsection.1.4.4}{\376\377\000P\000r\000o\000d\000o\000t\000t\000o\000\040\000r\000a\000t\000e\000-\000r\000i\000t\000a\000r\000d\000o}{section.1.4}% 18
\BOOKMARK [2][-]{subsection.1.4.5}{\376\377\000P\000e\000r\000d\000i\000t\000a\000\040\000d\000i\000\040\000p\000a\000c\000c\000h\000e\000t\000t\000i}{section.1.4}% 19
\BOOKMARK [1][-]{section.1.5}{\376\377\000P\000r\000o\000t\000o\000c\000o\000l\000l\000i}{chapter.1}% 20
\BOOKMARK [1][-]{section.1.6}{\376\377\000S\000t\000a\000c\000k\000\040\000p\000r\000o\000t\000o\000c\000o\000l\000l\000a\000r\000e\000\040\000T\000C\000P\000/\000I\000P}{chapter.1}% 21
\BOOKMARK [2][-]{subsection.1.6.1}{\376\377\000I\000n\000c\000a\000p\000s\000u\000l\000a\000m\000e\000n\000t\000o\000\040\000e\000\040\000d\000e\000c\000a\000p\000s\000u\000l\000a\000m\000e\000n\000t\000o}{section.1.6}% 22
\BOOKMARK [2][-]{subsection.1.6.2}{\376\377\000I\000n\000d\000i\000r\000i\000z\000z\000a\000m\000e\000n\000t\000o}{section.1.6}% 23
\BOOKMARK [2][-]{subsection.1.6.3}{\376\377\000M\000u\000l\000t\000i\000p\000l\000e\000x\000i\000n\000g\000\040\000e\000\040\000D\000e\000m\000u\000l\000t\000i\000p\000l\000e\000x\000i\000n\000g}{section.1.6}% 24
\BOOKMARK [1][-]{section.1.7}{\376\377\000I\000l\000\040\000m\000o\000d\000e\000l\000l\000o\000\040\000O\000S\000I}{chapter.1}% 25
\BOOKMARK [1][-]{section.1.8}{\376\377\000S\000t\000o\000r\000i\000a\000\040\000d\000i\000\040\000I\000n\000t\000e\000r\000n\000e\000t}{chapter.1}% 26
\BOOKMARK [1][-]{section.1.9}{\376\377\000A\000m\000m\000i\000n\000i\000s\000t\000a\000z\000i\000o\000n\000e\000\040\000d\000e\000l\000l\000a\000\040\000r\000e\000t\000e\000\040\000I\000n\000t\000e\000r\000n\000e\000t}{chapter.1}% 27
\BOOKMARK [0][-]{chapter.2}{\376\377\000L\000e\000\040\000a\000r\000c\000h\000i\000t\000e\000t\000t\000u\000r\000e\000\040\000p\000a\000r\000a\000l\000l\000e\000l\000e}{}% 28
\BOOKMARK [1][-]{section.2.1}{\376\377\000T\000a\000s\000s\000o\000n\000o\000m\000i\000a\000\040\000d\000i\000\040\000F\000l\000y\000n\000n}{chapter.2}% 29
\BOOKMARK [2][-]{subsection.2.1.1}{\376\377\000S\000I\000S\000D\000\040\000\050\000S\000i\000n\000g\000l\000e\000\040\000I\000n\000s\000t\000r\000u\000c\000t\000i\000o\000n\000,\000\040\000S\000i\000n\000g\000l\000e\000\040\000D\000a\000t\000a\000\051}{section.2.1}% 30
\BOOKMARK [2][-]{subsection.2.1.2}{\376\377\000S\000I\000M\000D\000\040\000\050\000S\000i\000n\000g\000l\000e\000\040\000I\000n\000s\000t\000r\000u\000c\000t\000i\000o\000n\000,\000\040\000M\000u\000l\000t\000i\000p\000l\000e\000\040\000D\000a\000t\000a\000\051}{section.2.1}% 31
\BOOKMARK [2][-]{subsection.2.1.3}{\376\377\000M\000I\000S\000D\000\040\000\050\000M\000u\000l\000t\000i\000p\000l\000e\000\040\000I\000n\000s\000t\000r\000u\000c\000t\000i\000o\000n\000,\000\040\000S\000i\000n\000g\000l\000e\000\040\000D\000a\000t\000a\000\051}{section.2.1}% 32
\BOOKMARK [2][-]{subsection.2.1.4}{\376\377\000M\000I\000M\000D\000\040\000\050\000M\000u\000l\000t\000i\000p\000l\000e\000\040\000I\000n\000s\000t\000r\000u\000c\000t\000i\000o\000n\000,\000\040\000M\000u\000l\000t\000i\000p\000l\000e\000\040\000D\000a\000t\000a\000\051}{section.2.1}% 33
\BOOKMARK [0][-]{chapter.3}{\376\377\000S\000t\000o\000r\000a\000g\000e\000\040\000i\000n\000\040\000r\000e\000t\000e}{}% 34
\BOOKMARK [1][-]{section.3.1}{\376\377\000D\000A\000S}{chapter.3}% 35
\BOOKMARK [1][-]{section.3.2}{\376\377\000N\000A\000S}{chapter.3}% 36
\BOOKMARK [1][-]{section.3.3}{\376\377\000S\000A\000N}{chapter.3}% 37
\BOOKMARK [0][-]{chapter.4}{\376\377\000C\000l\000o\000u\000d\000\040\000C\000o\000m\000p\000u\000t\000i\000n\000g}{}% 38
\BOOKMARK [1][-]{section.4.1}{\376\377\000C\000a\000r\000a\000t\000t\000e\000r\000i\000s\000t\000i\000c\000h\000e\000\040\000p\000r\000i\000n\000c\000i\000p\000a\000l\000i\000\040\000d\000e\000l\000\040\000C\000l\000o\000u\000d}{chapter.4}% 39
\BOOKMARK [1][-]{section.4.2}{\376\377\000M\000o\000d\000e\000l\000l\000i\000\040\000d\000i\000\040\000S\000e\000r\000v\000i\000z\000i\000o\000\040\000n\000e\000l\000\040\000C\000l\000o\000u\000d}{chapter.4}% 40
\BOOKMARK [2][-]{subsection.4.2.1}{\376\377\000S\000a\000a\000S}{section.4.2}% 41
\BOOKMARK [2][-]{subsection.4.2.2}{\376\377\000P\000a\000a\000S}{section.4.2}% 42
\BOOKMARK [2][-]{subsection.4.2.3}{\376\377\000I\000a\000a\000S}{section.4.2}% 43
\BOOKMARK [1][-]{section.4.3}{\376\377\000M\000o\000d\000e\000l\000l\000i\000\040\000d\000i\000\040\000D\000i\000s\000t\000r\000i\000b\000u\000z\000i\000o\000n\000e\000\040\000d\000e\000l\000\040\000C\000l\000o\000u\000d}{chapter.4}% 44
\BOOKMARK [1][-]{section.4.4}{\376\377\000V\000a\000n\000t\000a\000g\000g\000i\000\040\000e\000\040\000S\000v\000a\000n\000t\000a\000g\000g\000i\000\040\000d\000e\000l\000\040\000C\000l\000o\000u\000d}{chapter.4}% 45
\BOOKMARK [0][-]{chapter.5}{\376\377\000R\000i\000l\000e\000v\000a\000z\000i\000o\000n\000e\000\040\000e\000\040\000c\000o\000r\000r\000e\000z\000i\000o\000n\000e\000\040\000d\000e\000g\000l\000i\000\040\000e\000r\000r\000o\000r\000i}{}% 46
\BOOKMARK [1][-]{section.5.1}{\376\377\000M\000e\000t\000o\000d\000i\000\040\000d\000i\000\040\000r\000i\000l\000e\000v\000a\000z\000i\000o\000n\000e\000\040\000d\000e\000g\000l\000i\000\040\000e\000r\000r\000o\000r\000i}{chapter.5}% 47
\BOOKMARK [2][-]{subsection.5.1.1}{\376\377\000B\000i\000t\000\040\000d\000i\000\040\000P\000a\000r\000i\000t\000\340}{section.5.1}% 48
\BOOKMARK [2][-]{subsection.5.1.2}{\376\377\000I\000n\000t\000e\000r\000n\000e\000t\000\040\000C\000h\000e\000c\000k\000s\000u\000m}{section.5.1}% 49
\BOOKMARK [1][-]{section.5.2}{\376\377\000M\000e\000t\000o\000d\000i\000\040\000d\000i\000\040\000r\000i\000l\000e\000v\000a\000m\000e\000n\000t\000o\000\040\000c\000o\000r\000r\000e\000z\000i\000o\000n\000e\000\040\000d\000e\000g\000l\000i\000\040\000e\000r\000r\000o\000r\000i}{chapter.5}% 50
\BOOKMARK [2][-]{subsection.5.2.1}{\376\377\000C\000o\000d\000i\000c\000i\000\040\000d\000i\000\040\000H\000a\000m\000m\000i\000n\000g}{section.5.2}% 51
\BOOKMARK [0][-]{chapter.6}{\376\377\000R\000e\000s\000i\000l\000i\000e\000n\000z\000a\000\040\000d\000e\000i\000\040\000s\000i\000s\000t\000e\000m\000i}{}% 52
\BOOKMARK [1][-]{section.6.1}{\376\377\000B\000a\000c\000k\000u\000p\000\040\000e\000\040\000r\000i\000p\000r\000i\000s\000t\000i\000n\000o}{chapter.6}% 53
\BOOKMARK [1][-]{section.6.2}{\376\377\000D\000i\000s\000a\000s\000t\000e\000r\000\040\000R\000e\000c\000o\000v\000e\000r\000y}{chapter.6}% 54
\BOOKMARK [1][-]{section.6.3}{\376\377\000B\000u\000s\000i\000n\000e\000s\000s\000\040\000C\000o\000n\000t\000i\000n\000u\000i\000t\000y}{chapter.6}% 55
\BOOKMARK [1][-]{section.6.4}{\376\377\000H\000o\000t\000\040\000S\000t\000a\000n\000d\000B\000y\000\040\000e\000\040\000C\000o\000l\000d\000\040\000S\000t\000a\000n\000d\000B\000y}{chapter.6}% 56
\BOOKMARK [0][-]{chapter.7}{\376\377\000L\000i\000n\000e\000a\000\040\000d\000i\000\040\000c\000o\000m\000a\000n\000d\000o\000\040\000d\000i\000\040\000W\000i\000n\000d\000o\000w\000s}{}% 57
\BOOKMARK [1][-]{section.7.1}{\376\377\000P\000r\000o\000m\000p\000t\000\040\000d\000e\000i\000\040\000c\000o\000m\000a\000n\000d\000i}{chapter.7}% 58
\BOOKMARK [1][-]{section.7.2}{\376\377\000S\000i\000n\000t\000a\000s\000s\000i\000\040\000d\000e\000i\000\040\000c\000o\000m\000a\000n\000d\000i}{chapter.7}% 59
\BOOKMARK [1][-]{section.7.3}{\376\377\000D\000r\000i\000v\000e}{chapter.7}% 60
\BOOKMARK [1][-]{section.7.4}{\376\377\000F\000i\000l\000e}{chapter.7}% 61
\BOOKMARK [1][-]{section.7.5}{\376\377\000D\000i\000r\000e\000c\000t\000o\000r\000y}{chapter.7}% 62
\BOOKMARK [1][-]{section.7.6}{\376\377\000P\000a\000t\000h\000n\000a\000m\000e}{chapter.7}% 63
\BOOKMARK [1][-]{section.7.7}{\376\377\000C\000o\000m\000a\000n\000d\000i}{chapter.7}% 64
\BOOKMARK [2][-]{subsection.7.7.1}{\376\377\000C\000o\000m\000a\000n\000d\000o\000\040\000C\000D}{section.7.7}% 65
\BOOKMARK [2][-]{subsection.7.7.2}{\376\377\000C\000o\000m\000a\000n\000d\000o\000\040\000C\000L\000S}{section.7.7}% 66
\BOOKMARK [2][-]{subsection.7.7.3}{\376\377\000C\000o\000m\000a\000n\000d\000o\000\040\000M\000D}{section.7.7}% 67
\BOOKMARK [2][-]{subsection.7.7.4}{\376\377\000C\000o\000m\000a\000n\000d\000o\000\040\000C\000O\000P\000Y}{section.7.7}% 68
\BOOKMARK [2][-]{subsection.7.7.5}{\376\377\000C\000a\000r\000a\000t\000t\000e\000r\000i\000\040\000j\000o\000l\000l\000y}{section.7.7}% 69
\BOOKMARK [2][-]{subsection.7.7.6}{\376\377\000C\000o\000m\000a\000n\000d\000o\000\040\000D\000E\000L}{section.7.7}% 70
\BOOKMARK [2][-]{subsection.7.7.7}{\376\377\000C\000o\000m\000a\000n\000d\000o\000\040\000D\000I\000R}{section.7.7}% 71
\BOOKMARK [2][-]{subsection.7.7.8}{\376\377\000C\000o\000m\000a\000n\000d\000o\000\040\000M\000O\000V\000E}{section.7.7}% 72
\BOOKMARK [2][-]{subsection.7.7.9}{\376\377\000C\000o\000m\000a\000n\000d\000o\000\040\000R\000E\000N}{section.7.7}% 73
\BOOKMARK [2][-]{subsection.7.7.10}{\376\377\000C\000o\000m\000a\000n\000d\000o\000\040\000X\000C\000O\000P\000Y}{section.7.7}% 74
\BOOKMARK [1][-]{section.7.8}{\376\377\000B\000a\000c\000k\000u\000p\000\040\000d\000i\000\040\000u\000n\000a\000\040\000d\000i\000r\000e\000c\000t\000o\000r\000y}{chapter.7}% 75
\BOOKMARK [1][-]{section.7.9}{\376\377\000I\000\040\000f\000i\000l\000e\000\040\000b\000a\000t\000c\000h}{chapter.7}% 76
\BOOKMARK [0][-]{chapter.8}{\376\377\000L\000i\000v\000e\000l\000l\000o\000\040\000A\000p\000p\000l\000i\000c\000a\000z\000i\000o\000n\000e}{}% 77
\BOOKMARK [1][-]{section.8.1}{\376\377\000P\000a\000r\000a\000d\000i\000g\000m\000i\000\040\000d\000e\000l\000\040\000L\000i\000v\000e\000l\000l\000o\000\040\000A\000p\000p\000l\000i\000c\000a\000z\000i\000o\000n\000e}{chapter.8}% 78
\BOOKMARK [1][-]{section.8.2}{\376\377\000M\000o\000d\000e\000l\000l\000o\000\040\000C\000l\000i\000e\000n\000t\000-\000S\000e\000r\000v\000e\000r}{chapter.8}% 79
\BOOKMARK [2][-]{subsection.8.2.1}{\376\377\000V\000a\000n\000t\000a\000g\000g\000i\000\040\000d\000e\000l\000\040\000C\000l\000i\000e\000n\000t\000-\000S\000e\000r\000v\000e\000r}{section.8.2}% 80
\BOOKMARK [2][-]{subsection.8.2.2}{\376\377\000S\000v\000a\000n\000t\000a\000g\000g\000i\000\040\000d\000e\000l\000\040\000C\000l\000i\000e\000n\000t\000-\000S\000e\000r\000v\000e\000r}{section.8.2}% 81
\BOOKMARK [1][-]{section.8.3}{\376\377\000T\000i\000p\000o\000l\000o\000g\000i\000e\000\040\000d\000i\000\040\000A\000m\000b\000i\000e\000n\000t\000e\000\040\000C\000l\000i\000e\000n\000t\000-\000S\000e\000r\000v\000e\000r}{chapter.8}% 82
\BOOKMARK [1][-]{section.8.4}{\376\377\000F\000i\000l\000e\000\040\000S\000e\000r\000v\000e\000r}{chapter.8}% 83
\BOOKMARK [2][-]{subsection.8.4.1}{\376\377\000V\000a\000n\000t\000a\000g\000g\000i\000\040\000d\000e\000l\000\040\000F\000i\000l\000e\000\040\000S\000e\000r\000v\000e\000r}{section.8.4}% 84
\BOOKMARK [2][-]{subsection.8.4.2}{\376\377\000S\000v\000a\000n\000t\000a\000g\000g\000i\000\040\000d\000e\000l\000\040\000F\000i\000l\000e\000\040\000S\000e\000r\000v\000e\000r}{section.8.4}% 85
\BOOKMARK [1][-]{section.8.5}{\376\377\000A\000p\000p\000l\000i\000c\000a\000t\000i\000o\000n\000\040\000S\000e\000r\000v\000e\000r}{chapter.8}% 86
\BOOKMARK [2][-]{subsection.8.5.1}{\376\377\000V\000a\000n\000t\000a\000g\000g\000i\000\040\000d\000e\000l\000l\000'\000A\000p\000p\000l\000i\000c\000a\000t\000i\000o\000n\000\040\000S\000e\000r\000v\000e\000r}{section.8.5}% 87
\BOOKMARK [2][-]{subsection.8.5.2}{\376\377\000S\000v\000a\000n\000t\000a\000g\000g\000i\000\040\000d\000e\000l\000l\000'\000A\000p\000p\000l\000i\000c\000a\000t\000i\000o\000n\000\040\000S\000e\000r\000v\000e\000r}{section.8.5}% 88
\BOOKMARK [1][-]{section.8.6}{\376\377\000M\000o\000d\000e\000l\000l\000o\000\040\000P\000e\000e\000r\000-\000t\000o\000-\000P\000e\000e\000r}{chapter.8}% 89
\BOOKMARK [2][-]{subsection.8.6.1}{\376\377\000V\000a\000n\000t\000a\000g\000g\000i\000\040\000d\000e\000l\000\040\000P\000e\000e\000r\000-\000t\000o\000-\000P\000e\000e\000r}{section.8.6}% 90
\BOOKMARK [2][-]{subsection.8.6.2}{\376\377\000S\000v\000a\000n\000t\000a\000g\000g\000i\000\040\000d\000e\000l\000\040\000P\000e\000e\000r\000-\000t\000o\000-\000P\000e\000e\000r}{section.8.6}% 91
\BOOKMARK [1][-]{section.8.7}{\376\377\000A\000P\000I\000\040\000-\000\040\000A\000p\000p\000l\000i\000c\000a\000t\000i\000o\000n\000\040\000P\000r\000o\000g\000r\000a\000m\000m\000i\000n\000g\000\040\000I\000n\000t\000e\000r\000f\000a\000c\000e}{chapter.8}% 92
\BOOKMARK [1][-]{section.8.8}{\376\377\000A\000p\000p\000l\000i\000c\000a\000z\000i\000o\000n\000i\000\040\000C\000l\000i\000e\000n\000t\000/\000S\000e\000r\000v\000e\000r\000\040\000S\000t\000a\000n\000d\000a\000r\000d}{chapter.8}% 93
\BOOKMARK [2][-]{subsection.8.8.1}{\376\377\000W\000W\000W}{section.8.8}% 94
\BOOKMARK [2][-]{subsection.8.8.2}{\376\377\000H\000T\000T\000P}{section.8.8}% 95
\BOOKMARK [3][-]{section*.2}{\376\377\000W\000e\000b\000\040\000C\000a\000c\000h\000i\000n\000g}{subsection.8.8.2}% 96
\BOOKMARK [3][-]{section*.2}{\376\377\000B\000r\000o\000w\000s\000e\000r}{subsection.8.8.2}% 97
\BOOKMARK [3][-]{section*.2}{\376\377\000U\000R\000L\000\040\000-\000\040\000U\000n\000i\000f\000o\000r\000m\000\040\000R\000e\000s\000o\000u\000r\000c\000e\000\040\000L\000o\000c\000a\000t\000o\000r}{subsection.8.8.2}% 98
\BOOKMARK [3][-]{section*.2}{\376\377\000D\000o\000c\000u\000m\000e\000n\000t\000i\000\040\000W\000e\000b}{subsection.8.8.2}% 99
\BOOKMARK [3][-]{section*.2}{\376\377\000C\000o\000n\000n\000e\000s\000s\000i\000o\000n\000i\000\040\000P\000e\000r\000s\000i\000s\000t\000e\000n\000t\000i\000\040\000e\000\040\000N\000o\000n\000\040\000P\000e\000r\000s\000i\000s\000t\000e\000n\000t\000i}{subsection.8.8.2}% 100
\BOOKMARK [3][-]{section*.2}{\376\377\000F\000o\000r\000m\000a\000t\000o\000\040\000d\000e\000i\000\040\000m\000e\000s\000s\000a\000g\000g\000i\000\040\000d\000i\000\040\000r\000i\000c\000h\000i\000e\000s\000t\000a\000\040\000e\000\040\000r\000i\000s\000p\000o\000s\000t\000a\000\040\000H\000T\000T\000P}{subsection.8.8.2}% 101
\BOOKMARK [3][-]{section*.2}{\376\377\000M\000e\000t\000o\000d\000i\000\040\000H\000T\000T\000P}{subsection.8.8.2}% 102
\BOOKMARK [3][-]{section*.2}{\376\377\000H\000e\000a\000d\000e\000r\000\040\000d\000i\000\040\000u\000n\000a\000\040\000r\000i\000c\000h\000i\000e\000s\000t\000a\000\040\000H\000T\000T\000P}{subsection.8.8.2}% 103
\BOOKMARK [3][-]{section*.2}{\376\377\000H\000e\000a\000d\000e\000r\000\040\000e\000\040\000m\000e\000s\000s\000a\000g\000g\000i\000o\000\040\000d\000i\000\040\000r\000i\000s\000p\000o\000s\000t\000a\000\040\000H\000T\000T\000P}{subsection.8.8.2}% 104
\BOOKMARK [3][-]{section*.2}{\376\377\000C\000o\000o\000k\000i\000e}{subsection.8.8.2}% 105
\BOOKMARK [3][-]{section*.2}{\376\377\000H\000o\000s\000t\000i\000n\000g\000\040\000e\000\040\000H\000o\000u\000s\000i\000n\000g}{subsection.8.8.2}% 106
\BOOKMARK [3][-]{section*.2}{\376\377\000H\000o\000s\000t\000i\000n\000g}{subsection.8.8.2}% 107
\BOOKMARK [3][-]{section*.2}{\376\377\000H\000o\000u\000s\000i\000n\000g}{subsection.8.8.2}% 108
\BOOKMARK [3][-]{section*.2}{\376\377\000V\000M\000\040\000-\000\040\000V\000i\000r\000t\000u\000a\000l\000\040\000M\000a\000c\000h\000i\000n\000e}{subsection.8.8.2}% 109
\BOOKMARK [2][-]{subsection.8.8.3}{\376\377\000F\000T\000P\000\040\000-\000\040\000F\000i\000l\000e\000\040\000T\000r\000a\000n\000s\000f\000e\000r\000\040\000P\000r\000o\000t\000o\000c\000o\000l}{section.8.8}% 110
\BOOKMARK [3][-]{section*.3}{\376\377\000C\000l\000i\000e\000n\000t\000\040\000F\000T\000P}{subsection.8.8.3}% 111
\BOOKMARK [3][-]{section*.3}{\376\377\000S\000e\000r\000v\000e\000r\000\040\000F\000T\000P}{subsection.8.8.3}% 112
\BOOKMARK [3][-]{section*.3}{\376\377\000D\000u\000r\000a\000t\000a\000\040\000d\000e\000l\000l\000e\000\040\000c\000o\000n\000n\000e\000s\000s\000i\000o\000n\000i}{subsection.8.8.3}% 113
\BOOKMARK [3][-]{section*.3}{\376\377\000C\000o\000m\000a\000n\000d\000i\000\040\000F\000T\000P}{subsection.8.8.3}% 114
\BOOKMARK [3][-]{section*.3}{\376\377\000R\000i\000s\000p\000o\000s\000t\000e\000\040\000F\000T\000P}{subsection.8.8.3}% 115
\BOOKMARK [2][-]{subsection.8.8.4}{\376\377\000P\000o\000s\000t\000a\000\040\000e\000l\000e\000t\000t\000r\000o\000n\000i\000c\000a}{section.8.8}% 116
\BOOKMARK [2][-]{subsection.8.8.5}{\376\377\000T\000e\000l\000n\000e\000t\000\040\000-\000\040\000T\000e\000r\000m\000i\000n\000a\000l\000\040\000N\000e\000t\000w\000o\000r\000k}{section.8.8}% 117
\BOOKMARK [2][-]{subsection.8.8.6}{\376\377\000S\000S\000H\000\040\000-\000\040\000S\000e\000c\000u\000r\000e\000\040\000S\000h\000e\000l\000l}{section.8.8}% 118
\BOOKMARK [2][-]{subsection.8.8.7}{\376\377\000D\000N\000S\000\040\000-\000\040\000D\000o\000m\000a\000i\000n\000\040\000N\000a\000m\000e\000\040\000S\000y\000s\000t\000e\000m}{section.8.8}% 119
\BOOKMARK [3][-]{section*.4}{\376\377\000A\000d\000d\000r\000e\000s\000s\000\040\000R\000e\000s\000o\000l\000u\000t\000i\000o\000n}{subsection.8.8.7}% 120
\BOOKMARK [3][-]{section*.4}{\376\377\000C\000a\000c\000h\000i\000n\000g}{subsection.8.8.7}% 121
\BOOKMARK [3][-]{section*.4}{\376\377\000T\000T\000L\000\040\000-\000\040\000T\000i\000m\000e\000\040\000T\000o\000\040\000L\000i\000v\000e}{subsection.8.8.7}% 122
\BOOKMARK [3][-]{section*.4}{\376\377\000T\000i\000p\000i\000\040\000d\000i\000\040\000R\000e\000c\000o\000r\000d\000\040\000D\000N\000S}{subsection.8.8.7}% 123
\BOOKMARK [3][-]{section*.4}{\376\377\000S\000t\000r\000u\000t\000t\000u\000r\000a\000\040\000m\000e\000s\000s\000a\000g\000g\000i\000\040\000D\000N\000S}{subsection.8.8.7}% 124
\BOOKMARK [0][-]{chapter.9}{\376\377\000L\000i\000v\000e\000l\000l\000o\000\040\000T\000r\000a\000s\000p\000o\000r\000t\000o}{}% 125
\BOOKMARK [1][-]{section.9.1}{\376\377\000S\000e\000r\000v\000i\000z\000i\000\040\000d\000e\000l\000\040\000l\000i\000v\000e\000l\000l\000o\000\040\000t\000r\000a\000s\000p\000o\000r\000t\000o}{chapter.9}% 126
\BOOKMARK [2][-]{subsection.9.1.1}{\376\377\000I\000n\000d\000i\000r\000i\000z\000z\000a\000m\000e\000n\000t\000o\000:\000\040\000P\000o\000r\000t\000e}{section.9.1}% 127
\BOOKMARK [2][-]{subsection.9.1.2}{\376\377\000S\000o\000c\000k\000e\000t\000\040\000A\000d\000d\000r\000e\000s\000s}{section.9.1}% 128
\BOOKMARK [2][-]{subsection.9.1.3}{\376\377\000I\000n\000c\000a\000p\000s\000u\000l\000a\000m\000e\000n\000t\000o\000/\000D\000e\000c\000a\000p\000s\000u\000l\000a\000m\000e\000n\000t\000o}{section.9.1}% 129
\BOOKMARK [2][-]{subsection.9.1.4}{\376\377\000M\000u\000l\000t\000i\000p\000l\000e\000x\000i\000n\000g\000\040\000e\000\040\000D\000e\000m\000u\000l\000t\000i\000p\000l\000e\000x\000i\000n\000g}{section.9.1}% 130
\BOOKMARK [2][-]{subsection.9.1.5}{\376\377\000C\000o\000n\000t\000r\000o\000l\000l\000i\000\040\000d\000i\000\040\000f\000l\000u\000s\000s\000o}{section.9.1}% 131
\BOOKMARK [2][-]{subsection.9.1.6}{\376\377\000C\000o\000n\000t\000r\000o\000l\000l\000o\000\040\000d\000e\000g\000l\000i\000\040\000e\000r\000r\000o\000r\000i}{section.9.1}% 132
\BOOKMARK [2][-]{subsection.9.1.7}{\376\377\000I\000n\000t\000e\000g\000r\000a\000z\000i\000o\000n\000e\000\040\000d\000e\000l\000\040\000c\000o\000n\000t\000r\000o\000l\000l\000o\000\040\000d\000e\000g\000l\000i\000\040\000e\000r\000r\000o\000r\000i\000\040\000e\000\040\000d\000e\000l\000\040\000c\000o\000n\000t\000r\000o\000l\000l\000o\000\040\000d\000i\000\040\000f\000l\000u\000s\000s\000o}{section.9.1}% 133
\BOOKMARK [2][-]{subsection.9.1.8}{\376\377\000C\000o\000n\000t\000r\000o\000l\000l\000o\000\040\000d\000e\000l\000l\000a\000\040\000c\000o\000n\000g\000e\000s\000t\000i\000o\000n\000e}{section.9.1}% 134
\BOOKMARK [2][-]{subsection.9.1.9}{\376\377\000S\000e\000r\000v\000i\000z\000i\000\040\000C\000o\000n\000n\000e\000c\000t\000i\000o\000n\000\040\000O\000r\000i\000e\000n\000t\000e\000d\000\040\000e\000\040\000C\000o\000n\000n\000e\000c\000t\000i\000o\000n\000l\000e\000s\000s}{section.9.1}% 135
\BOOKMARK [3][-]{section*.5}{\376\377\000C\000o\000n\000n\000e\000c\000t\000i\000o\000n\000l\000e\000s\000s}{subsection.9.1.9}% 136
\BOOKMARK [3][-]{section*.5}{\376\377\000C\000o\000n\000n\000e\000c\000t\000i\000o\000n\000\040\000O\000r\000i\000e\000n\000t\000e\000d}{subsection.9.1.9}% 137
\BOOKMARK [1][-]{section.9.2}{\376\377\000P\000r\000o\000t\000o\000c\000o\000l\000l\000i\000\040\000d\000i\000\040\000l\000i\000v\000e\000l\000l\000o\000\040\000t\000r\000a\000s\000p\000o\000r\000t\000o}{chapter.9}% 138
\BOOKMARK [2][-]{subsection.9.2.1}{\376\377\000P\000r\000o\000t\000o\000c\000o\000l\000l\000o\000\040\000s\000e\000m\000p\000l\000i\000c\000e}{section.9.2}% 139
\BOOKMARK [2][-]{subsection.9.2.2}{\376\377\000S\000t\000o\000p\000\040\000a\000n\000d\000\040\000W\000a\000i\000t}{section.9.2}% 140
\BOOKMARK [2][-]{subsection.9.2.3}{\376\377\000G\000o\000-\000B\000a\000c\000k\000-\000N\000\040\000\050\000G\000B\000N\000\051}{section.9.2}% 141
\BOOKMARK [2][-]{subsection.9.2.4}{\376\377\000S\000e\000l\000e\000c\000t\000i\000v\000e\000\040\000R\000e\000p\000e\000a\000t\000\040\000\050\000S\000R\000\051}{section.9.2}% 142
\BOOKMARK [2][-]{subsection.9.2.5}{\376\377\000P\000i\000g\000g\000y\000b\000a\000c\000k\000i\000n\000g}{section.9.2}% 143
\BOOKMARK [2][-]{subsection.9.2.6}{\376\377\000P\000r\000o\000t\000o\000c\000o\000l\000l\000i\000\040\000I\000n\000t\000e\000r\000n\000e\000t\000\040\000d\000i\000\040\000l\000i\000v\000e\000l\000l\000o\000\040\000t\000r\000a\000s\000p\000o\000r\000t\000o}{section.9.2}% 144
\BOOKMARK [2][-]{subsection.9.2.7}{\376\377\000U\000s\000e\000r\000\040\000D\000a\000t\000a\000g\000r\000a\000m\000\040\000P\000r\000o\000t\000o\000c\000o\000l\000\040\000\050\000U\000D\000P\000\051}{section.9.2}% 145
\BOOKMARK [3][-]{section*.6}{\376\377\000D\000a\000t\000a\000g\000r\000a\000m\000m\000a\000\040\000U\000t\000e\000n\000t\000e\000\040\000U\000D\000P}{subsection.9.2.7}% 146
\BOOKMARK [3][-]{section*.6}{\376\377\000S\000e\000r\000v\000i\000z\000i\000\040\000U\000D\000P}{subsection.9.2.7}% 147
\BOOKMARK [3][-]{section*.6}{\376\377\000C\000h\000e\000c\000k\000s\000u\000m}{subsection.9.2.7}% 148
\BOOKMARK [3][-]{section*.6}{\376\377\000A\000p\000p\000l\000i\000c\000a\000z\000i\000o\000n\000i\000\040\000U\000D\000P}{subsection.9.2.7}% 149
\BOOKMARK [3][-]{section*.6}{\376\377\000C\000a\000r\000a\000t\000t\000e\000r\000i\000s\000t\000i\000c\000h\000e\000\040\000d\000i\000\040\000U\000D\000P}{subsection.9.2.7}% 150
\BOOKMARK [3][-]{section*.6}{\376\377\000A\000p\000p\000l\000i\000c\000a\000z\000i\000o\000n\000i}{subsection.9.2.7}% 151
\BOOKMARK [2][-]{subsection.9.2.8}{\376\377\000T\000r\000a\000n\000s\000m\000i\000s\000s\000i\000o\000n\000\040\000C\000o\000n\000t\000r\000o\000l\000\040\000P\000r\000o\000t\000o\000c\000o\000l\000\040\000\050\000T\000C\000P\000\051}{section.9.2}% 152
\BOOKMARK [3][-]{section*.7}{\376\377\000S\000e\000r\000v\000i\000z\000i\000\040\000d\000e\000l\000\040\000p\000r\000o\000t\000o\000c\000o\000l\000l\000o\000\040\000T\000C\000P}{subsection.9.2.8}% 153
\BOOKMARK [3][-]{Item.18}{\376\377\000B\000u\000f\000f\000e\000r\000\040\000d\000i\000\040\000T\000r\000a\000s\000m\000i\000s\000s\000i\000o\000n\000e\000\040\000e\000\040\000R\000i\000c\000e\000z\000i\000o\000n\000e}{subsection.9.2.8}% 154
\BOOKMARK [3][-]{Item.18}{\376\377\000S\000e\000g\000m\000e\000n\000t\000i\000\040\000e\000\040\000N\000u\000m\000e\000r\000i\000\040\000d\000i\000\040\000S\000e\000q\000u\000e\000n\000z\000a}{subsection.9.2.8}% 155
\BOOKMARK [3][-]{Item.20}{\376\377\000F\000o\000r\000m\000a\000t\000o\000\040\000d\000e\000i\000\040\000s\000e\000g\000m\000e\000n\000t\000i}{subsection.9.2.8}% 156
\BOOKMARK [3][-]{Item.20}{\376\377\000C\000o\000n\000n\000e\000s\000s\000i\000o\000n\000e\000\040\000T\000C\000P}{subsection.9.2.8}% 157
\BOOKMARK [3][-]{Item.26}{\376\377\000F\000i\000n\000e\000s\000t\000r\000e\000\040\000T\000C\000P}{subsection.9.2.8}% 158
\BOOKMARK [3][-]{Item.31}{\376\377\000C\000o\000n\000t\000r\000o\000l\000l\000o\000\040\000d\000i\000\040\000f\000l\000u\000s\000s\000o}{subsection.9.2.8}% 159
\BOOKMARK [3][-]{Item.38}{\376\377\000C\000o\000n\000t\000r\000o\000l\000l\000o\000\040\000d\000e\000g\000l\000i\000\040\000e\000r\000r\000o\000r\000i}{subsection.9.2.8}% 160
\BOOKMARK [3][-]{Item.38}{\376\377\000S\000c\000e\000n\000a\000r\000i}{subsection.9.2.8}% 161
\BOOKMARK [3][-]{Item.38}{\376\377\000C\000o\000n\000t\000r\000o\000l\000l\000o\000\040\000d\000e\000l\000l\000a\000\040\000c\000o\000n\000g\000e\000s\000t\000i\000o\000n\000e}{subsection.9.2.8}% 162
\BOOKMARK [3][-]{Item.38}{\376\377\000T\000i\000m\000e\000r\000\040\000T\000C\000P}{subsection.9.2.8}% 163
\BOOKMARK [0][-]{chapter.10}{\376\377\000L\000i\000v\000e\000l\000l\000o\000\040\000R\000e\000t\000e}{}% 164
\BOOKMARK [1][-]{section.10.1}{\376\377\000S\000e\000r\000v\000i\000z\000i\000\040\000a\000\040\000l\000i\000v\000e\000l\000l\000o\000\040\000d\000i\000\040\000r\000e\000t\000e}{chapter.10}% 165
\BOOKMARK [2][-]{subsection.10.1.1}{\376\377\000S\000u\000d\000d\000i\000v\000i\000s\000i\000o\000n\000e\000\040\000i\000n\000\040\000p\000a\000c\000c\000h\000e\000t\000t\000i}{section.10.1}% 166
\BOOKMARK [2][-]{subsection.10.1.2}{\376\377\000I\000n\000s\000t\000r\000a\000d\000a\000m\000e\000n\000t\000o}{section.10.1}% 167
\BOOKMARK [2][-]{subsection.10.1.3}{\376\377\000I\000n\000o\000l\000t\000r\000o}{section.10.1}% 168
\BOOKMARK [2][-]{subsection.10.1.4}{\376\377\000C\000o\000n\000t\000r\000o\000l\000l\000o\000\040\000d\000e\000g\000l\000i\000\040\000e\000r\000r\000o\000r\000i}{section.10.1}% 169
\BOOKMARK [2][-]{subsection.10.1.5}{\376\377\000C\000o\000n\000t\000r\000o\000l\000l\000o\000\040\000d\000i\000\040\000f\000l\000u\000s\000s\000o}{section.10.1}% 170
\BOOKMARK [2][-]{subsection.10.1.6}{\376\377\000C\000o\000n\000t\000r\000o\000l\000l\000o\000\040\000d\000e\000l\000l\000a\000\040\000c\000o\000n\000g\000e\000s\000t\000i\000o\000n\000e}{section.10.1}% 171
\BOOKMARK [2][-]{subsection.10.1.7}{\376\377\000Q\000u\000a\000l\000i\000t\000\340\000\040\000d\000e\000l\000\040\000s\000e\000r\000v\000i\000z\000i\000o}{section.10.1}% 172
\BOOKMARK [2][-]{subsection.10.1.8}{\376\377\000S\000i\000c\000u\000r\000e\000z\000z\000a}{section.10.1}% 173
\BOOKMARK [1][-]{section.10.2}{\376\377\000P\000a\000c\000k\000e\000t\000\040\000S\000w\000i\000t\000c\000h\000i\000n\000g}{chapter.10}% 174
\BOOKMARK [2][-]{subsection.10.2.1}{\376\377\000A\000p\000p\000r\000o\000c\000c\000i\000o\000\040\000s\000e\000n\000z\000a\000\040\000c\000o\000n\000n\000e\000s\000s\000i\000o\000n\000e\000:\000\040\000s\000e\000r\000v\000i\000z\000i\000o\000\040\000s\000e\000n\000z\000a\000\040\000c\000o\000n\000n\000e\000s\000s\000i\000o\000n\000e}{section.10.2}% 175
\BOOKMARK [2][-]{subsection.10.2.2}{\376\377\000A\000p\000p\000r\000o\000c\000c\000i\000o\000\040\000a\000\040\000c\000i\000r\000c\000u\000i\000t\000i\000\040\000v\000i\000r\000t\000u\000a\000l\000i\000:\000\040\000s\000e\000r\000v\000i\000z\000i\000o\000\040\000o\000r\000i\000e\000n\000t\000a\000t\000o\000\040\000a\000l\000l\000a\000\040\000c\000o\000n\000n\000e\000s\000s\000i\000o\000n\000e}{section.10.2}% 176
\BOOKMARK [1][-]{section.10.3}{\376\377\000C\000o\000n\000g\000e\000s\000t\000i\000o\000n\000e\000\040\000a\000\040\000l\000i\000v\000e\000l\000l\000o\000\040\000d\000i\000\040\000r\000e\000t\000e}{chapter.10}% 177
\BOOKMARK [2][-]{subsection.10.3.1}{\376\377\000C\000o\000n\000t\000r\000o\000l\000l\000o\000\040\000d\000e\000l\000l\000a\000\040\000C\000o\000n\000g\000e\000s\000t\000i\000o\000n\000e\000\040\000a\000\040\000C\000i\000c\000l\000o\000\040\000C\000h\000i\000u\000s\000o}{section.10.3}% 178
\BOOKMARK [1][-]{section.10.4}{\376\377\000S\000t\000r\000u\000t\000t\000u\000r\000a\000\040\000d\000i\000\040\000u\000n\000\040\000r\000o\000u\000t\000e\000r}{chapter.10}% 179
\BOOKMARK [1][-]{section.10.5}{\376\377\000P\000r\000o\000t\000o\000c\000o\000l\000l\000i\000\040\000d\000i\000\040\000l\000i\000v\000e\000l\000l\000o\000\040\000r\000e\000t\000e}{chapter.10}% 180
\BOOKMARK [2][-]{subsection.10.5.1}{\376\377\000I\000P\000v\0004}{section.10.5}% 181
\BOOKMARK [2][-]{subsection.10.5.2}{\376\377\000F\000o\000r\000m\000a\000t\000o\000\040\000d\000e\000i\000\040\000d\000a\000t\000a\000g\000r\000a\000m\000m\000i\000\040\000I\000P\000v\0004}{section.10.5}% 182
\BOOKMARK [2][-]{subsection.10.5.3}{\376\377\000F\000r\000a\000m\000m\000e\000n\000t\000a\000z\000i\000o\000n\000e}{section.10.5}% 183
\BOOKMARK [2][-]{subsection.10.5.4}{\376\377\000M\000a\000x\000i\000m\000u\000m\000\040\000T\000r\000a\000n\000s\000m\000i\000s\000s\000i\000o\000n\000\040\000U\000n\000i\000t\000\040\000\050\000M\000T\000U\000\051}{section.10.5}% 184
\BOOKMARK [1][-]{section.10.6}{\376\377\000F\000r\000a\000m\000m\000e\000n\000t\000a\000z\000i\000o\000n\000e}{chapter.10}% 185
\BOOKMARK [2][-]{subsection.10.6.1}{\376\377\000C\000a\000m\000p\000i\000\040\000r\000e\000l\000a\000t\000i\000v\000i\000\040\000a\000l\000l\000a\000\040\000f\000r\000a\000m\000m\000e\000n\000t\000a\000z\000i\000o\000n\000e}{section.10.6}% 186
\BOOKMARK [1][-]{section.10.7}{\376\377\000S\000i\000c\000u\000r\000e\000z\000z\000a\000\040\000d\000e\000i\000\040\000d\000a\000t\000a\000g\000r\000a\000m\000m\000i\000\040\000I\000P}{chapter.10}% 187
\BOOKMARK [1][-]{section.10.8}{\376\377\000I\000n\000d\000i\000r\000i\000z\000z\000i\000\040\000I\000P\000v\0004}{chapter.10}% 188
\BOOKMARK [2][-]{subsection.10.8.1}{\376\377\000I\000n\000d\000i\000r\000i\000z\000z\000a\000m\000e\000n\000t\000o\000\040\000c\000o\000n\000\040\000c\000l\000a\000s\000s\000i}{section.10.8}% 189
\BOOKMARK [2][-]{subsection.10.8.2}{\376\377\000E\000s\000a\000u\000r\000i\000m\000e\000n\000t\000o\000\040\000d\000e\000g\000l\000i\000\040\000i\000n\000d\000i\000r\000i\000z\000z\000i\000\040\000I\000P\000v\0004}{section.10.8}% 190
\BOOKMARK [2][-]{subsection.10.8.3}{\376\377\000I\000n\000d\000i\000r\000i\000z\000z\000a\000m\000e\000n\000t\000o\000\040\000s\000e\000n\000z\000a\000\040\000c\000l\000a\000s\000s\000i}{section.10.8}% 191
\BOOKMARK [3][-]{section*.8}{\376\377\000E\000s\000t\000r\000a\000z\000i\000o\000n\000e\000\040\000d\000e\000l\000l\000e\000\040\000i\000n\000f\000o\000r\000m\000a\000z\000i\000o\000n\000i\000\040\000d\000a\000\040\000u\000n\000\040\000i\000n\000d\000i\000r\000i\000z\000z\000o\000\040\000I\000P}{subsection.10.8.3}% 192
\BOOKMARK [3][-]{section*.8}{\376\377\000S\000u\000b\000n\000e\000t\000\040\000m\000a\000s\000k}{subsection.10.8.3}% 193
\BOOKMARK [3][-]{section*.8}{\376\377\000I\000n\000d\000i\000r\000i\000z\000z\000o\000\040\000d\000i\000\040\000r\000e\000t\000e}{subsection.10.8.3}% 194
\BOOKMARK [3][-]{section*.8}{\376\377\000S\000u\000b\000n\000e\000t\000t\000i\000n\000g}{subsection.10.8.3}% 195
\BOOKMARK [1][-]{section.10.9}{\376\377\000D\000y\000n\000a\000m\000i\000c\000\040\000H\000o\000s\000t\000\040\000C\000o\000n\000f\000i\000g\000u\000r\000a\000t\000i\000o\000n\000\040\000P\000r\000o\000t\000o\000c\000o\000l\000\040\000\050\000D\000H\000C\000P\000\051}{chapter.10}% 196
\BOOKMARK [2][-]{subsection.10.9.1}{\376\377\000F\000o\000r\000m\000a\000t\000o\000\040\000d\000e\000i\000\040\000m\000e\000s\000s\000a\000g\000g\000i\000\040\000D\000H\000C\000P}{section.10.9}% 197
\BOOKMARK [2][-]{subsection.10.9.2}{\376\377\000F\000u\000n\000z\000i\000o\000n\000a\000m\000e\000n\000t\000o\000\040\000d\000e\000l\000\040\000D\000H\000C\000P}{section.10.9}% 198
\BOOKMARK [2][-]{subsection.10.9.3}{\376\377\000I\000l\000\040\000p\000r\000o\000c\000e\000s\000s\000o\000\040\000d\000i\000\040\000r\000i\000n\000n\000o\000v\000o}{section.10.9}% 199
\BOOKMARK [2][-]{subsection.10.9.4}{\376\377\000N\000e\000t\000w\000o\000r\000k\000\040\000A\000d\000d\000r\000e\000s\000s\000\040\000T\000r\000a\000n\000s\000l\000a\000t\000i\000o\000n\000\040\000\050\000N\000A\000T\000\051}{section.10.9}% 200
\BOOKMARK [3][-]{section*.9}{\376\377\000T\000r\000a\000d\000u\000z\000i\000o\000n\000e\000\040\000d\000e\000g\000l\000i\000\040\000i\000n\000d\000i\000r\000i\000z\000z\000i\000\040\000I\000P}{subsection.10.9.4}% 201
\BOOKMARK [1][-]{section.10.10}{\376\377\000I\000n\000o\000l\000t\000r\000o\000\040\000d\000e\000i\000\040\000d\000a\000t\000a\000g\000r\000a\000m\000m\000i\000\040\000I\000P}{chapter.10}% 202
\BOOKMARK [2][-]{subsection.10.10.1}{\376\377\000A\000g\000g\000r\000e\000g\000a\000z\000i\000o\000n\000e\000\040\000d\000e\000g\000l\000i\000\040\000i\000n\000d\000i\000r\000i\000z\000z\000i}{section.10.10}% 203
\BOOKMARK [2][-]{subsection.10.10.2}{\376\377\000C\000o\000r\000r\000i\000s\000p\000o\000n\000d\000e\000n\000z\000a\000\040\000c\000o\000n\000\040\000l\000a\000\040\000m\000a\000s\000c\000h\000e\000r\000a\000\040\000p\000i\000\371\000\040\000l\000u\000n\000g\000a}{section.10.10}% 204
\BOOKMARK [2][-]{subsection.10.10.3}{\376\377\000R\000o\000u\000t\000i\000n\000g\000\040\000g\000e\000r\000a\000r\000c\000h\000i\000c\000o}{section.10.10}% 205
\BOOKMARK [2][-]{subsection.10.10.4}{\376\377\000R\000o\000u\000t\000i\000n\000g\000\040\000g\000e\000o\000g\000r\000a\000f\000i\000c\000o}{section.10.10}% 206
\BOOKMARK [1][-]{section.10.11}{\376\377\000I\000C\000M\000P\000v\0004}{chapter.10}% 207
\BOOKMARK [2][-]{subsection.10.11.1}{\376\377\000M\000e\000s\000s\000a\000g\000g\000i\000\040\000I\000C\000M\000P\000v\0004}{section.10.11}% 208
\BOOKMARK [3][-]{section*.10}{\376\377\000M\000e\000s\000s\000a\000g\000g\000i\000\040\000d\000i\000\040\000s\000e\000g\000n\000a\000l\000a\000z\000i\000o\000n\000e\000\040\000e\000r\000r\000o\000r\000i}{subsection.10.11.1}% 209
\BOOKMARK [3][-]{section*.10}{\376\377\000Q\000u\000e\000r\000y\000\040\000m\000e\000s\000s\000a\000g\000e\000s}{subsection.10.11.1}% 210
\BOOKMARK [1][-]{section.10.12}{\376\377\000R\000o\000u\000t\000i\000n\000g\000\040\000u\000n\000i\000c\000a\000s\000t}{chapter.10}% 211
\BOOKMARK [2][-]{subsection.10.12.1}{\376\377\000I\000n\000s\000t\000r\000a\000d\000a\000m\000e\000n\000t\000o\000\040\000a\000\040\000c\000o\000s\000t\000o\000\040\000m\000i\000n\000i\000m\000o}{section.10.12}% 212
\BOOKMARK [2][-]{subsection.10.12.2}{\376\377\000A\000l\000b\000e\000r\000i\000\040\000d\000i\000\040\000c\000o\000s\000t\000o\000\040\000m\000i\000n\000i\000m\000o}{section.10.12}% 213
\BOOKMARK [2][-]{subsection.10.12.3}{\376\377\000D\000i\000s\000t\000a\000n\000c\000e\000\040\000V\000e\000c\000t\000o\000r\000\040\000R\000o\000u\000t\000i\000n\000g}{section.10.12}% 214
\BOOKMARK [3][-]{section*.11}{\376\377\000E\000q\000u\000a\000z\000i\000o\000n\000e\000\040\000d\000i\000\040\000B\000e\000l\000l\000m\000a\000n\000-\000F\000o\000r\000d}{subsection.10.12.3}% 215
\BOOKMARK [3][-]{section*.11}{\376\377\000V\000e\000t\000t\000o\000r\000i\000\040\000d\000i\000s\000t\000a\000n\000z\000a}{subsection.10.12.3}% 216
\BOOKMARK [3][-]{section*.11}{\376\377\000A\000l\000g\000o\000r\000i\000t\000m\000o\000\040\000D\000V\000R}{subsection.10.12.3}% 217
\BOOKMARK [3][-]{algorithm.1}{\376\377\000C\000o\000n\000t\000e\000g\000g\000i\000o\000\040\000a\000l\000l\000'\000i\000n\000f\000i\000n\000i\000t\000o}{subsection.10.12.3}% 218
\BOOKMARK [2][-]{subsection.10.12.4}{\376\377\000L\000i\000n\000k\000\040\000S\000t\000a\000t\000e\000\040\000R\000o\000u\000t\000i\000n\000g}{section.10.12}% 219
\BOOKMARK [3][-]{section*.12}{\376\377\000L\000i\000n\000k\000-\000S\000t\000a\000t\000e\000\040\000D\000a\000t\000a\000b\000a\000s\000e}{subsection.10.12.4}% 220
\BOOKMARK [3][-]{section*.12}{\376\377\000C\000o\000s\000t\000r\000u\000z\000i\000o\000n\000e\000\040\000d\000e\000g\000l\000i\000\040\000a\000l\000b\000e\000r\000i\000\040\000a\000\040\000c\000o\000s\000t\000o\000\040\000m\000i\000n\000i\000m\000o}{subsection.10.12.4}% 221
\BOOKMARK [2][-]{subsection.10.12.5}{\376\377\000P\000a\000t\000h\000-\000v\000e\000c\000t\000o\000r\000\040\000r\000o\000u\000t\000i\000n\000g}{section.10.12}% 222
\BOOKMARK [3][-]{section*.13}{\376\377\000A\000l\000b\000e\000r\000i\000\040\000d\000i\000\040\000c\000o\000p\000e\000r\000t\000u\000r\000a}{subsection.10.12.5}% 223
\BOOKMARK [2][-]{subsection.10.12.6}{\376\377\000P\000r\000o\000t\000o\000c\000o\000l\000l\000i\000\040\000d\000i\000\040\000r\000o\000u\000t\000i\000n\000g\000\040\000u\000n\000i\000c\000a\000s\000t}{section.10.12}% 224
\BOOKMARK [3][-]{section*.14}{\376\377\000A\000u\000t\000o\000n\000o\000m\000o\000u\000s\000\040\000S\000y\000s\000t\000e\000m}{subsection.10.12.6}% 225
\BOOKMARK [3][-]{section*.14}{\376\377\000R\000o\000u\000t\000i\000n\000g\000\040\000I\000n\000f\000o\000r\000m\000a\000t\000i\000o\000n\000\040\000P\000r\000o\000t\000o\000c\000o\000l\000\040\000\050\000R\000I\000P\000\051}{subsection.10.12.6}% 226
\BOOKMARK [3][-]{section*.14}{\376\377\000O\000p\000e\000n\000\040\000S\000h\000o\000r\000t\000e\000s\000t\000\040\000P\000a\000t\000h\000\040\000F\000i\000r\000s\000t\000\040\000\050\000O\000S\000P\000F\000\051}{subsection.10.12.6}% 227
\BOOKMARK [3][-]{section*.14}{\376\377\000B\000o\000r\000d\000e\000r\000\040\000G\000a\000t\000e\000w\000a\000y\000\040\000P\000r\000o\000t\000o\000c\000o\000l\000\040\000\050\000B\000G\000P\000\051}{subsection.10.12.6}% 228
\BOOKMARK [1][-]{section.10.13}{\376\377\000I\000P\000v\0006}{chapter.10}% 229
\BOOKMARK [2][-]{subsection.10.13.1}{\376\377\000F\000o\000r\000m\000a\000t\000o\000\040\000d\000e\000i\000\040\000d\000a\000t\000a\000g\000r\000a\000m\000m\000i}{section.10.13}% 230
\BOOKMARK [2][-]{subsection.10.13.2}{\376\377\000C\000o\000n\000c\000e\000t\000t\000o\000\040\000d\000i\000\040\000f\000l\000u\000s\000s\000o\000\040\000e\000\040\000p\000r\000i\000o\000r\000i\000t\000\340}{section.10.13}% 231
\BOOKMARK [2][-]{subsection.10.13.3}{\376\377\000F\000r\000a\000m\000m\000e\000n\000t\000a\000z\000i\000o\000n\000e\000\040\000e\000\040\000r\000i\000a\000s\000s\000e\000m\000b\000l\000a\000g\000g\000i\000o}{section.10.13}% 232
\BOOKMARK [2][-]{subsection.10.13.4}{\376\377\000I\000n\000d\000i\000r\000i\000z\000z\000a\000m\000e\000n\000t\000o}{section.10.13}% 233
\BOOKMARK [0][-]{chapter.11}{\376\377\000L\000i\000v\000e\000l\000l\000o\000\040\000d\000i\000\040\000c\000o\000l\000l\000e\000g\000a\000m\000e\000n\000t\000o}{}% 234
\BOOKMARK [1][-]{section.11.1}{\376\377\000D\000a\000t\000a\000\040\000L\000i\000n\000k\000\040\000C\000o\000n\000t\000r\000o\000l\000\040\000\050\000D\000L\000C\000\051}{chapter.11}% 235
\BOOKMARK [2][-]{subsection.11.1.1}{\376\377\000F\000r\000a\000m\000i\000n\000g}{section.11.1}% 236
\BOOKMARK [2][-]{subsection.11.1.2}{\376\377\000C\000o\000n\000t\000r\000o\000l\000l\000o\000\040\000d\000i\000\040\000f\000l\000u\000s\000s\000o}{section.11.1}% 237
\BOOKMARK [2][-]{subsection.11.1.3}{\376\377\000C\000o\000n\000t\000r\000o\000l\000l\000o\000\040\000d\000e\000g\000l\000i\000\040\000e\000r\000r\000o\000r\000i}{section.11.1}% 238
\BOOKMARK [1][-]{section.11.2}{\376\377\000M\000e\000d\000i\000u\000m\000\040\000A\000c\000c\000e\000s\000s\000\040\000C\000o\000n\000t\000r\000o\000l\000\040\000\050\000M\000A\000C\000\051}{chapter.11}% 239
\BOOKMARK [2][-]{subsection.11.2.1}{\376\377\000R\000a\000n\000d\000o\000m\000\040\000A\000c\000c\000e\000s\000s}{section.11.2}% 240
\BOOKMARK [3][-]{section*.15}{\376\377\000A\000L\000O\000H\000A\000\040\000P\000u\000r\000o}{subsection.11.2.1}% 241
\BOOKMARK [3][-]{section*.15}{\376\377\000S\000l\000o\000t\000t\000e\000d\000\040\000A\000L\000O\000H\000A}{subsection.11.2.1}% 242
\BOOKMARK [3][-]{section*.15}{\376\377\000C\000S\000M\000A}{subsection.11.2.1}% 243
\BOOKMARK [3][-]{section*.15}{\376\377\000C\000S\000M\000A\000/\000C\000D}{subsection.11.2.1}% 244
\BOOKMARK [2][-]{subsection.11.2.2}{\376\377\000C\000o\000n\000t\000r\000o\000l\000l\000e\000d\000\040\000A\000c\000c\000e\000s\000s}{section.11.2}% 245
\BOOKMARK [1][-]{section.11.3}{\376\377\000I\000n\000d\000i\000r\000i\000z\000z\000a\000m\000e\000n\000t\000o}{chapter.11}% 246
\BOOKMARK [2][-]{subsection.11.3.1}{\376\377\000A\000d\000d\000r\000e\000s\000s\000\040\000R\000e\000s\000o\000l\000u\000t\000i\000o\000n\000\040\000P\000r\000o\000t\000o\000c\000o\000l\000\040\000\050\000A\000R\000P\000\051}{section.11.3}% 247
\BOOKMARK [3][-]{section*.16}{\376\377\000F\000o\000r\000m\000a\000t\000o\000\040\000d\000e\000l\000\040\000p\000a\000c\000c\000h\000e\000t\000t\000o\000\040\000A\000R\000P}{subsection.11.3.1}% 248
\BOOKMARK [1][-]{section.11.4}{\376\377\000L\000A\000N\000\040\000c\000a\000b\000l\000a\000t\000e\000:\000\040\000E\000t\000h\000e\000r\000n\000e\000t}{chapter.11}% 249
\BOOKMARK [2][-]{subsection.11.4.1}{\376\377\000L\000o\000g\000i\000c\000a\000l\000\040\000L\000i\000n\000k\000\040\000C\000o\000n\000t\000r\000o\000l\000\040\000\050\000L\000L\000C\000\051}{section.11.4}% 250
\BOOKMARK [2][-]{subsection.11.4.2}{\376\377\000M\000e\000d\000i\000u\000m\000\040\000A\000c\000c\000e\000s\000s\000\040\000C\000o\000n\000t\000r\000o\000l\000\040\000\050\000M\000A\000C\000\051}{section.11.4}% 251
\BOOKMARK [2][-]{subsection.11.4.3}{\376\377\000F\000r\000a\000m\000e\000\040\000E\000t\000h\000e\000r\000n\000e\000t}{section.11.4}% 252
\BOOKMARK [3][-]{section*.17}{\376\377\000S\000e\000r\000v\000i\000z\000i\000o\000\040\000s\000e\000n\000z\000a\000\040\000c\000o\000n\000n\000e\000s\000s\000i\000o\000n\000e\000\040\000e\000\040\000i\000n\000a\000f\000f\000i\000d\000a\000b\000i\000l\000e}{subsection.11.4.3}% 253
\BOOKMARK [2][-]{subsection.11.4.4}{\376\377\000I\000n\000d\000i\000r\000i\000z\000z\000a\000m\000e\000n\000t\000o\000\040\000M\000A\000C}{section.11.4}% 254
\BOOKMARK [2][-]{subsection.11.4.5}{\376\377\000E\000f\000f\000i\000c\000i\000e\000n\000z\000a\000\040\000d\000i\000\040\000E\000t\000h\000e\000r\000n\000e\000t}{section.11.4}% 255
\BOOKMARK [2][-]{subsection.11.4.6}{\376\377\000F\000a\000s\000t\000\040\000E\000t\000h\000e\000r\000n\000e\000t}{section.11.4}% 256
\BOOKMARK [2][-]{subsection.11.4.7}{\376\377\000G\000i\000g\000a\000b\000i\000t\000\040\000E\000t\000h\000e\000r\000n\000e\000t}{section.11.4}% 257
\BOOKMARK [2][-]{subsection.11.4.8}{\376\377\0001\0000\000\040\000G\000i\000g\000a\000b\000i\000t\000\040\000E\000t\000h\000e\000r\000n\000e\000t}{section.11.4}% 258
\BOOKMARK [2][-]{subsection.11.4.9}{\376\377\000V\000L\000A\000N\000\040\000-\000\040\000V\000i\000r\000t\000u\000a\000l\000\040\000L\000A\000N}{section.11.4}% 259
\BOOKMARK [2][-]{subsection.11.4.10}{\376\377\000R\000e\000p\000e\000a\000t\000e\000r\000\040\000e\000\040\000H\000u\000b}{section.11.4}% 260
\BOOKMARK [2][-]{subsection.11.4.11}{\376\377\000S\000w\000i\000t\000c\000h}{section.11.4}% 261
\BOOKMARK [2][-]{subsection.11.4.12}{\376\377\000R\000o\000u\000t\000e\000r}{section.11.4}% 262
\BOOKMARK [1][-]{section.11.5}{\376\377\000L\000A\000N\000\040\000W\000i\000r\000e\000l\000e\000s\000s}{chapter.11}% 263
\BOOKMARK [2][-]{subsection.11.5.1}{\376\377\000I\000E\000E\000E\000\040\0008\0000\0002\000.\0001\0001}{section.11.5}% 264
\BOOKMARK [3][-]{section*.18}{\376\377\000D\000C\000F}{subsection.11.5.1}% 265
\BOOKMARK [3][-]{section*.18}{\376\377\000F\000r\000a\000m\000e\000\040\0008\0000\0002\000.\0001\0001}{subsection.11.5.1}% 266
\BOOKMARK [3][-]{section*.18}{\376\377\000I\000n\000d\000i\000r\000i\000z\000z\000a\000m\000e\000n\000t\000o}{subsection.11.5.1}% 267
\BOOKMARK [1][-]{section.11.6}{\376\377\000B\000l\000u\000e\000t\000o\000o\000t\000h}{chapter.11}% 268
\BOOKMARK [0][-]{chapter.12}{\376\377\000S\000i\000c\000u\000r\000e\000z\000z\000a\000\040\000n\000e\000l\000l\000e\000\040\000r\000e\000t\000i}{}% 269
\BOOKMARK [1][-]{section.12.1}{\376\377\000C\000r\000i\000t\000t\000o\000g\000r\000a\000f\000i\000a\000\040\000s\000i\000m\000m\000e\000t\000r\000i\000c\000a}{chapter.12}% 270
\BOOKMARK [2][-]{subsection.12.1.1}{\376\377\000A\000l\000g\000o\000r\000i\000t\000m\000i\000\040\000d\000i\000\040\000c\000r\000i\000t\000t\000o\000g\000r\000a\000f\000i\000a\000\040\000s\000i\000m\000m\000e\000t\000r\000i\000c\000a\000\040\000a\000\040\000s\000o\000s\000t\000i\000t\000u\000z\000i\000o\000n\000e}{section.12.1}% 271
\BOOKMARK [3][-]{section*.19}{\376\377\000C\000i\000f\000r\000a\000r\000i\000\040\000m\000o\000n\000o\000a\000l\000f\000a\000b\000e\000t\000i\000c\000i}{subsection.12.1.1}% 272
\BOOKMARK [3][-]{section*.19}{\376\377\000C\000i\000f\000r\000a\000r\000i\000\040\000p\000o\000l\000i\000a\000l\000f\000a\000b\000e\000t\000i\000c\000i}{subsection.12.1.1}% 273
\BOOKMARK [2][-]{subsection.12.1.2}{\376\377\000C\000i\000f\000r\000a\000r\000i\000\040\000a\000\040\000t\000r\000a\000s\000p\000o\000s\000i\000z\000i\000o\000n\000e}{section.12.1}% 274
\BOOKMARK [2][-]{subsection.12.1.3}{\376\377\000C\000i\000f\000r\000a\000r\000i\000\040\000a\000\040\000b\000l\000o\000c\000c\000h\000i}{section.12.1}% 275
\BOOKMARK [3][-]{section*.20}{\376\377\000D\000a\000t\000a\000\040\000E\000n\000c\000r\000y\000p\000t\000i\000o\000n\000\040\000S\000t\000a\000n\000d\000a\000r\000d\000\040\000\050\000D\000E\000S\000\051}{subsection.12.1.3}% 276
\BOOKMARK [2][-]{subsection.12.1.4}{\376\377\000C\000i\000f\000r\000a\000r\000i\000\040\000a\000\040\000f\000l\000u\000s\000s\000o\000\040\000m\000o\000d\000e\000r\000n\000i}{section.12.1}% 277
\BOOKMARK [1][-]{section.12.2}{\376\377\000C\000r\000i\000t\000t\000o\000g\000r\000a\000f\000i\000a\000\040\000a\000\040\000c\000h\000i\000a\000v\000e\000\040\000a\000s\000i\000m\000m\000e\000t\000r\000i\000c\000a}{chapter.12}% 278
\BOOKMARK [1][-]{section.12.3}{\376\377\000M\000e\000s\000s\000a\000g\000e\000\040\000D\000i\000g\000e\000s\000t}{chapter.12}% 279
\BOOKMARK [1][-]{section.12.4}{\376\377\000M\000e\000s\000s\000a\000g\000e\000\040\000A\000u\000t\000h\000e\000n\000t\000i\000c\000a\000t\000i\000o\000n\000\040\000C\000o\000d\000e}{chapter.12}% 280
\BOOKMARK [1][-]{section.12.5}{\376\377\000F\000i\000r\000m\000a\000\040\000d\000i\000g\000i\000t\000a\000l\000e}{chapter.12}% 281
\BOOKMARK [2][-]{subsection.12.5.1}{\376\377\000F\000i\000r\000m\000a\000\040\000d\000e\000l\000\040\000d\000i\000g\000e\000s\000t}{section.12.5}% 282
\BOOKMARK [2][-]{subsection.12.5.2}{\376\377\000S\000e\000r\000v\000i\000z\000i\000\040\000d\000e\000l\000l\000a\000\040\000f\000i\000r\000m\000a\000\040\000d\000i\000g\000i\000t\000a\000l\000e}{section.12.5}% 283
\BOOKMARK [1][-]{section.12.6}{\376\377\000A\000u\000t\000e\000n\000t\000i\000c\000a\000z\000i\000o\000n\000e\000\040\000d\000i\000\040\000e\000n\000t\000i\000t\000\340}{chapter.12}% 284
\BOOKMARK [2][-]{subsection.12.6.1}{\376\377\000A\000u\000t\000e\000n\000t\000i\000c\000a\000z\000i\000o\000n\000e\000\040\000c\000o\000n\000\040\000c\000h\000i\000a\000v\000e\000\040\000s\000i\000m\000m\000e\000t\000r\000i\000c\000a}{section.12.6}% 285
\BOOKMARK [2][-]{subsection.12.6.2}{\376\377\000A\000u\000t\000e\000n\000t\000i\000c\000a\000z\000i\000o\000n\000e\000\040\000c\000o\000n\000\040\000c\000h\000i\000a\000v\000e\000\040\000a\000s\000i\000m\000m\000e\000t\000r\000i\000c\000a}{section.12.6}% 286
\BOOKMARK [2][-]{subsection.12.6.3}{\376\377\000A\000u\000t\000e\000n\000t\000i\000c\000a\000z\000i\000o\000n\000e\000\040\000c\000o\000n\000\040\000f\000i\000r\000m\000a\000\040\000d\000i\000g\000i\000t\000a\000l\000e}{section.12.6}% 287
\BOOKMARK [1][-]{section.12.7}{\376\377\000G\000e\000s\000t\000i\000o\000n\000e\000\040\000d\000e\000l\000l\000e\000\040\000c\000h\000i\000a\000v\000i}{chapter.12}% 288
\BOOKMARK [2][-]{subsection.12.7.1}{\376\377\000D\000i\000f\000f\000i\000e\000-\000H\000e\000l\000l\000m\000a\000n}{section.12.7}% 289
\BOOKMARK [1][-]{section.12.8}{\376\377\000V\000P\000N}{chapter.12}% 290
\BOOKMARK [1][-]{section.12.9}{\376\377\000F\000i\000r\000e\000w\000a\000l\000l}{chapter.12}% 291
