\BOOKMARK [0][-]{chapter.1}{\376\377\000D\000o\000c\000u\000m\000e\000n\000t\000/\000T\000e\000x\000t\000\040\000M\000i\000n\000i\000n\000g\000:\000\040\000F\000r\000o\000m\000\040\000T\000e\000x\000t\000\040\000t\000o\000\040\000K\000n\000o\000w\000l\000e\000d\000g\000e}{}% 1
\BOOKMARK [1][-]{section.1.1}{\376\377\000I\000n\000t\000r\000o\000d\000u\000z\000i\000o\000n\000e}{chapter.1}% 2
\BOOKMARK [1][-]{section.1.2}{\376\377\000S\000e\000a\000r\000c\000h\000\040\000v\000s\000\040\000D\000i\000s\000c\000o\000v\000e\000r}{chapter.1}% 3
\BOOKMARK [2][-]{subsection.1.2.1}{\376\377\000D\000a\000t\000a\000\040\000R\000e\000t\000r\000i\000e\000v\000a\000l}{section.1.2}% 4
\BOOKMARK [2][-]{subsection.1.2.2}{\376\377\000I\000n\000f\000o\000r\000m\000a\000t\000i\000o\000n\000\040\000R\000e\000t\000r\000i\000e\000v\000a\000l}{section.1.2}% 5
\BOOKMARK [2][-]{subsection.1.2.3}{\376\377\000D\000a\000t\000a\000\040\000M\000i\000n\000i\000n\000g}{section.1.2}% 6
\BOOKMARK [2][-]{subsection.1.2.4}{\376\377\000I\000l\000\040\000P\000r\000o\000c\000e\000s\000s\000o\000\040\000d\000i\000\040\000K\000D\000D\000\040\000\050\000K\000n\000o\000w\000l\000e\000d\000g\000e\000\040\000D\000i\000s\000c\000o\000v\000e\000r\000y\000\040\000f\000r\000o\000m\000\040\000D\000a\000t\000a\000b\000a\000s\000e\000s\000\051}{section.1.2}% 7
\BOOKMARK [2][-]{subsection.1.2.5}{\376\377\000D\000a\000t\000a\000M\000i\000n\000i\000n\000g\000\040\000@\000\040\000W\000o\000r\000k}{section.1.2}% 8
\BOOKMARK [2][-]{subsection.1.2.6}{\376\377\000T\000e\000x\000t\000\040\000M\000i\000n\000i\000n\000g}{section.1.2}% 9
\BOOKMARK [2][-]{subsection.1.2.7}{\376\377\000T\000e\000x\000t\000\040\000M\000i\000n\000i\000n\000g\000\040\000@\000\040\000W\000o\000r\000k}{section.1.2}% 10
\BOOKMARK [2][-]{subsection.1.2.8}{\376\377\000T\000e\000x\000t\000\040\000M\000i\000n\000i\000n\000g\000\040\000n\000e\000l\000l\000'\000I\000m\000p\000r\000e\000s\000a}{section.1.2}% 11
\BOOKMARK [0][-]{chapter.2}{\376\377\000I\000n\000f\000o\000r\000m\000a\000t\000i\000o\000n\000\040\000R\000e\000t\000r\000i\000e\000v\000a\000l\000\040\000\050\000I\000R\000\051}{}% 12
\BOOKMARK [1][-]{section.2.1}{\376\377\000C\000o\000m\000e\000\040\000g\000l\000i\000\040\000u\000t\000e\000n\000t\000i\000\040\000c\000e\000r\000c\000a\000n\000o\000\040\000i\000n\000f\000o\000r\000m\000a\000z\000i\000o\000n\000i}{chapter.2}% 13
\BOOKMARK [1][-]{section.2.2}{\376\377\000R\000i\000l\000e\000v\000a\000n\000z\000a}{chapter.2}% 14
\BOOKMARK [1][-]{section.2.3}{\376\377\000A\000r\000c\000h\000i\000t\000e\000t\000t\000u\000r\000a\000\040\000d\000i\000\040\000u\000n\000\040\000S\000i\000s\000t\000e\000m\000a\000\040\000d\000i\000\040\000I\000R}{chapter.2}% 15
\BOOKMARK [1][-]{section.2.4}{\376\377\000N\000a\000t\000u\000r\000a\000l\000\040\000L\000a\000n\000g\000u\000a\000g\000e\000\040\000P\000r\000o\000c\000e\000s\000s\000i\000n\000g\000\040\000\050\000N\000L\000P\000\051}{chapter.2}% 16
\BOOKMARK [1][-]{section.2.5}{\376\377\000M\000a\000c\000h\000i\000n\000e\000\040\000L\000e\000a\000r\000n\000i\000n\000g}{chapter.2}% 17
\BOOKMARK [1][-]{section.2.6}{\376\377\000M\000o\000d\000e\000l\000l\000i\000\040\000d\000i\000\040\000R\000i\000t\000r\000o\000v\000a\000m\000e\000n\000t\000o\000\040\000d\000e\000l\000l\000'\000I\000n\000f\000o\000r\000m\000a\000z\000i\000o\000n\000e}{chapter.2}% 18
\BOOKMARK [1][-]{section.2.7}{\376\377\000T\000a\000s\000s\000o\000n\000o\000m\000i\000a\000\040\000d\000i\000\040\000u\000n\000\040\000M\000o\000d\000e\000l\000l\000o\000\040\000I\000R}{chapter.2}% 19
\BOOKMARK [1][-]{section.2.8}{\376\377\000P\000r\000o\000c\000e\000s\000s\000i\000\040\000c\000o\000m\000u\000n\000i\000\040\000d\000i\000\040\000P\000r\000e\000-\000P\000r\000o\000c\000e\000s\000s\000i\000n\000g}{chapter.2}% 20
\BOOKMARK [1][-]{section.2.9}{\376\377\000M\000o\000d\000e\000l\000l\000o\000\040\000B\000o\000o\000l\000e\000a\000n\000o}{chapter.2}% 21
\BOOKMARK [2][-]{subsection.2.9.1}{\376\377\000M\000a\000t\000r\000i\000c\000e\000\040\000d\000i\000\040\000I\000n\000c\000i\000d\000e\000n\000z\000a\000\040\000D\000o\000c\000u\000m\000e\000n\000t\000o\000-\000T\000e\000r\000m\000i\000n\000e}{section.2.9}% 22
\BOOKMARK [2][-]{subsection.2.9.2}{\376\377\000V\000e\000t\000t\000o\000r\000i\000\040\000d\000i\000\040\000I\000n\000c\000i\000d\000e\000n\000z\000a}{section.2.9}% 23
\BOOKMARK [2][-]{subsection.2.9.3}{\376\377\000I\000n\000d\000i\000c\000e\000\040\000I\000n\000v\000e\000r\000t\000i\000t\000o}{section.2.9}% 24
\BOOKMARK [2][-]{subsection.2.9.4}{\376\377\000P\000r\000o\000b\000l\000e\000m\000i\000\040\000d\000e\000l\000\040\000M\000o\000d\000e\000l\000l\000o\000\040\000B\000o\000o\000l\000e\000a\000n\000o}{section.2.9}% 25
\BOOKMARK [1][-]{section.2.10}{\376\377\000S\000t\000e\000p\000\040\000d\000i\000\040\000P\000r\000e\000-\000P\000r\000o\000c\000e\000s\000s\000i\000n\000g}{chapter.2}% 26
\BOOKMARK [2][-]{subsection.2.10.1}{\376\377\000T\000o\000k\000e\000n\000i\000z\000z\000a\000z\000i\000o\000n\000e}{section.2.10}% 27
\BOOKMARK [2][-]{subsection.2.10.2}{\376\377\000R\000i\000m\000o\000z\000i\000o\000n\000e\000\040\000d\000e\000l\000l\000e\000\040\000S\000t\000o\000p\000w\000o\000r\000d\000s}{section.2.10}% 28
\BOOKMARK [2][-]{subsection.2.10.3}{\376\377\000N\000o\000r\000m\000a\000l\000i\000z\000z\000a\000z\000i\000o\000n\000e}{section.2.10}% 29
\BOOKMARK [2][-]{subsection.2.10.4}{\376\377\000C\000a\000s\000e\000\040\000F\000o\000l\000d\000i\000n\000g}{section.2.10}% 30
\BOOKMARK [2][-]{subsection.2.10.5}{\376\377\000N\000o\000r\000m\000a\000l\000i\000z\000z\000a\000z\000i\000o\000n\000e\000\040\000a\000i\000\040\000t\000e\000r\000m\000i\000n\000i}{section.2.10}% 31
\BOOKMARK [2][-]{subsection.2.10.6}{\376\377\000T\000h\000e\000s\000a\000u\000r\000i\000\040\000a\000n\000d\000\040\000S\000o\000u\000n\000d\000e\000x}{section.2.10}% 32
\BOOKMARK [2][-]{subsection.2.10.7}{\376\377\000L\000e\000m\000m\000a\000t\000i\000z\000z\000a\000z\000i\000o\000n\000e}{section.2.10}% 33
\BOOKMARK [2][-]{subsection.2.10.8}{\376\377\000S\000t\000e\000m\000m\000i\000n\000g}{section.2.10}% 34
\BOOKMARK [0][-]{chapter.3}{\376\377\000S\000c\000o\000r\000i\000n\000g\000,\000\040\000T\000e\000r\000m\000\040\000W\000e\000i\000g\000h\000t\000i\000n\000g\000\040\000e\000\040\000M\000o\000d\000e\000l\000l\000i\000\040\000a\000\040\000S\000p\000a\000z\000i\000o\000\040\000V\000e\000t\000t\000o\000r\000i\000a\000l\000e}{}% 35
\BOOKMARK [1][-]{section.3.1}{\376\377\000B\000o\000o\000l\000e\000a\000n\000\040\000R\000e\000t\000r\000i\000e\000v\000a\000l}{chapter.3}% 36
\BOOKMARK [2][-]{subsection.3.1.1}{\376\377\000P\000r\000o\000b\000l\000e\000m\000a\000\040\000d\000e\000l\000\040\000M\000o\000d\000e\000l\000l\000o\000\040\000B\000o\000o\000l\000e\000a\000n\000o\000:\000\040\000S\000o\000v\000r\000a\000b\000b\000o\000n\000d\000a\000n\000z\000a\000\040\000o\000\040\000C\000a\000r\000e\000s\000t\000i\000a}{section.3.1}% 37
\BOOKMARK [1][-]{section.3.2}{\376\377\000R\000a\000n\000k\000e\000d\000\040\000R\000e\000t\000r\000i\000e\000v\000a\000l\000\040\000M\000o\000d\000e\000l\000s}{chapter.3}% 38
\BOOKMARK [1][-]{section.3.3}{\376\377\000P\000r\000o\000b\000l\000e\000m\000a\000\040\000d\000e\000l\000l\000a\000\040\000D\000i\000m\000e\000n\000s\000i\000o\000n\000e\000\040\000d\000e\000i\000\040\000S\000e\000t\000\040\000d\000i\000\040\000R\000i\000s\000u\000l\000t\000a\000t\000i}{chapter.3}% 39
\BOOKMARK [1][-]{section.3.4}{\376\377\000S\000c\000o\000r\000i\000n\000g}{chapter.3}% 40
\BOOKMARK [2][-]{subsection.3.4.1}{\376\377\000C\000o\000e\000f\000f\000i\000c\000i\000e\000n\000t\000e\000\040\000d\000i\000\040\000J\000a\000c\000c\000a\000r\000d}{section.3.4}% 41
\BOOKMARK [2][-]{subsection.3.4.2}{\376\377\000M\000a\000t\000r\000i\000c\000i\000\040\000d\000i\000\040\000I\000n\000c\000i\000d\000e\000n\000z\000a\000\040\000B\000i\000n\000a\000r\000i\000e\000\040\000V\000S\000\040\000M\000a\000t\000r\000i\000c\000i\000\040\000d\000i\000\040\000F\000r\000e\000q\000u\000e\000n\000z\000a}{section.3.4}% 42
\BOOKMARK [2][-]{subsection.3.4.3}{\376\377\000T\000e\000r\000m\000\040\000F\000r\000e\000q\000u\000e\000n\000c\000y\000\040\000\050\000T\000F\000\051}{section.3.4}% 43
\BOOKMARK [2][-]{subsection.3.4.4}{\376\377\000L\000o\000g\000-\000F\000r\000e\000q\000u\000e\000n\000c\000y\000\040\000W\000e\000i\000g\000h\000t\000i\000n\000g}{section.3.4}% 44
\BOOKMARK [2][-]{subsection.3.4.5}{\376\377\000D\000o\000c\000u\000m\000e\000n\000t\000\040\000F\000r\000e\000q\000u\000e\000n\000c\000y\000\040\000\050\000D\000F\000\051}{section.3.4}% 45
\BOOKMARK [2][-]{subsection.3.4.6}{\376\377\000C\000o\000l\000l\000e\000c\000t\000i\000o\000n\000\040\000F\000r\000e\000q\000u\000e\000n\000c\000y\000\040\000\050\000C\000F\000\051}{section.3.4}% 46
\BOOKMARK [2][-]{subsection.3.4.7}{\376\377\000T\000e\000r\000m\000\040\000F\000r\000e\000q\000u\000e\000n\000c\000y\000-\000I\000n\000v\000e\000r\000s\000e\000\040\000D\000o\000c\000u\000m\000e\000n\000t\000\040\000F\000r\000e\000q\000u\000e\000n\000c\000y\000\040\000\050\000T\000F\000-\000I\000D\000F\000\051}{section.3.4}% 47
\BOOKMARK [1][-]{section.3.5}{\376\377\000M\000o\000d\000e\000l\000l\000i\000\040\000a\000\040\000S\000p\000a\000z\000i\000o\000\040\000V\000e\000t\000t\000o\000r\000i\000a\000l\000e}{chapter.3}% 48
\BOOKMARK [2][-]{subsection.3.5.1}{\376\377\000D\000o\000c\000u\000m\000e\000n\000t\000s\000\040\000a\000s\000\040\000V\000e\000c\000t\000o\000r\000s}{section.3.5}% 49
\BOOKMARK [2][-]{subsection.3.5.2}{\376\377\000Q\000u\000e\000r\000y\000\040\000a\000s\000\040\000V\000e\000c\000t\000o\000r\000s}{section.3.5}% 50
\BOOKMARK [2][-]{subsection.3.5.3}{\376\377\000F\000o\000r\000m\000a\000l\000i\000z\000z\000a\000r\000e\000\040\000l\000a\000\040\000P\000r\000o\000s\000s\000i\000m\000i\000t\000\340\000\040\000n\000e\000l\000l\000o\000\040\000S\000p\000a\000z\000i\000o\000\040\000V\000e\000t\000t\000o\000r\000i\000a\000l\000e}{section.3.5}% 51
\BOOKMARK [2][-]{subsection.3.5.4}{\376\377\000N\000o\000r\000m\000a\000l\000i\000z\000z\000a\000z\000i\000o\000n\000e\000\040\000d\000e\000l\000l\000a\000\040\000L\000u\000n\000g\000h\000e\000z\000z\000a}{section.3.5}% 52
\BOOKMARK [2][-]{subsection.3.5.5}{\376\377\000S\000i\000m\000i\000l\000a\000r\000i\000t\000\340\000\040\000d\000e\000l\000\040\000C\000o\000s\000e\000n\000o}{section.3.5}% 53
\BOOKMARK [2][-]{subsection.3.5.6}{\376\377\000V\000a\000r\000i\000a\000n\000t\000i\000\040\000d\000e\000l\000\040\000t\000f\000-\000i\000d\000f}{section.3.5}% 54
\BOOKMARK [2][-]{subsection.3.5.7}{\376\377\000S\000c\000e\000l\000t\000e\000\040\000d\000e\000l\000\040\000m\000e\000t\000o\000d\000o\000\040\000d\000i\000\040\000W\000e\000i\000g\000h\000t\000i\000n\000g}{section.3.5}% 55
\BOOKMARK [0][-]{chapter.4}{\376\377\000I\000n\000t\000e\000g\000r\000a\000z\000i\000o\000n\000e\000\040\000d\000i\000\040\000c\000o\000n\000o\000s\000c\000e\000n\000z\000a\000\040\000L\000e\000s\000s\000i\000c\000a\000l\000e}{}% 56
\BOOKMARK [1][-]{section.4.1}{\376\377\000W\000o\000r\000d\000N\000e\000t}{chapter.4}% 57
\BOOKMARK [2][-]{subsection.4.1.1}{\376\377\000C\000o\000n\000c\000e\000t\000t\000o\000\040\000d\000i\000\040\000P\000a\000r\000o\000l\000a}{section.4.1}% 58
\BOOKMARK [2][-]{subsection.4.1.2}{\376\377\000M\000a\000t\000r\000i\000c\000e\000\040\000L\000e\000s\000s\000i\000c\000a\000l\000e}{section.4.1}% 59
\BOOKMARK [2][-]{subsection.4.1.3}{\376\377\000R\000a\000p\000p\000r\000e\000s\000e\000n\000t\000a\000z\000i\000o\000n\000e\000\040\000d\000e\000l\000l\000a\000\040\000c\000o\000n\000o\000s\000c\000e\000n\000z\000a\000\040\000l\000i\000n\000g\000u\000i\000s\000t\000i\000c\000a}{section.4.1}% 60
\BOOKMARK [2][-]{subsection.4.1.4}{\376\377\000S\000i\000m\000i\000l\000a\000r\000i\000t\000\340\000\040\000s\000e\000m\000a\000n\000t\000i\000c\000a\000\040\000f\000r\000a\000\040\000S\000y\000n\000s\000e\000t}{section.4.1}% 61
\BOOKMARK [0][-]{chapter.5}{\376\377\000R\000e\000l\000e\000v\000a\000n\000c\000e\000\040\000F\000e\000e\000d\000b\000a\000c\000k\000\040\000e\000\040\000Q\000u\000e\000r\000y\000\040\000E\000x\000p\000a\000n\000s\000i\000o\000n}{}% 62
\BOOKMARK [1][-]{section.5.1}{\376\377\000R\000e\000l\000e\000v\000a\000n\000c\000e\000\040\000F\000e\000e\000d\000b\000a\000c\000k}{chapter.5}% 63
\BOOKMARK [2][-]{subsection.5.1.1}{\376\377\000C\000e\000n\000t\000r\000o\000i\000d\000e}{section.5.1}% 64
\BOOKMARK [2][-]{subsection.5.1.2}{\376\377\000A\000l\000g\000o\000r\000i\000t\000m\000o\000\040\000d\000i\000\040\000R\000o\000c\000c\000h\000i\000o}{section.5.1}% 65
\BOOKMARK [2][-]{subsection.5.1.3}{\376\377\000P\000r\000o\000b\000l\000e\000m\000i\000\040\000e\000\040\000L\000i\000m\000i\000t\000a\000z\000i\000o\000n\000i}{section.5.1}% 66
\BOOKMARK [2][-]{subsection.5.1.4}{\376\377\000V\000a\000l\000u\000t\000a\000z\000i\000o\000n\000e\000\040\000d\000e\000l\000l\000e\000\040\000s\000t\000r\000a\000t\000e\000g\000i\000e\000\040\000d\000i\000\040\000R\000e\000l\000e\000v\000a\000n\000c\000e\000\040\000F\000e\000e\000d\000b\000a\000c\000k}{section.5.1}% 67
\BOOKMARK [1][-]{section.5.2}{\376\377\000P\000s\000e\000u\000d\000o\000\040\000R\000e\000l\000e\000v\000a\000n\000c\000e\000\040\000F\000e\000e\000d\000b\000a\000c\000k}{chapter.5}% 68
\BOOKMARK [1][-]{section.5.3}{\376\377\000I\000n\000d\000i\000r\000e\000c\000t\000\040\000R\000e\000l\000e\000v\000a\000n\000c\000e\000\040\000F\000e\000e\000d\000b\000a\000c\000k}{chapter.5}% 69
\BOOKMARK [1][-]{section.5.4}{\376\377\000Q\000u\000e\000r\000y\000\040\000E\000x\000p\000a\000n\000s\000i\000o\000n}{chapter.5}% 70
\BOOKMARK [1][-]{section.5.5}{\376\377\000Q\000u\000e\000r\000y\000\040\000A\000s\000s\000i\000s\000t}{chapter.5}% 71
\BOOKMARK [1][-]{section.5.6}{\376\377\000E\000s\000e\000r\000c\000i\000z\000i}{chapter.5}% 72
\BOOKMARK [0][-]{chapter.6}{\376\377\000V\000a\000l\000u\000t\000a\000z\000i\000o\000n\000e\000\040\000o\000r\000i\000e\000n\000t\000a\000t\000a\000\040\000a\000i\000\040\000s\000i\000s\000t\000e\000m\000i}{}% 73
\BOOKMARK [1][-]{section.6.1}{\376\377\000P\000a\000r\000a\000d\000i\000g\000m\000a\000\040\000d\000i\000\040\000C\000r\000a\000n\000f\000i\000e\000l\000d}{chapter.6}% 74
\BOOKMARK [1][-]{section.6.2}{\376\377\000H\000u\000m\000a\000n\000\040\000L\000a\000b\000e\000l\000\040\000C\000o\000r\000p\000u\000s\000\040\000\050\000T\000e\000s\000t\000\040\000C\000o\000l\000l\000e\000c\000t\000i\000o\000n\000\051}{chapter.6}% 75
\BOOKMARK [1][-]{section.6.3}{\376\377\000P\000r\000e\000c\000i\000s\000i\000o\000n\000\040\000e\000\040\000R\000e\000c\000a\000l\000l}{chapter.6}% 76
\BOOKMARK [1][-]{section.6.4}{\376\377\000A\000c\000c\000u\000r\000a\000c\000y}{chapter.6}% 77
\BOOKMARK [1][-]{section.6.5}{\376\377\000F\0001\000-\000M\000e\000a\000s\000u\000r\000e}{chapter.6}% 78
\BOOKMARK [1][-]{section.6.6}{\376\377\000F\000-\000M\000e\000a\000s\000u\000r\000e\000\040\000\050\000F\000-\000M\000e\000a\000s\000u\000r\000e\000\040\000p\000a\000r\000a\000m\000e\000t\000r\000i\000z\000z\000a\000t\000a\000\051}{chapter.6}% 79
\BOOKMARK [1][-]{section.6.7}{\376\377\000C\000u\000r\000v\000a\000\040\000d\000i\000\040\000P\000r\000e\000c\000i\000s\000i\000o\000n\000-\000R\000e\000c\000a\000l\000l}{chapter.6}% 80
\BOOKMARK [2][-]{subsection.6.7.1}{\376\377\000I\000n\000t\000e\000r\000p\000o\000l\000a\000z\000i\000o\000n\000e\000\040\000d\000e\000l\000l\000a\000\040\000C\000u\000r\000v\000a\000\040\000d\000i\000\040\000P\000r\000e\000c\000i\000s\000i\000o\000n\000-\000R\000e\000c\000a\000l\000l}{section.6.7}% 81
\BOOKMARK [1][-]{section.6.8}{\376\377\000P\000r\000e\000c\000i\000s\000i\000o\000n\000\040\000@\000\040\000k}{chapter.6}% 82
\BOOKMARK [1][-]{section.6.9}{\376\377\000A\000v\000e\000r\000a\000g\000e\000\040\000P\000r\000e\000c\000i\000s\000i\000o\000n}{chapter.6}% 83
\BOOKMARK [1][-]{section.6.10}{\376\377\000M\000e\000a\000n\000\040\000A\000v\000e\000r\000a\000g\000e\000\040\000P\000r\000e\000c\000i\000s\000i\000o\000n\000\040\000\050\000M\000A\000P\000\051}{chapter.6}% 84
\BOOKMARK [1][-]{section.6.11}{\376\377\000G\000e\000o\000m\000e\000t\000r\000i\000c\000\040\000M\000e\000a\000n\000\040\000A\000v\000e\000r\000a\000g\000e\000\040\000P\000r\000e\000c\000i\000s\000i\000o\000n\000\040\000\050\000G\000M\000A\000P\000\051}{chapter.6}% 85
\BOOKMARK [1][-]{section.6.12}{\376\377\000R\000-\000P\000r\000e\000c\000i\000s\000i\000o\000n}{chapter.6}% 86
\BOOKMARK [1][-]{section.6.13}{\376\377\000M\000e\000a\000n\000\040\000R\000e\000c\000i\000p\000r\000o\000c\000a\000l\000\040\000R\000a\000n\000k\000\040\000\050\000M\000R\000R\000\051}{chapter.6}% 87
\BOOKMARK [1][-]{section.6.14}{\376\377\000G\000r\000a\000d\000e\000d\000\040\000N\000o\000n\000\040\000B\000i\000n\000a\000r\000y\000\040\000R\000e\000l\000e\000v\000a\000n\000c\000e}{chapter.6}% 88
\BOOKMARK [2][-]{subsection.6.14.1}{\376\377\000D\000i\000s\000c\000o\000u\000n\000t\000e\000d\000\040\000C\000u\000m\000u\000l\000a\000t\000i\000v\000e\000\040\000G\000a\000i\000n\000\040\000\050\000D\000C\000G\000\051}{section.6.14}% 89
\BOOKMARK [2][-]{subsection.6.14.2}{\376\377\000D\000C\000G\000\040\000C\000u\000r\000v\000e\000s}{section.6.14}% 90
\BOOKMARK [2][-]{subsection.6.14.3}{\376\377\000I\000d\000e\000a\000l\000\040\000C\000G\000\040\000a\000n\000d\000\040\000D\000C\000G}{section.6.14}% 91
\BOOKMARK [2][-]{subsection.6.14.4}{\376\377\000M\000e\000d\000i\000a\000\040\000d\000e\000l\000l\000e\000\040\000M\000e\000t\000r\000i\000c\000h\000e\000\040\000I\000C\000G\000\040\000e\000\040\000I\000D\000C\000G}{section.6.14}% 92
\BOOKMARK [2][-]{subsection.6.14.5}{\376\377\000N\000o\000r\000m\000a\000l\000i\000z\000z\000a\000z\000i\000o\000n\000e\000\040\000d\000e\000l\000l\000a\000\040\000D\000C\000G}{section.6.14}% 93
\BOOKMARK [2][-]{subsection.6.14.6}{\376\377\000D\000i\000s\000c\000u\000s\000s\000i\000o\000n\000e\000\040\000s\000u\000l\000l\000e\000\040\000M\000e\000t\000r\000i\000c\000h\000e\000\040\000d\000i\000\040\000R\000i\000l\000e\000v\000a\000n\000z\000a\000\040\000G\000r\000a\000d\000u\000a\000l\000e}{section.6.14}% 94
\BOOKMARK [1][-]{section.6.15}{\376\377\000M\000e\000t\000r\000i\000c\000h\000e\000\040\000d\000i\000\040\000C\000o\000r\000r\000e\000l\000a\000z\000i\000o\000n\000e\000\040\000d\000e\000i\000\040\000R\000a\000n\000k\000i\000n\000g}{chapter.6}% 95
\BOOKMARK [2][-]{subsection.6.15.1}{\376\377\000S\000p\000e\000a\000r\000m\000a\000n\000'\000s\000\040\000R\000a\000n\000k\000\040\000C\000o\000r\000r\000e\000l\000a\000t\000i\000o\000n\000\040\000C\000o\000e\000f\000f\000i\000c\000i\000e\000n\000t}{section.6.15}% 96
\BOOKMARK [2][-]{subsection.6.15.2}{\376\377\000K\000e\000n\000d\000a\000l\000l\000'\000s\000\040\000T\000a\000u\000\040\000R\000a\000n\000k\000\040\000C\000o\000r\000r\000e\000l\000a\000t\000i\000o\000n\000\040\000C\000o\000e\000f\000f\000i\000c\000i\000e\000n\000t}{section.6.15}% 97
\BOOKMARK [1][-]{section.6.16}{\376\377\000E\000s\000e\000r\000c\000i\000z\000i}{chapter.6}% 98
\BOOKMARK [0][-]{chapter.7}{\376\377\000T\000e\000x\000t\000\040\000C\000a\000t\000e\000g\000o\000r\000i\000z\000a\000t\000i\000o\000n}{}% 99
\BOOKMARK [1][-]{section.7.1}{\376\377\000M\000a\000c\000h\000i\000n\000e\000\040\000L\000e\000a\000r\000n\000i\000n\000g}{chapter.7}% 100
\BOOKMARK [2][-]{subsection.7.1.1}{\376\377\000M\000a\000c\000h\000i\000n\000e\000\040\000L\000e\000a\000r\000n\000i\000n\000g\000\040\000p\000e\000r\000\040\000l\000a\000\040\000T\000e\000x\000t\000\040\000C\000a\000t\000e\000g\000o\000r\000i\000z\000a\000t\000i\000o\000n}{section.7.1}% 101
\BOOKMARK [1][-]{section.7.2}{\376\377\000I\000l\000\040\000p\000r\000o\000b\000l\000e\000m\000a\000\040\000d\000e\000l\000l\000a\000\040\000T\000e\000x\000t\000\040\000C\000a\000t\000e\000g\000o\000r\000i\000z\000a\000t\000i\000o\000n}{chapter.7}% 102
\BOOKMARK [1][-]{section.7.3}{\376\377\000T\000r\000a\000i\000n\000\040\000e\000\040\000T\000e\000s\000t}{chapter.7}% 103
\BOOKMARK [1][-]{section.7.4}{\376\377\000I\000n\000d\000i\000c\000i\000z\000z\000a\000z\000i\000o\000n\000e}{chapter.7}% 104
\BOOKMARK [2][-]{subsection.7.4.1}{\376\377\000R\000i\000d\000u\000z\000i\000o\000n\000e\000\040\000d\000e\000l\000l\000a\000\040\000D\000i\000m\000e\000n\000s\000i\000o\000n\000a\000l\000i\000t\000\340}{section.7.4}% 105
\BOOKMARK [1][-]{section.7.5}{\376\377\000R\000e\000l\000e\000v\000a\000n\000c\000e\000\040\000F\000e\000e\000d\000b\000a\000c\000k\000\040\000p\000e\000r\000\040\000l\000a\000\040\000T\000e\000x\000t\000\040\000C\000a\000t\000e\000g\000o\000r\000i\000z\000a\000t\000i\000o\000n}{chapter.7}% 106
\BOOKMARK [2][-]{subsection.7.5.1}{\376\377\000C\000l\000a\000s\000s\000i\000f\000i\000c\000a\000t\000o\000r\000e\000\040\000d\000i\000\040\000R\000o\000c\000c\000h\000i\000o}{section.7.5}% 107
\BOOKMARK [1][-]{section.7.6}{\376\377\000A\000l\000b\000e\000r\000i\000\040\000d\000i\000\040\000D\000e\000c\000i\000s\000i\000o\000n\000e}{chapter.7}% 108
\BOOKMARK [1][-]{section.7.7}{\376\377\000R\000e\000g\000o\000l\000e\000\040\000d\000i\000\040\000D\000e\000c\000i\000s\000i\000o\000n\000e}{chapter.7}% 109
\BOOKMARK [1][-]{section.7.8}{\376\377\000N\000e\000a\000r\000e\000s\000t\000-\000N\000e\000i\000g\000h\000b\000o\000r\000\040\000L\000e\000a\000r\000n\000i\000n\000g\000\040\000A\000l\000g\000o\000r\000i\000t\000h\000m}{chapter.7}% 110
\BOOKMARK [1][-]{section.7.9}{\376\377\000K\000-\000N\000e\000a\000r\000e\000s\000t\000\040\000N\000e\000i\000g\000h\000b\000o\000r\000\040\000\050\000k\000-\000N\000N\000\051}{chapter.7}% 111
\BOOKMARK [1][-]{section.7.10}{\376\377\000C\000e\000n\000n\000i\000\040\000d\000i\000\040\000P\000r\000o\000b\000a\000b\000i\000l\000i\000t\000\340}{chapter.7}% 112
\BOOKMARK [1][-]{section.7.11}{\376\377\000M\000e\000t\000o\000d\000o\000\040\000B\000a\000y\000e\000s\000i\000a\000n\000o}{chapter.7}% 113
\BOOKMARK [2][-]{subsection.7.11.1}{\376\377\000P\000r\000e\000v\000e\000n\000z\000i\000o\000n\000e\000\040\000d\000e\000l\000l\000'\000u\000n\000d\000e\000r\000f\000l\000o\000w}{section.7.11}% 114
\BOOKMARK [1][-]{section.7.12}{\376\377\000V\000a\000l\000u\000t\000a\000z\000i\000o\000n\000e\000\040\000d\000i\000\040\000u\000n\000\040\000C\000l\000a\000s\000s\000i\000f\000i\000c\000a\000t\000o\000r\000e}{chapter.7}% 115
\BOOKMARK [1][-]{section.7.13}{\376\377\000K\000-\000F\000o\000l\000d\000\040\000C\000r\000o\000s\000s\000-\000V\000a\000l\000i\000d\000a\000t\000i\000o\000n}{chapter.7}% 116
\BOOKMARK [1][-]{section.7.14}{\376\377\000C\000u\000r\000v\000e\000\040\000d\000i\000\040\000L\000e\000a\000r\000n\000i\000n\000g}{chapter.7}% 117
\BOOKMARK [0][-]{chapter.8}{\376\377\000P\000a\000g\000e\000\040\000R\000a\000n\000k}{}% 118
\BOOKMARK [1][-]{section.8.1}{\376\377\000I\000n\000t\000r\000o\000d\000u\000z\000i\000o\000n\000e}{chapter.8}% 119
\BOOKMARK [1][-]{section.8.2}{\376\377\000L\000i\000n\000k\000s\000\040\000c\000o\000m\000e\000\040\000v\000o\000t\000i}{chapter.8}% 120
\BOOKMARK [1][-]{section.8.3}{\376\377\000F\000o\000r\000m\000u\000l\000a\000z\000i\000o\000n\000e\000\040\000M\000a\000t\000r\000i\000c\000i\000a\000l\000e}{chapter.8}% 121
\BOOKMARK [2][-]{subsection.8.3.1}{\376\377\000M\000e\000t\000o\000d\000o\000\040\000d\000i\000\040\000I\000t\000e\000r\000a\000z\000i\000o\000n\000e\000\040\000d\000e\000l\000l\000e\000\040\000P\000o\000t\000e\000n\000z\000e}{section.8.3}% 122
\BOOKMARK [1][-]{section.8.4}{\376\377\000R\000a\000n\000d\000o\000m\000\040\000W\000a\000l\000k\000\040\000I\000n\000t\000e\000r\000p\000r\000e\000t\000a\000t\000i\000o\000n}{chapter.8}% 123
\BOOKMARK [1][-]{section.8.5}{\376\377\000E\000s\000i\000s\000t\000e\000n\000z\000a\000\040\000e\000\040\000U\000n\000i\000c\000i\000t\000\340\000\040\000d\000e\000l\000\040\000P\000a\000g\000e\000\040\000R\000a\000n\000k}{chapter.8}% 124
\BOOKMARK [1][-]{section.8.6}{\376\377\000F\000o\000r\000m\000u\000l\000a\000z\000i\000o\000n\000e\000\040\000d\000i\000\040\000G\000o\000o\000g\000l\000e}{chapter.8}% 125
\BOOKMARK [2][-]{subsection.8.6.1}{\376\377\000P\000r\000o\000b\000l\000e\000m\000i\000\040\000d\000i\000\040\000c\000o\000n\000v\000e\000r\000g\000e\000n\000z\000a}{section.8.6}% 126
\BOOKMARK [2][-]{subsection.8.6.2}{\376\377\000S\000o\000l\000u\000z\000i\000o\000n\000e\000:\000\040\000R\000a\000n\000d\000o\000m\000\040\000T\000e\000l\000e\000p\000o\000r\000t\000s}{section.8.6}% 127
\BOOKMARK [2][-]{subsection.8.6.3}{\376\377\000S\000o\000l\000u\000z\000i\000o\000n\000e\000:\000\040\000A\000l\000w\000a\000y\000s\000\040\000T\000e\000l\000e\000p\000o\000r\000t}{section.8.6}% 128
\BOOKMARK [1][-]{section.8.7}{\376\377\000R\000e\000n\000d\000e\000r\000e\000\040\000M\000\040\000S\000t\000o\000c\000a\000s\000t\000i\000c\000a}{chapter.8}% 129
\BOOKMARK [1][-]{section.8.8}{\376\377\000R\000e\000n\000d\000e\000r\000e\000\040\000M\000\040\000A\000p\000e\000r\000i\000o\000d\000i\000c\000a}{chapter.8}% 130
\BOOKMARK [1][-]{section.8.9}{\376\377\000R\000e\000n\000d\000e\000r\000e\000\040\000M\000\040\000I\000r\000r\000i\000d\000u\000c\000i\000b\000i\000l\000e}{chapter.8}% 131
\BOOKMARK [1][-]{section.8.10}{\376\377\000R\000a\000n\000d\000o\000m\000\040\000J\000u\000m\000p\000s}{chapter.8}% 132
\BOOKMARK [0][-]{chapter.9}{\376\377\000I\000n\000f\000o\000r\000m\000a\000t\000i\000o\000n\000\040\000F\000i\000l\000t\000e\000r\000i\000n\000g\000\040\000e\000\040\000R\000e\000c\000o\000m\000m\000e\000n\000d\000e\000r\000\040\000S\000y\000s\000t\000e\000m\000s}{}% 133
\BOOKMARK [1][-]{section.9.1}{\376\377\000I\000n\000t\000r\000o\000d\000u\000z\000i\000o\000n\000e}{chapter.9}% 134
\BOOKMARK [2][-]{subsection.9.1.1}{\376\377\000I\000n\000f\000o\000r\000m\000a\000t\000i\000o\000n\000\040\000R\000e\000t\000r\000i\000e\000v\000a\000l\000\040\000v\000s\000.\000\040\000I\000n\000f\000o\000r\000m\000a\000t\000i\000o\000n\000\040\000F\000i\000l\000t\000e\000r\000i\000n\000g}{section.9.1}% 135
\BOOKMARK [2][-]{subsection.9.1.2}{\376\377\000I\000n\000f\000o\000r\000m\000a\000t\000i\000o\000n\000\040\000O\000v\000e\000r\000l\000o\000a\000d}{section.9.1}% 136
\BOOKMARK [2][-]{subsection.9.1.3}{\376\377\000A\000r\000c\000h\000i\000t\000e\000t\000t\000u\000r\000a\000\040\000d\000i\000\040\000u\000n\000\040\000S\000i\000s\000t\000e\000m\000a\000\040\000d\000i\000\040\000I\000F}{section.9.1}% 137
\BOOKMARK [1][-]{section.9.2}{\376\377\000P\000r\000o\000b\000l\000e\000m\000a\000\040\000d\000i\000\040\000R\000e\000c\000o\000m\000m\000e\000n\000d\000a\000t\000i\000o\000n}{chapter.9}% 138
\BOOKMARK [2][-]{subsection.9.2.1}{\376\377\000M\000a\000t\000r\000i\000c\000e\000\040\000d\000i\000\040\000R\000a\000t\000i\000n\000g}{section.9.2}% 139
\BOOKMARK [1][-]{section.9.3}{\376\377\000T\000e\000c\000n\000i\000c\000h\000e\000\040\000d\000i\000\040\000R\000e\000c\000o\000m\000m\000e\000n\000d\000a\000t\000i\000o\000n}{chapter.9}% 140
\BOOKMARK [1][-]{section.9.4}{\376\377\000C\000o\000l\000l\000a\000b\000o\000r\000a\000t\000i\000v\000e\000\040\000F\000i\000l\000t\000e\000r\000i\000n\000g}{chapter.9}% 141
\BOOKMARK [2][-]{subsection.9.4.1}{\376\377\000D\000e\000f\000i\000n\000i\000z\000i\000o\000n\000e\000\040\000d\000e\000l\000\040\000P\000r\000o\000b\000l\000e\000m\000a}{section.9.4}% 142
\BOOKMARK [2][-]{subsection.9.4.2}{\376\377\000U\000s\000e\000r\000-\000b\000a\000s\000e\000d\000\040\000N\000e\000a\000r\000e\000s\000t\000-\000N\000e\000i\000g\000h\000b\000o\000r\000\040\000C\000o\000l\000l\000a\000b\000o\000r\000a\000t\000i\000v\000e\000\040\000F\000i\000l\000t\000e\000r\000i\000n\000g}{section.9.4}% 143
\BOOKMARK [2][-]{subsection.9.4.3}{\376\377\000I\000t\000e\000m\000-\000b\000a\000s\000e\000d\000\040\000C\000o\000l\000l\000a\000b\000o\000r\000a\000t\000i\000v\000e\000\040\000F\000i\000l\000t\000e\000r\000i\000n\000g}{section.9.4}% 144
\BOOKMARK [2][-]{subsection.9.4.4}{\376\377\000R\000a\000t\000i\000n\000g\000s\000\040\000I\000m\000p\000l\000i\000c\000i\000t\000i\000\040\000e\000\040\000E\000s\000p\000l\000i\000c\000i\000t\000i}{section.9.4}% 145
\BOOKMARK [2][-]{subsection.9.4.5}{\376\377\000S\000p\000a\000r\000s\000i\000t\000\340\000\040\000d\000e\000i\000\040\000d\000a\000t\000i}{section.9.4}% 146
\BOOKMARK [2][-]{subsection.9.4.6}{\376\377\000V\000a\000n\000t\000a\000g\000g\000i}{section.9.4}% 147
\BOOKMARK [2][-]{subsection.9.4.7}{\376\377\000S\000v\000a\000n\000t\000a\000g\000g\000i}{section.9.4}% 148
\BOOKMARK [1][-]{section.9.5}{\376\377\000C\000o\000n\000t\000e\000n\000t\000-\000B\000a\000s\000e\000d\000\040\000F\000i\000l\000t\000e\000r\000i\000n\000g}{chapter.9}% 149
\BOOKMARK [2][-]{subsection.9.5.1}{\376\377\000A\000r\000c\000h\000i\000t\000e\000t\000t\000u\000r\000a\000\040\000C\000B\000R\000S}{section.9.5}% 150
\BOOKMARK [2][-]{subsection.9.5.2}{\376\377\000M\000e\000t\000r\000i\000c\000h\000e\000\040\000d\000i\000\040\000S\000i\000m\000i\000l\000a\000r\000i\000t\000\340}{section.9.5}% 151
\BOOKMARK [2][-]{subsection.9.5.3}{\376\377\000L\000i\000m\000i\000t\000a\000z\000i\000o\000n\000i\000\040\000d\000e\000i\000\040\000C\000B\000R\000S\000\040\000e\000\040\000p\000o\000s\000s\000i\000b\000i\000l\000i\000\040\000s\000o\000l\000u\000z\000i\000o\000n\000i}{section.9.5}% 152
\BOOKMARK [2][-]{subsection.9.5.4}{\376\377\000P\000r\000o\000f\000i\000l\000i\000\040\000s\000e\000m\000a\000n\000t\000i\000c\000i\000\040\000p\000e\000r\000\040\000i\000\040\000C\000B\000R\000S}{section.9.5}% 153
\BOOKMARK [1][-]{section.9.6}{\376\377\000V\000a\000l\000u\000t\000a\000z\000i\000o\000n\000e\000\040\000d\000e\000i\000\040\000s\000i\000s\000t\000e\000m\000i\000\040\000d\000i\000\040\000R\000e\000c\000o\000m\000m\000e\000n\000d\000a\000t\000i\000o\000n}{chapter.9}% 154
\BOOKMARK [2][-]{subsection.9.6.1}{\376\377\000D\000e\000s\000i\000g\000n\000\040\000S\000p\000a\000c\000e}{section.9.6}% 155
\BOOKMARK [2][-]{subsection.9.6.2}{\376\377\000Q\000u\000a\000l\000i\000t\000\340\000\040\000d\000i\000\040\000u\000n\000\040\000R\000S}{section.9.6}% 156
\BOOKMARK [2][-]{subsection.9.6.3}{\376\377\000T\000a\000s\000s\000o\000n\000o\000m\000i\000a\000\040\000d\000e\000l\000l\000e\000\040\000t\000e\000c\000n\000i\000c\000h\000e\000\040\000d\000i\000\040\000v\000a\000l\000u\000t\000a\000z\000i\000o\000n\000e}{section.9.6}% 157
